<?xml version="1.0" encoding="UTF-8"?>
<testsuite name="edu.wisc.cs.will.BostonHousingRDNRegressionTest" tests="1" skipped="0" failures="0" errors="0" timestamp="2022-10-20T17:10:11" hostname="Ubuntu" time="8.533">
  <properties/>
  <testcase name="testRDNBostonHousingLearnInfer()" classname="edu.wisc.cs.will.BostonHousingRDNRegressionTest" time="8.533"/>
  <system-out><![CDATA[
% Calling SETUP.

% Switching to VarIndicator = uppercase.

% Unset'ing VarIndicator.

Resetting the LazyGroundNthArgumentClauseIndex.

% Calling ILPouterLoop from createRegressionOuterLooper.

% getInputArgWithDefaultValue: args=[data/boston_housing/train/train_pos.txt, data/boston_housing/train/train_neg.txt, data/boston_housing/train/train_bk.txt, data/boston_housing/train/train_facts.txt]
%  for N=0: args[N]=data/boston_housing/train/train_pos.txt

% getInputArgWithDefaultValue: args=[data/boston_housing/train/train_pos.txt, data/boston_housing/train/train_neg.txt, data/boston_housing/train/train_bk.txt, data/boston_housing/train/train_facts.txt]
%  for N=1: args[N]=data/boston_housing/train/train_neg.txt

% getInputArgWithDefaultValue: args=[data/boston_housing/train/train_pos.txt, data/boston_housing/train/train_neg.txt, data/boston_housing/train/train_bk.txt, data/boston_housing/train/train_facts.txt]
%  for N=2: args[N]=data/boston_housing/train/train_bk.txt

% getInputArgWithDefaultValue: args=[data/boston_housing/train/train_pos.txt, data/boston_housing/train/train_neg.txt, data/boston_housing/train/train_bk.txt, data/boston_housing/train/train_facts.txt]
%  for N=3: args[N]=data/boston_housing/train/train_facts.txt

% Welcome to the WILL ILP/SRL systems.

% Reading background theory from dir: null

% Switching to VarIndicator = uppercase.

***** Warning: % Since this is the first setting of the notation for variables, will keep:
%   variableIndicator = uppercase *****

% [ LazyGroundClauseIndex ]  Building full index for mode/1 with 1 assertions.

%  Read the facts.
%  Have read 5.668 facts.

%  LearnOneClause initialized.

% The outer looper has been created.

% Initializing the ILP inner looper.
% Have read 436 examples from 'data/boston_housing/train' [data/boston_housing/train/train*].

% NEW target:                 medv(A)
%  targetPred:                medv/1
%  targetArgTypes:            signature = [const], types = [+id]
%  targets:                   [medv(A)]
%  targetPredicates:          [medv/1]
%  targetArgSpecs:            [[A[+id]]]
%  variablesInTargets:        [[A]]

% Started collecting constants

% Collecting the types of constants.

%   *** WARNING ***  Constant '1' is already marked as being of types = [varsrim];
%          type = 'varindus' may be added if not already known.
%  PredicateName = 'indus', from 'indus(id100, 1)',
%  which has types = [signature = [const, const], types = [+id, #varindus]]
%   Other warnings with this predicate and this new type are not reported in order to keep this printout small.  Use dontComplainAboutMultipleTypes to override.

%   *** WARNING ***  Constant '0' is already marked as being of types = [varzn];
%          type = 'varchas' may be added if not already known.
%  PredicateName = 'chas', from 'chas(id1, 0)',
%  which has types = [signature = [const, const], types = [+id, #varchas]]
%   Other warnings with this predicate and this new type are not reported in order to keep this printout small.  Use dontComplainAboutMultipleTypes to override.

%   *** WARNING ***  Constant '2' is already marked as being of types = [varsrim, varindus];
%          type = 'varnox' may be added if not already known.
%  PredicateName = 'nox', from 'nox(id100, 2)',
%  which has types = [signature = [const, const], types = [+id, #varnox]]
%   Other warnings with this predicate and this new type are not reported in order to keep this printout small.  Use dontComplainAboutMultipleTypes to override.

%   *** WARNING ***  Constant '3' is already marked as being of types = [varsrim, varindus, varnox];
%          type = 'varrm' may be added if not already known.
%  PredicateName = 'rm', from 'rm(id100, 3)',
%  which has types = [signature = [const, const], types = [+id, #varrm]]
%   Other warnings with this predicate and this new type are not reported in order to keep this printout small.  Use dontComplainAboutMultipleTypes to override.

%   *** WARNING ***  Constant '1' is already marked as being of types = [varsrim, varindus, varchas, varnox, varrm];
%          type = 'varage' may be added if not already known.
%  PredicateName = 'age', from 'age(id100, 1)',
%  which has types = [signature = [const, const], types = [+id, #varage]]
%   Other warnings with this predicate and this new type are not reported in order to keep this printout small.  Use dontComplainAboutMultipleTypes to override.

%   *** WARNING ***  Constant '4' is already marked as being of types = [varsrim, varindus, varnox, varrm, varage];
%          type = 'vardis' may be added if not already known.
%  PredicateName = 'dis', from 'dis(id100, 4)',
%  which has types = [signature = [const, const], types = [+id, #vardis]]
%   Other warnings with this predicate and this new type are not reported in order to keep this printout small.  Use dontComplainAboutMultipleTypes to override.

%   *** WARNING ***  Constant '2' is already marked as being of types = [varsrim, varindus, varnox, varrm, varage, vardis];
%          type = 'varrad' may be added if not already known.
%  PredicateName = 'rad', from 'rad(id100, 2)',
%  which has types = [signature = [const, const], types = [+id, #varrad]]
%   Other warnings with this predicate and this new type are not reported in order to keep this printout small.  Use dontComplainAboutMultipleTypes to override.

%   *** WARNING ***  Constant '2' is already marked as being of types = [varsrim, varindus, varnox, varrm, varage, vardis, varrad];
%          type = 'varptrat' may be added if not already known.
%  PredicateName = 'ptratio', from 'ptratio(id100, 2)',
%  which has types = [signature = [const, const], types = [+id, #varptrat]]
%   Other warnings with this predicate and this new type are not reported in order to keep this printout small.  Use dontComplainAboutMultipleTypes to override.

%   *** WARNING ***  Constant '1' is already marked as being of types = [varsrim, varindus, varchas, varnox, varrm, varage, vardis, varrad, varptrat];
%          type = 'varb' may be added if not already known.
%  PredicateName = 'b', from 'b(id100, 1)',
%  which has types = [signature = [const, const], types = [+id, #varb]]
%   Other warnings with this predicate and this new type are not reported in order to keep this printout small.  Use dontComplainAboutMultipleTypes to override.

%   *** WARNING ***  Constant '1' is already marked as being of types = [varsrim, varindus, varchas, varnox, varrm, varage, vardis, varrad, varptrat, varb];
%          type = 'varlstat' may be added if not already known.
%  PredicateName = 'lstat', from 'lstat(id100, 1)',
%  which has types = [signature = [const, const], types = [+id, #varlstat]]
%   Other warnings with this predicate and this new type are not reported in order to keep this printout small.  Use dontComplainAboutMultipleTypes to override.

% Looking at the training examples to see if any types of new constants can be inferred.
% Time to collect constants: 51 milliseconds

% Read 436 pos examples and 0 neg examples.
% Time to init learnOneClause: 68 milliseconds
% Old dirnull
Setting model dir

% Have 436 'raw' positive examples and kept 436.
% Have 0 'raw' negative examples and kept 0.
% No neg ex for medv

% processing backup's for medv
%  POS EX = 436
%  NEG EX = 0

% Memory usage by WILLSetup (just counts # targets?):
%  |backupPosExamples| = 1
%  |backupNegExamples| = 1
%  |predicatesAsFacts| = 0
%  |addedToFactBase|   = 0
data/boston_housing/train/models/

% Learn model for: medv
% Kept 436 of the 436 positive examples.
% Kept 0 of the 0 negative examples.
% Have prepared facts.
%      addToQueueOfTreeStructuredLearningTasks (level=0; score=1,797693135e+308)
%         ILP node to extend: null
%      Insert tree-structured search node (@ level = 0 and with score = 1,797693135e+308) into the LAST position (#1) in the search queue.
Variance:90.91398930014282
Set score:0.0025
% Dataset size: 436
Computing probabilities
prob time:2 milliseconds
No hidden examples for : medv
Time to build dataset: 4 milliseconds
%      addToQueueOfTreeStructuredLearningTasks (level=0; score=1,797693135e+308)
%         ILP node to extend: null
%      Insert tree-structured search node (@ level = 0 and with score = 1,797693135e+308) into the LAST position (#1) in the search queue.
Variance:90.91398930014282
Set score:0.0025

% Have these 10 positive seeds: 29 65 90 97 162 194 226 230 267 272

% LearnOneClause Parameters:
%   Targets (1):
%    medv(+id)
%  Modes (13):
%    crim(+id, #varsrim),
%    zn(+id, #varzn),
%    indus(+id, #varindus),
%    chas(+id, #varchas),
%    nox(+id, #varnox),
%    rm(+id, #varrm),
%    age(+id, #varage),
%    dis(+id, #vardis),
%    rad(+id, #varrad),
%    tax(+id, #vartax),
%    ptratio(+id, #varptrat),
%    b(+id, #varb),
%    lstat(+id, #varlstat)

% target           = medv(A)
%     Score = -Infinity (regressionFit = Infinity, penalties=1.1E-7) for clause:  medv(_).  [covers 436,0/436,0 pos, 0,0/0,0 neg]
% Unacceptable due to being the root node.
% Most-general root: medv(_).  [covers 436,0/436,0 pos, 0,0/0,0 neg]  score = -Infinity
% [ LazyGroundNthArgumentClauseIndex ]  Argument 0:  Building full index for crim/2.
% [ LazyGroundClauseIndex ]  Building full index for crim/2 with 436 assertions.
% [ LazyGroundNthArgumentClauseIndex ]  Argument 0:  Building full index for zn/2.
% [ LazyGroundClauseIndex ]  Building full index for zn/2 with 436 assertions.
% [ LazyGroundNthArgumentClauseIndex ]  Argument 0:  Building full index for indus/2.
% [ LazyGroundClauseIndex ]  Building full index for indus/2 with 436 assertions.
% [ LazyGroundNthArgumentClauseIndex ]  Argument 0:  Building full index for chas/2.
% [ LazyGroundClauseIndex ]  Building full index for chas/2 with 436 assertions.
% [ LazyGroundNthArgumentClauseIndex ]  Argument 0:  Building full index for nox/2.
% [ LazyGroundClauseIndex ]  Building full index for nox/2 with 436 assertions.
% [ LazyGroundNthArgumentClauseIndex ]  Argument 0:  Building full index for rm/2.
% [ LazyGroundClauseIndex ]  Building full index for rm/2 with 436 assertions.
% [ LazyGroundNthArgumentClauseIndex ]  Argument 0:  Building full index for age/2.
% [ LazyGroundClauseIndex ]  Building full index for age/2 with 436 assertions.
% [ LazyGroundNthArgumentClauseIndex ]  Argument 0:  Building full index for dis/2.
% [ LazyGroundClauseIndex ]  Building full index for dis/2 with 436 assertions.
% [ LazyGroundNthArgumentClauseIndex ]  Argument 0:  Building full index for rad/2.
% [ LazyGroundClauseIndex ]  Building full index for rad/2 with 436 assertions.
% [ LazyGroundNthArgumentClauseIndex ]  Argument 0:  Building full index for tax/2.
% [ LazyGroundClauseIndex ]  Building full index for tax/2 with 436 assertions.
% [ LazyGroundNthArgumentClauseIndex ]  Argument 0:  Building full index for ptratio/2.
% [ LazyGroundClauseIndex ]  Building full index for ptratio/2 with 436 assertions.
% [ LazyGroundNthArgumentClauseIndex ]  Argument 0:  Building full index for b/2.
% [ LazyGroundClauseIndex ]  Building full index for b/2 with 436 assertions.
% [ LazyGroundNthArgumentClauseIndex ]  Argument 0:  Building full index for lstat/2.
% [ LazyGroundClauseIndex ]  Building full index for lstat/2 with 436 assertions.
%     Score = -38.882,625340 (regressionFit = 38.882,625339, penalties=1.03E-6) for clause:  medv(A) :- crim(A, 2).  [covers 51,0/436,0 pos, 0,0/0,0 neg]
% Gleaner: New best node found (score = -38.882,625340): medv(A) :- crim(A, 2).  [covers 51,0/436,0 pos, 0,0/0,0 neg]
%     Score = -39.638,483808 (regressionFit = 39.638,483807, penalties=1.03E-6) for clause:  medv(A) :- crim(A, 5).  [covers 49,0/436,0 pos, 0,0/0,0 neg]
%     Score = -39.638,468162 (regressionFit = 39.638,468161, penalties=1.03E-6) for clause:  medv(A) :- crim(A, 3).  [covers 47,0/436,0 pos, 0,0/0,0 neg]
%     Score = -39.500,127853 (regressionFit = 39.500,127852, penalties=1.03E-6) for clause:  medv(A) :- crim(A, 4).  [covers 41,0/436,0 pos, 0,0/0,0 neg]
%     Score = -39.272,609528 (regressionFit = 39.272,609527, penalties=1.03E-6) for clause:  medv(A) :- crim(A, 6).  [covers 43,0/436,0 pos, 0,0/0,0 neg]
%     Score = -39.590,451598 (regressionFit = 39.590,451597, penalties=1.03E-6) for clause:  medv(A) :- crim(A, 8).  [covers 32,0/436,0 pos, 0,0/0,0 neg]
%     Score = -37.633,240561 (regressionFit = 37.633,240560, penalties=1.03E-6) for clause:  medv(A) :- crim(A, 1).  [covers 49,0/436,0 pos, 0,0/0,0 neg]
% Gleaner: New best node found (score = -37.633,240561): medv(A) :- crim(A, 1).  [covers 49,0/436,0 pos, 0,0/0,0 neg]
%     Score = -34.695,563004 (regressionFit = 34.695,563003, penalties=1.03E-6) for clause:  medv(A) :- zn(A, 0).  [covers 307,0/436,0 pos, 0,0/0,0 neg]
% Gleaner: New best node found (score = -34.695,563004): medv(A) :- zn(A, 0).  [covers 307,0/436,0 pos, 0,0/0,0 neg]
%     Score = -38.996,512520 (regressionFit = 38.996,512519, penalties=1.03E-6) for clause:  medv(A) :- zn(A, 45).  [covers 6,0/436,0 pos, 0,0/0,0 neg]
%     Score = -39.571,765455 (regressionFit = 39.571,765454, penalties=1.03E-6) for clause:  medv(A) :- zn(A, 22).  [covers 9,0/436,0 pos, 0,0/0,0 neg]
%     Score = -39.315,392215 (regressionFit = 39.315,392214, penalties=1.03E-6) for clause:  medv(A) :- zn(A, 40).  [covers 7,0/436,0 pos, 0,0/0,0 neg]
%     Score = -39.356,067501 (regressionFit = 39.356,067500, penalties=1.03E-6) for clause:  medv(A) :- zn(A, 33).  [covers 4,0/436,0 pos, 0,0/0,0 neg]
%     Score = -39.619,022403 (regressionFit = 39.619,022402, penalties=1.03E-6) for clause:  medv(A) :- zn(A, 55).  [covers 3,0/436,0 pos, 0,0/0,0 neg]
%     Score = -39.291,723126 (regressionFit = 39.291,723125, penalties=1.03E-6) for clause:  medv(A) :- zn(A, 80).  [covers 14,0/436,0 pos, 0,0/0,0 neg]
%     Score = -39.062,758165 (regressionFit = 39.062,758164, penalties=1.03E-6) for clause:  medv(A) :- indus(A, 8).  [covers 21,0/436,0 pos, 0,0/0,0 neg]
%     Score = -39.631,729726 (regressionFit = 39.631,729725, penalties=1.03E-6) for clause:  medv(A) :- indus(A, 9).  [covers 29,0/436,0 pos, 0,0/0,0 neg]
%     Score = -35.626,344947 (regressionFit = 35.626,344946, penalties=1.03E-6) for clause:  medv(A) :- indus(A, 1).  [covers 48,0/436,0 pos, 0,0/0,0 neg]
%     Score = -36.297,050048 (regressionFit = 36.297,050047, penalties=1.03E-6) for clause:  medv(A) :- indus(A, 4).  [covers 49,0/436,0 pos, 0,0/0,0 neg]
%     Score = -39.638,397802 (regressionFit = 39.638,397801, penalties=1.03E-6) for clause:  medv(A) :- indus(A, 5).  [covers 48,0/436,0 pos, 0,0/0,0 neg]
%     Score = -38.605,364995 (regressionFit = 38.605,364994, penalties=1.03E-6) for clause:  medv(A) :- indus(A, 2).  [covers 51,0/436,0 pos, 0,0/0,0 neg]
%     Score = -39.505,053776 (regressionFit = 39.505,053775, penalties=1.03E-6) for clause:  medv(A) :- indus(A, 6).  [covers 36,0/436,0 pos, 0,0/0,0 neg]
%     Score = -38.577,904001 (regressionFit = 38.577,904000, penalties=1.03E-6) for clause:  medv(A) :- chas(A, 0).  [covers 401,0/436,0 pos, 0,0/0,0 neg]
%     Score = -38.577,904001 (regressionFit = 38.577,904000, penalties=1.03E-6) for clause:  medv(A) :- chas(A, 1).  [covers 35,0/436,0 pos, 0,0/0,0 neg]
%     Score = -39.461,939144 (regressionFit = 39.461,939143, penalties=1.03E-6) for clause:  medv(A) :- nox(A, 7).  [covers 32,0/436,0 pos, 0,0/0,0 neg]
%     Score = -37.626,311286 (regressionFit = 37.626,311285, penalties=1.03E-6) for clause:  medv(A) :- nox(A, 9).  [covers 42,0/436,0 pos, 0,0/0,0 neg]
%     Score = -38.164,984537 (regressionFit = 38.164,984536, penalties=1.03E-6) for clause:  medv(A) :- nox(A, 4).  [covers 48,0/436,0 pos, 0,0/0,0 neg]
%     Score = -39.428,299302 (regressionFit = 39.428,299301, penalties=1.03E-6) for clause:  medv(A) :- nox(A, 5).  [covers 50,0/436,0 pos, 0,0/0,0 neg]
%     Score = -38.931,488693 (regressionFit = 38.931,488692, penalties=1.03E-6) for clause:  medv(A) :- nox(A, 2).  [covers 48,0/436,0 pos, 0,0/0,0 neg]
%     Score = -38.737,679697 (regressionFit = 38.737,679696, penalties=1.03E-6) for clause:  medv(A) :- nox(A, 1).  [covers 47,0/436,0 pos, 0,0/0,0 neg]
%     Score = -38.918,693679 (regressionFit = 38.918,693678, penalties=1.03E-6) for clause:  medv(A) :- rm(A, 8).  [covers 45,0/436,0 pos, 0,0/0,0 neg]
%     Score = -39.337,639541 (regressionFit = 39.337,639540, penalties=1.03E-6) for clause:  medv(A) :- rm(A, 1).  [covers 43,0/436,0 pos, 0,0/0,0 neg]
%     Score = -39.237,214598 (regressionFit = 39.237,214597, penalties=1.03E-6) for clause:  medv(A) :- rm(A, 6).  [covers 43,0/436,0 pos, 0,0/0,0 neg]
%     Score = -39.236,069996 (regressionFit = 39.236,069995, penalties=1.03E-6) for clause:  medv(A) :- rm(A, 2).  [covers 44,0/436,0 pos, 0,0/0,0 neg]
%     Score = -37.701,638091 (regressionFit = 37.701,638090, penalties=1.03E-6) for clause:  medv(A) :- rm(A, 4).  [covers 46,0/436,0 pos, 0,0/0,0 neg]
%     Score = -23.480,474260 (regressionFit = 23.480,474259, penalties=1.03E-6) for clause:  medv(A) :- rm(A, 3).  [covers 48,0/436,0 pos, 0,0/0,0 neg]
% Gleaner: New best node found (score = -23.480,474260): medv(A) :- rm(A, 3).  [covers 48,0/436,0 pos, 0,0/0,0 neg]
%     Score = -36.786,815820 (regressionFit = 36.786,815819, penalties=1.03E-6) for clause:  medv(A) :- rm(A, 9).  [covers 44,0/436,0 pos, 0,0/0,0 neg]
%     Score = -39.264,324993 (regressionFit = 39.264,324992, penalties=1.03E-6) for clause:  medv(A) :- age(A, 5).  [covers 41,0/436,0 pos, 0,0/0,0 neg]
%     Score = -37.201,871597 (regressionFit = 37.201,871596, penalties=1.03E-6) for clause:  medv(A) :- age(A, 6).  [covers 48,0/436,0 pos, 0,0/0,0 neg]
%     Score = -39.413,493707 (regressionFit = 39.413,493706, penalties=1.03E-6) for clause:  medv(A) :- age(A, 1).  [covers 43,0/436,0 pos, 0,0/0,0 neg]
%     Score = -38.514,302075 (regressionFit = 38.514,302074, penalties=1.03E-6) for clause:  medv(A) :- age(A, 8).  [covers 49,0/436,0 pos, 0,0/0,0 neg]
%     Score = -39.446,839830 (regressionFit = 39.446,839829, penalties=1.03E-6) for clause:  medv(A) :- age(A, 3).  [covers 46,0/436,0 pos, 0,0/0,0 neg]
%     Score = -39.492,330687 (regressionFit = 39.492,330686, penalties=1.03E-6) for clause:  medv(A) :- age(A, 4).  [covers 37,0/436,0 pos, 0,0/0,0 neg]
%     Score = -39.604,062463 (regressionFit = 39.604,062462, penalties=1.03E-6) for clause:  medv(A) :- dis(A, 8).  [covers 42,0/436,0 pos, 0,0/0,0 neg]
%     Score = -37.266,455873 (regressionFit = 37.266,455872, penalties=1.03E-6) for clause:  medv(A) :- dis(A, 9).  [covers 43,0/436,0 pos, 0,0/0,0 neg]
%     Score = -39.629,781185 (regressionFit = 39.629,781184, penalties=1.03E-6) for clause:  medv(A) :- dis(A, 7).  [covers 29,0/436,0 pos, 0,0/0,0 neg]
%     Score = -38.980,541901 (regressionFit = 38.980,541899, penalties=1.03E-6) for clause:  medv(A) :- dis(A, 2).  [covers 50,0/436,0 pos, 0,0/0,0 neg]
%     Score = -39.463,716798 (regressionFit = 39.463,716797, penalties=1.03E-6) for clause:  medv(A) :- dis(A, 5).  [covers 46,0/436,0 pos, 0,0/0,0 neg]
%     Score = -38.756,088525 (regressionFit = 38.756,088524, penalties=1.03E-6) for clause:  medv(A) :- dis(A, 6).  [covers 32,0/436,0 pos, 0,0/0,0 neg]
%     Score = -39.398,550879 (regressionFit = 39.398,550878, penalties=1.03E-6) for clause:  medv(A) :- dis(A, 3).  [covers 50,0/436,0 pos, 0,0/0,0 neg]
%     Score = -39.277,358952 (regressionFit = 39.277,358951, penalties=1.03E-6) for clause:  medv(A) :- rad(A, 2).  [covers 23,0/436,0 pos, 0,0/0,0 neg]
%     Score = -38.686,454048 (regressionFit = 38.686,454047, penalties=1.03E-6) for clause:  medv(A) :- rad(A, 5).  [covers 112,0/436,0 pos, 0,0/0,0 neg]
%     Score = -38.771,365965 (regressionFit = 38.771,365964, penalties=1.03E-6) for clause:  medv(A) :- rad(A, 3).  [covers 37,0/436,0 pos, 0,0/0,0 neg]
%     Score = -39.323,052852 (regressionFit = 39.323,052851, penalties=1.03E-6) for clause:  medv(A) :- rad(A, 7).  [covers 16,0/436,0 pos, 0,0/0,0 neg]
%     Score = -39.459,259956 (regressionFit = 39.459,259954, penalties=1.03E-6) for clause:  medv(A) :- rad(A, 4).  [covers 101,0/436,0 pos, 0,0/0,0 neg]
%     Score = -39.539,402678 (regressionFit = 39.539,402677, penalties=1.03E-6) for clause:  medv(A) :- tax(A, 188).  [covers 7,0/436,0 pos, 0,0/0,0 neg]
%     Score = -39.631,729726 (regressionFit = 39.631,729725, penalties=1.03E-6) for clause:  medv(A) :- tax(A, 403).  [covers 29,0/436,0 pos, 0,0/0,0 neg]
%     Score = -38.252,905492 (regressionFit = 38.252,905491, penalties=1.03E-6) for clause:  medv(A) :- tax(A, 193).  [covers 8,0/436,0 pos, 0,0/0,0 neg]
%     Score = -39.420,217776 (regressionFit = 39.420,217775, penalties=1.03E-6) for clause:  medv(A) :- tax(A, 398).  [covers 12,0/436,0 pos, 0,0/0,0 neg]
%     Score = -39.571,765455 (regressionFit = 39.571,765454, penalties=1.03E-6) for clause:  medv(A) :- tax(A, 330).  [covers 9,0/436,0 pos, 0,0/0,0 neg]
%     Score = -39.246,876873 (regressionFit = 39.246,876872, penalties=1.03E-6) for clause:  medv(A) :- tax(A, 254).  [covers 5,0/436,0 pos, 0,0/0,0 neg]
%     Score = -39.075,442505 (regressionFit = 39.075,442504, penalties=1.03E-6) for clause:  medv(A) :- tax(A, 222).  [covers 7,0/436,0 pos, 0,0/0,0 neg]
%     Score = -39.497,238969 (regressionFit = 39.497,238968, penalties=1.03E-6) for clause:  medv(A) :- tax(A, 304).  [covers 14,0/436,0 pos, 0,0/0,0 neg]
%     Score = -Infinity (regressionFit = Infinity, penalties=1.03E-6) for clause:  medv(A) :- tax(A, 370).  [covers 2,0/436,0 pos, 0,0/0,0 neg]
%     Score = -Infinity (regressionFit = Infinity, penalties=1.03E-6) for clause:  medv(A) :- tax(A, 280).  [covers 1,0/436,0 pos, 0,0/0,0 neg]
%     Score = -39.637,264034 (regressionFit = 39.637,264033, penalties=1.03E-6) for clause:  medv(A) :- ptratio(A, 5).  [covers 42,0/436,0 pos, 0,0/0,0 neg]
%     Score = -36.925,257034 (regressionFit = 36.925,257033, penalties=1.03E-6) for clause:  medv(A) :- ptratio(A, 9).  [covers 50,0/436,0 pos, 0,0/0,0 neg]
%     Score = -38.966,688041 (regressionFit = 38.966,688040, penalties=1.03E-6) for clause:  medv(A) :- ptratio(A, 2).  [covers 47,0/436,0 pos, 0,0/0,0 neg]
%     Score = -38.780,620084 (regressionFit = 38.780,620083, penalties=1.03E-6) for clause:  medv(A) :- ptratio(A, 1).  [covers 45,0/436,0 pos, 0,0/0,0 neg]
%     Score = -39.612,829726 (regressionFit = 39.612,829724, penalties=1.03E-6) for clause:  medv(A) :- ptratio(A, 3).  [covers 51,0/436,0 pos, 0,0/0,0 neg]
%     Score = -38.628,749898 (regressionFit = 38.628,749897, penalties=1.03E-6) for clause:  medv(A) :- ptratio(A, 6).  [covers 48,0/436,0 pos, 0,0/0,0 neg]
%     Score = -38.737,874029 (regressionFit = 38.737,874028, penalties=1.03E-6) for clause:  medv(A) :- b(A, 5).  [covers 46,0/436,0 pos, 0,0/0,0 neg]
%     Score = -39.276,288528 (regressionFit = 39.276,288527, penalties=1.03E-6) for clause:  medv(A) :- b(A, 9).  [covers 41,0/436,0 pos, 0,0/0,0 neg]
%     Score = -39.157,831192 (regressionFit = 39.157,831191, penalties=1.03E-6) for clause:  medv(A) :- b(A, 1).  [covers 102,0/436,0 pos, 0,0/0,0 neg]
%     Score = -39.164,167220 (regressionFit = 39.164,167219, penalties=1.03E-6) for clause:  medv(A) :- b(A, 8).  [covers 46,0/436,0 pos, 0,0/0,0 neg]
%     Score = -39.176,403309 (regressionFit = 39.176,403308, penalties=1.03E-6) for clause:  medv(A) :- b(A, 2).  [covers 40,0/436,0 pos, 0,0/0,0 neg]
%     Score = -39.108,046458 (regressionFit = 39.108,046457, penalties=1.03E-6) for clause:  medv(A) :- b(A, 6).  [covers 47,0/436,0 pos, 0,0/0,0 neg]
%     Score = -38.001,294509 (regressionFit = 38.001,294508, penalties=1.03E-6) for clause:  medv(A) :- lstat(A, 7).  [covers 38,0/436,0 pos, 0,0/0,0 neg]
%     Score = -38.800,377476 (regressionFit = 38.800,377475, penalties=1.03E-6) for clause:  medv(A) :- lstat(A, 9).  [covers 46,0/436,0 pos, 0,0/0,0 neg]
%     Score = -39.453,241329 (regressionFit = 39.453,241328, penalties=1.03E-6) for clause:  medv(A) :- lstat(A, 2).  [covers 45,0/436,0 pos, 0,0/0,0 neg]
%     Score = -24.407,574443 (regressionFit = 24.407,574442, penalties=1.03E-6) for clause:  medv(A) :- lstat(A, 3).  [covers 51,0/436,0 pos, 0,0/0,0 neg]
%     Score = -39.281,193186 (regressionFit = 39.281,193185, penalties=1.03E-6) for clause:  medv(A) :- lstat(A, 4).  [covers 42,0/436,0 pos, 0,0/0,0 neg]
%     Score = -37.918,361293 (regressionFit = 37.918,361292, penalties=1.03E-6) for clause:  medv(A) :- lstat(A, 1).  [covers 49,0/436,0 pos, 0,0/0,0 neg]

% The best node found: medv(A) :- rm(A, 3).  [covers 48,0/436,0 pos, 0,0/0,0 neg]

% The best node found: medv(A) :- rm(A, 3).  [covers 48,0/436,0 pos, 0,0/0,0 neg]

% Expanding node at Level 0 with score = 1,797693e+308.
% Will extend: medv(A) :- rm(A, 3).  [covers 48,0/436,0 pos, 0,0/0,0 neg]
Comparing variance: 66.61714843749967 to score=0.0025 #egs=48.0
Comparing variance: 52.27538952067233 to score=0.0025 #egs=388.0
%   Creating a TRUE-branch interior node with wgtedCountTrueBranchPos = 48,0
%      addToQueueOfTreeStructuredLearningTasks (level=1; score=-66,617148)
%         ILP node to extend: medv(A) :- rm(A, 3).  [covers 48,0/436,0 pos, 0,0/0,0 neg]
%      Insert tree-structured search node (@ level = 1 and with score = -66,617148) into the LAST position (#1) in the search queue.
%   Creating a FALSE-branch interior node with wgtedCountFalseBranchPos = 388,0
%      addToQueueOfTreeStructuredLearningTasks (level=1; score=-52,275390)
%         ILP node to extend: null
%      Insert tree-structured search node (@ level = 1 and with score = -52,275390) into the LAST position (#2) in the search queue.

% Time for loop #1: 408 milliseconds.
% Internal node max length = 1
% Max tree depth in lits   = 3
% Max tree depth in nodes  = 4
% Max number of clauses    = 8

% On cycle #1, the best clause found is:
%      medv(A) :- rm(A, 3).  [covers 48,0/436,0 pos, 0,0/0,0 neg]
% This clause covers 48 positive examples, of which 48 are newly covered.
% It also covers 0 negative examples, of which 0 are newly covered.

% Working on expanding this node: 'medv(A) :- rm(A, 3).  [covers 48,0/48,0 pos, 0,0/0,0 neg]'
%     Score = -23.480,474260 (regressionFit = 23.480,474259, penalties=1.03E-6) for clause:  medv(A) :- rm(A, 3).  [covers 48,0/48,0 pos, 0,0/0,0 neg]

% Have these 10 positive seeds: 0 3 6 10 16 17 19 20 25 30
% Gleaner: New best node found (score = -23.480,474260): medv(A) :- rm(A, 3).  [covers 48,0/48,0 pos, 0,0/0,0 neg]
%     Score = -3.111,104526 (regressionFit = 3.111,104524, penalties=2.0500000000000003E-6) for clause:  medv(A) :- rm(A, 3), crim(A, 2).  [covers 6,0/48,0 pos, 0,0/0,0 neg]
% Gleaner: New best node found (score = -3.111,104526): medv(A) :- rm(A, 3), crim(A, 2).  [covers 6,0/48,0 pos, 0,0/0,0 neg]
%     Score = -3.089,562441 (regressionFit = 3.089,562439, penalties=2.0500000000000003E-6) for clause:  medv(A) :- rm(A, 3), crim(A, 5).  [covers 7,0/48,0 pos, 0,0/0,0 neg]
% Gleaner: New best node found (score = -3.089,562441): medv(A) :- rm(A, 3), crim(A, 5).  [covers 7,0/48,0 pos, 0,0/0,0 neg]
%     Score = -3.194,234320 (regressionFit = 3.194,234318, penalties=2.0500000000000003E-6) for clause:  medv(A) :- rm(A, 3), crim(A, 6).  [covers 4,0/48,0 pos, 0,0/0,0 neg]
%     Score = -3.195,896851 (regressionFit = 3.195,896849, penalties=2.0500000000000003E-6) for clause:  medv(A) :- rm(A, 3), crim(A, 7).  [covers 14,0/48,0 pos, 0,0/0,0 neg]
%     Score = -3.102,009949 (regressionFit = 3.102,009947, penalties=2.0500000000000003E-6) for clause:  medv(A) :- rm(A, 3), crim(A, 1).  [covers 10,0/48,0 pos, 0,0/0,0 neg]
%     Score = -3.191,002013 (regressionFit = 3.191,002011, penalties=2.0500000000000003E-6) for clause:  medv(A) :- rm(A, 3), zn(A, 0).  [covers 21,0/48,0 pos, 0,0/0,0 neg]
%     Score = -3.193,252002 (regressionFit = 3.193,252000, penalties=2.0500000000000003E-6) for clause:  medv(A) :- rm(A, 3), zn(A, 80).  [covers 3,0/48,0 pos, 0,0/0,0 neg]
%     Score = -Infinity (regressionFit = Infinity, penalties=2.0500000000000003E-6) for clause:  medv(A) :- rm(A, 3), zn(A, 90).  [covers 2,0/48,0 pos, 0,0/0,0 neg]
%     Score = -3.176,844724 (regressionFit = 3.176,844722, penalties=2.0500000000000003E-6) for clause:  medv(A) :- rm(A, 3), zn(A, 20).  [covers 12,0/48,0 pos, 0,0/0,0 neg]
%     Score = -3.189,111760 (regressionFit = 3.189,111758, penalties=2.0500000000000003E-6) for clause:  medv(A) :- rm(A, 3), indus(A, 1).  [covers 15,0/48,0 pos, 0,0/0,0 neg]
%     Score = -2.801,209775 (regressionFit = 2.801,209773, penalties=2.0500000000000003E-6) for clause:  medv(A) :- rm(A, 3), indus(A, 9).  [covers 4,0/48,0 pos, 0,0/0,0 neg]
% Gleaner: New best node found (score = -2.801,209775): medv(A) :- rm(A, 3), indus(A, 9).  [covers 4,0/48,0 pos, 0,0/0,0 neg]
%     Score = -3.159,079724 (regressionFit = 3.159,079722, penalties=2.0500000000000003E-6) for clause:  medv(A) :- rm(A, 3), indus(A, 2).  [covers 12,0/48,0 pos, 0,0/0,0 neg]
%     Score = -3.181,004498 (regressionFit = 3.181,004496, penalties=2.0500000000000003E-6) for clause:  medv(A) :- rm(A, 3), indus(A, 4).  [covers 14,0/48,0 pos, 0,0/0,0 neg]
%     Score = -3.196,099026 (regressionFit = 3.196,099024, penalties=2.0500000000000003E-6) for clause:  medv(A) :- rm(A, 3), chas(A, 0).  [covers 41,0/48,0 pos, 0,0/0,0 neg]
%     Score = -3.196,099026 (regressionFit = 3.196,099024, penalties=2.0500000000000003E-6) for clause:  medv(A) :- rm(A, 3), chas(A, 1).  [covers 7,0/48,0 pos, 0,0/0,0 neg]
%     Score = -3.170,082752 (regressionFit = 3.170,082750, penalties=2.0500000000000003E-6) for clause:  medv(A) :- rm(A, 3), nox(A, 2).  [covers 8,0/48,0 pos, 0,0/0,0 neg]
%     Score = -2.708,247383 (regressionFit = 2.708,247381, penalties=2.0500000000000003E-6) for clause:  medv(A) :- rm(A, 3), nox(A, 7).  [covers 6,0/48,0 pos, 0,0/0,0 neg]
% Gleaner: New best node found (score = -2.708,247383): medv(A) :- rm(A, 3), nox(A, 7).  [covers 6,0/48,0 pos, 0,0/0,0 neg]
%     Score = -3.196,495739 (regressionFit = 3.196,495737, penalties=2.0500000000000003E-6) for clause:  medv(A) :- rm(A, 3), nox(A, 4).  [covers 10,0/48,0 pos, 0,0/0,0 neg]
%     Score = -3.071,907752 (regressionFit = 3.071,907750, penalties=2.0500000000000003E-6) for clause:  medv(A) :- rm(A, 3), nox(A, 6).  [covers 8,0/48,0 pos, 0,0/0,0 neg]
%     Score = -3.194,837354 (regressionFit = 3.194,837352, penalties=2.0500000000000003E-6) for clause:  medv(A) :- rm(A, 3), nox(A, 8).  [covers 7,0/48,0 pos, 0,0/0,0 neg]
%     Score = -3.193,189676 (regressionFit = 3.193,189674, penalties=2.0500000000000003E-6) for clause:  medv(A) :- rm(A, 3), age(A, 1).  [covers 5,0/48,0 pos, 0,0/0,0 neg]
%     Score = -Infinity (regressionFit = Infinity, penalties=2.0500000000000003E-6) for clause:  medv(A) :- rm(A, 3), age(A, 7).  [covers 2,0/48,0 pos, 0,0/0,0 neg]
%     Score = -3.060,943097 (regressionFit = 3.060,943095, penalties=2.0500000000000003E-6) for clause:  medv(A) :- rm(A, 3), age(A, 8).  [covers 6,0/48,0 pos, 0,0/0,0 neg]
%     Score = -3.114,321669 (regressionFit = 3.114,321667, penalties=2.0500000000000003E-6) for clause:  medv(A) :- rm(A, 3), age(A, 2).  [covers 6,0/48,0 pos, 0,0/0,0 neg]
%     Score = -3.095,211669 (regressionFit = 3.095,211667, penalties=2.0500000000000003E-6) for clause:  medv(A) :- rm(A, 3), age(A, 9).  [covers 6,0/48,0 pos, 0,0/0,0 neg]
%     Score = -3.141,492002 (regressionFit = 3.141,492000, penalties=2.0500000000000003E-6) for clause:  medv(A) :- rm(A, 3), age(A, 10).  [covers 5,0/48,0 pos, 0,0/0,0 neg]
%     Score = -3.186,969410 (regressionFit = 3.186,969408, penalties=2.0500000000000003E-6) for clause:  medv(A) :- rm(A, 3), age(A, 4).  [covers 7,0/48,0 pos, 0,0/0,0 neg]
%     Score = -3.181,319660 (regressionFit = 3.181,319658, penalties=2.0500000000000003E-6) for clause:  medv(A) :- rm(A, 3), dis(A, 4).  [covers 9,0/48,0 pos, 0,0/0,0 neg]
%     Score = -3.096,257354 (regressionFit = 3.096,257352, penalties=2.0500000000000003E-6) for clause:  medv(A) :- rm(A, 3), dis(A, 8).  [covers 7,0/48,0 pos, 0,0/0,0 neg]
%     Score = -3.131,104526 (regressionFit = 3.131,104524, penalties=2.0500000000000003E-6) for clause:  medv(A) :- rm(A, 3), dis(A, 6).  [covers 6,0/48,0 pos, 0,0/0,0 neg]
%     Score = -3.104,534320 (regressionFit = 3.104,534318, penalties=2.0500000000000003E-6) for clause:  medv(A) :- rm(A, 3), dis(A, 5).  [covers 4,0/48,0 pos, 0,0/0,0 neg]
%     Score = -3.105,111072 (regressionFit = 3.105,111070, penalties=2.0300000000000005E-6) for clause:  medv(A) :- rm(A, 3), dis(A, 3).  [covers 5,0/48,0 pos, 0,0/0,0 neg]
%     Score = -Infinity (regressionFit = Infinity, penalties=2.0500000000000003E-6) for clause:  medv(A) :- rm(A, 3), dis(A, 7).  [covers 2,0/48,0 pos, 0,0/0,0 neg]
%     Score = -3.111,584532 (regressionFit = 3.111,584530, penalties=2.0500000000000003E-6) for clause:  medv(A) :- rm(A, 3), rad(A, 2).  [covers 7,0/48,0 pos, 0,0/0,0 neg]
%     Score = -2.992,714727 (regressionFit = 2.992,714725, penalties=2.0500000000000003E-6) for clause:  medv(A) :- rm(A, 3), rad(A, 5).  [covers 17,0/48,0 pos, 0,0/0,0 neg]
%     Score = -3.183,777957 (regressionFit = 3.183,777955, penalties=2.0300000000000005E-6) for clause:  medv(A) :- rm(A, 3), rad(A, 3).  [covers 4,0/48,0 pos, 0,0/0,0 neg]
%     Score = -3.197,609233 (regressionFit = 3.197,609231, penalties=2.0500000000000003E-6) for clause:  medv(A) :- rm(A, 3), rad(A, 8).  [covers 9,0/48,0 pos, 0,0/0,0 neg]
%     Score = -3.186,045780 (regressionFit = 3.186,045778, penalties=2.0500000000000003E-6) for clause:  medv(A) :- rm(A, 3), tax(A, 276).  [covers 3,0/48,0 pos, 0,0/0,0 neg]
%     Score = -2.801,209775 (regressionFit = 2.801,209773, penalties=2.0500000000000003E-6) for clause:  medv(A) :- rm(A, 3), tax(A, 403).  [covers 4,0/48,0 pos, 0,0/0,0 neg]
%     Score = -Infinity (regressionFit = Infinity, penalties=2.0500000000000003E-6) for clause:  medv(A) :- rm(A, 3), tax(A, 193).  [covers 2,0/48,0 pos, 0,0/0,0 neg]
%     Score = -Infinity (regressionFit = Infinity, penalties=2.0500000000000003E-6) for clause:  medv(A) :- rm(A, 3), tax(A, 329).  [covers 2,0/48,0 pos, 0,0/0,0 neg]
%     Score = -3.197,609233 (regressionFit = 3.197,609231, penalties=2.0500000000000003E-6) for clause:  medv(A) :- rm(A, 3), tax(A, 307).  [covers 9,0/48,0 pos, 0,0/0,0 neg]
%     Score = -Infinity (regressionFit = Infinity, penalties=2.0500000000000003E-6) for clause:  medv(A) :- rm(A, 3), tax(A, 244).  [covers 1,0/48,0 pos, 0,0/0,0 neg]
%     Score = -3.187,786327 (regressionFit = 3.187,786325, penalties=2.0500000000000003E-6) for clause:  medv(A) :- rm(A, 3), tax(A, 264).  [covers 9,0/48,0 pos, 0,0/0,0 neg]
%     Score = -3.181,293242 (regressionFit = 3.181,293240, penalties=2.0500000000000003E-6) for clause:  medv(A) :- rm(A, 3), ptratio(A, 2).  [covers 7,0/48,0 pos, 0,0/0,0 neg]
%     Score = -2.752,971645 (regressionFit = 2.752,971643, penalties=2.0500000000000003E-6) for clause:  medv(A) :- rm(A, 3), ptratio(A, 9).  [covers 20,0/48,0 pos, 0,0/0,0 neg]
%     Score = -3.197,609233 (regressionFit = 3.197,609231, penalties=2.0500000000000003E-6) for clause:  medv(A) :- rm(A, 3), ptratio(A, 6).  [covers 9,0/48,0 pos, 0,0/0,0 neg]
%     Score = -3.195,405002 (regressionFit = 3.195,405000, penalties=2.0500000000000003E-6) for clause:  medv(A) :- rm(A, 3), ptratio(A, 1).  [covers 6,0/48,0 pos, 0,0/0,0 neg]
%     Score = -2.745,712267 (regressionFit = 2.745,712265, penalties=2.0500000000000003E-6) for clause:  medv(A) :- rm(A, 3), b(A, 1).  [covers 7,0/48,0 pos, 0,0/0,0 neg]
%     Score = -3.155,724792 (regressionFit = 3.155,724789, penalties=2.0500000000000003E-6) for clause:  medv(A) :- rm(A, 3), b(A, 6).  [covers 10,0/48,0 pos, 0,0/0,0 neg]
%     Score = -3.189,703695 (regressionFit = 3.189,703693, penalties=2.0500000000000003E-6) for clause:  medv(A) :- rm(A, 3), b(A, 2).  [covers 7,0/48,0 pos, 0,0/0,0 neg]
%     Score = -3.083,084686 (regressionFit = 3.083,084684, penalties=2.0500000000000003E-6) for clause:  medv(A) :- rm(A, 3), b(A, 5).  [covers 10,0/48,0 pos, 0,0/0,0 neg]
%     Score = -3.123,735263 (regressionFit = 3.123,735261, penalties=2.0500000000000003E-6) for clause:  medv(A) :- rm(A, 3), b(A, 8).  [covers 7,0/48,0 pos, 0,0/0,0 neg]
%     Score = -2.904,231455 (regressionFit = 2.904,231453, penalties=2.0500000000000003E-6) for clause:  medv(A) :- rm(A, 3), lstat(A, 1).  [covers 9,0/48,0 pos, 0,0/0,0 neg]
%     Score = -2.062,356191 (regressionFit = 2.062,356189, penalties=2.0300000000000005E-6) for clause:  medv(A) :- rm(A, 3), lstat(A, 3).  [covers 26,0/48,0 pos, 0,0/0,0 neg]
% Gleaner: New best node found (score = -2.062,356191): medv(A) :- rm(A, 3), lstat(A, 3).  [covers 26,0/48,0 pos, 0,0/0,0 neg]

% The best node found: medv(A) :- rm(A, 3), lstat(A, 3).  [covers 26,0/48,0 pos, 0,0/0,0 neg]

% The best node found: medv(A) :- rm(A, 3), lstat(A, 3).  [covers 26,0/48,0 pos, 0,0/0,0 neg]

% Expanding node at Level 1 with score = -66,617.
% Will extend: medv(A) :- rm(A, 3), lstat(A, 3).  [covers 26,0/48,0 pos, 0,0/0,0 neg]
Comparing variance: 26.586286982248566 to score=0.0025 #egs=26.0
Comparing variance: 62.323305785123836 to score=0.0025 #egs=22.0
%   Creating a TRUE-branch interior node with wgtedCountTrueBranchPos = 26,0
%      addToQueueOfTreeStructuredLearningTasks (level=2; score=-26,586287)
%         ILP node to extend: medv(A) :- rm(A, 3), lstat(A, 3).  [covers 26,0/48,0 pos, 0,0/0,0 neg]
%      Insert tree-structured search node (@ level = 2 and with score = -26,586287) into the LAST position (#2) in the search queue.
%   Creating a FALSE-branch interior node with wgtedCountFalseBranchPos = 22,0
%      addToQueueOfTreeStructuredLearningTasks (level=2; score=-62,323306)
%         ILP node to extend: medv(A) :- rm(A, 3).  [covers 48,0/48,0 pos, 0,0/0,0 neg]
%      Insert tree-structured search node (@ level = 2 and with score = -62,323306) into position #1 in the search queue (new size=3).

% Time for loop #2: 64 milliseconds.
% Internal node max length = 1
% Max tree depth in lits   = 3
% Max tree depth in nodes  = 4
% Max number of clauses    = 8

% On cycle #2, the best clause found is:
%      medv(A) :- rm(A, 3), lstat(A, 3).  [covers 26,0/48,0 pos, 0,0/0,0 neg]
% This clause covers 26 positive examples, of which 26 are newly covered.
% It also covers 0 negative examples, of which 0 are newly covered.

% Working on expanding this node: 'medv(A) :- rm(A, 3).  [covers 48,0/22,0 pos, 0,0/0,0 neg]'
%     Score = -23.480,474260 (regressionFit = 23.480,474259, penalties=1.03E-6) for clause:  medv(A) :- rm(A, 3).  [covers 22,0/22,0 pos, 0,0/0,0 neg]

% Have these 7 positive seeds: 2 5 9 10 13 14 18
% Gleaner: New best node found (score = -23.480,474260): medv(A) :- rm(A, 3).  [covers 22,0/22,0 pos, 0,0/0,0 neg]
%     Score = -1.371,012502 (regressionFit = 1.371,012500, penalties=2.0500000000000003E-6) for clause:  medv(A) :- rm(A, 3), crim(A, 2).  [covers 4,0/22,0 pos, 0,0/0,0 neg]
% Gleaner: New best node found (score = -1.371,012502): medv(A) :- rm(A, 3), crim(A, 2).  [covers 4,0/22,0 pos, 0,0/0,0 neg]
%     Score = -1.347,001907 (regressionFit = 1.347,001905, penalties=2.0500000000000003E-6) for clause:  medv(A) :- rm(A, 3), crim(A, 7).  [covers 7,0/22,0 pos, 0,0/0,0 neg]
% Gleaner: New best node found (score = -1.347,001907): medv(A) :- rm(A, 3), crim(A, 7).  [covers 7,0/22,0 pos, 0,0/0,0 neg]
%     Score = -1.160,201113 (regressionFit = 1.160,201111, penalties=2.0500000000000003E-6) for clause:  medv(A) :- rm(A, 3), crim(A, 5).  [covers 4,0/22,0 pos, 0,0/0,0 neg]
% Gleaner: New best node found (score = -1.160,201113): medv(A) :- rm(A, 3), crim(A, 5).  [covers 4,0/22,0 pos, 0,0/0,0 neg]
%     Score = -Infinity (regressionFit = Infinity, penalties=2.0500000000000003E-6) for clause:  medv(A) :- rm(A, 3), zn(A, 45).  [covers 1,0/22,0 pos, 0,0/0,0 neg]
%     Score = -1.008,994478 (regressionFit = 1.008,994476, penalties=2.0500000000000003E-6) for clause:  medv(A) :- rm(A, 3), zn(A, 0).  [covers 7,0/22,0 pos, 0,0/0,0 neg]
% Gleaner: New best node found (score = -1.008,994478): medv(A) :- rm(A, 3), zn(A, 0).  [covers 7,0/22,0 pos, 0,0/0,0 neg]
%     Score = -942,138122 (regressionFit = 942,138120, penalties=2.0500000000000003E-6) for clause:  medv(A) :- rm(A, 3), zn(A, 20).  [covers 9,0/22,0 pos, 0,0/0,0 neg]
% Gleaner: New best node found (score = -942,138122): medv(A) :- rm(A, 3), zn(A, 20).  [covers 9,0/22,0 pos, 0,0/0,0 neg]
%     Score = -Infinity (regressionFit = Infinity, penalties=2.0500000000000003E-6) for clause:  medv(A) :- rm(A, 3), zn(A, 33).  [covers 2,0/22,0 pos, 0,0/0,0 neg]
%     Score = -947,509917 (regressionFit = 947,509915, penalties=2.0500000000000003E-6) for clause:  medv(A) :- rm(A, 3), indus(A, 4).  [covers 9,0/22,0 pos, 0,0/0,0 neg]
%     Score = -1.329,307296 (regressionFit = 1.329,307294, penalties=2.0500000000000003E-6) for clause:  medv(A) :- rm(A, 3), indus(A, 2).  [covers 5,0/22,0 pos, 0,0/0,0 neg]
%     Score = -1.370,730835 (regressionFit = 1.370,730833, penalties=2.0500000000000003E-6) for clause:  medv(A) :- rm(A, 3), indus(A, 1).  [covers 6,0/22,0 pos, 0,0/0,0 neg]
%     Score = -1.281,405265 (regressionFit = 1.281,405263, penalties=2.0500000000000003E-6) for clause:  medv(A) :- rm(A, 3), chas(A, 0).  [covers 19,0/22,0 pos, 0,0/0,0 neg]
%     Score = -Infinity (regressionFit = Infinity, penalties=2.0500000000000003E-6) for clause:  medv(A) :- rm(A, 3), nox(A, 5).  [covers 2,0/22,0 pos, 0,0/0,0 neg]
%     Score = -1.368,278590 (regressionFit = 1.368,278588, penalties=2.0500000000000003E-6) for clause:  medv(A) :- rm(A, 3), nox(A, 4).  [covers 5,0/22,0 pos, 0,0/0,0 neg]
%     Score = -1.143,945907 (regressionFit = 1.143,945905, penalties=2.0500000000000003E-6) for clause:  medv(A) :- rm(A, 3), nox(A, 8).  [covers 7,0/22,0 pos, 0,0/0,0 neg]
%     Score = -Infinity (regressionFit = Infinity, penalties=2.0500000000000003E-6) for clause:  medv(A) :- rm(A, 3), nox(A, 7).  [covers 1,0/22,0 pos, 0,0/0,0 neg]
%     Score = -1.366,694377 (regressionFit = 1.366,694375, penalties=2.0300000000000005E-6) for clause:  medv(A) :- rm(A, 3), age(A, 3).  [covers 6,0/22,0 pos, 0,0/0,0 neg]
%     Score = -1.360,574446 (regressionFit = 1.360,574444, penalties=2.0500000000000003E-6) for clause:  medv(A) :- rm(A, 3), age(A, 4).  [covers 4,0/22,0 pos, 0,0/0,0 neg]
%     Score = -1.314,370280 (regressionFit = 1.314,370278, penalties=2.0500000000000003E-6) for clause:  medv(A) :- rm(A, 3), age(A, 2).  [covers 4,0/22,0 pos, 0,0/0,0 neg]
%     Score = -937,457780 (regressionFit = 937,457778, penalties=2.0500000000000003E-6) for clause:  medv(A) :- rm(A, 3), age(A, 9).  [covers 4,0/22,0 pos, 0,0/0,0 neg]
% Gleaner: New best node found (score = -937,457780): medv(A) :- rm(A, 3), age(A, 9).  [covers 4,0/22,0 pos, 0,0/0,0 neg]
%     Score = -Infinity (regressionFit = Infinity, penalties=2.0500000000000003E-6) for clause:  medv(A) :- rm(A, 3), dis(A, 2).  [covers 2,0/22,0 pos, 0,0/0,0 neg]
%     Score = -1.339,532985 (regressionFit = 1.339,532982, penalties=2.0500000000000003E-6) for clause:  medv(A) :- rm(A, 3), dis(A, 4).  [covers 3,0/22,0 pos, 0,0/0,0 neg]
%     Score = -1.368,972985 (regressionFit = 1.368,972982, penalties=2.0500000000000003E-6) for clause:  medv(A) :- rm(A, 3), dis(A, 8).  [covers 3,0/22,0 pos, 0,0/0,0 neg]
%     Score = -1.366,991113 (regressionFit = 1.366,991111, penalties=2.0500000000000003E-6) for clause:  medv(A) :- rm(A, 3), dis(A, 9).  [covers 4,0/22,0 pos, 0,0/0,0 neg]
%     Score = -Infinity (regressionFit = Infinity, penalties=2.0500000000000003E-6) for clause:  medv(A) :- rm(A, 3), dis(A, 7).  [covers 2,0/22,0 pos, 0,0/0,0 neg]
%     Score = -Infinity (regressionFit = Infinity, penalties=2.0500000000000003E-6) for clause:  medv(A) :- rm(A, 3), dis(A, 6).  [covers 2,0/22,0 pos, 0,0/0,0 neg]
%     Score = -947,509917 (regressionFit = 947,509915, penalties=2.0500000000000003E-6) for clause:  medv(A) :- rm(A, 3), rad(A, 5).  [covers 9,0/22,0 pos, 0,0/0,0 neg]
%     Score = -1.326,547370 (regressionFit = 1.326,547368, penalties=2.0500000000000003E-6) for clause:  medv(A) :- rm(A, 3), rad(A, 8).  [covers 3,0/22,0 pos, 0,0/0,0 neg]
%     Score = -Infinity (regressionFit = Infinity, penalties=2.0500000000000003E-6) for clause:  medv(A) :- rm(A, 3), rad(A, 7).  [covers 2,0/22,0 pos, 0,0/0,0 neg]
%     Score = -Infinity (regressionFit = Infinity, penalties=2.0500000000000003E-6) for clause:  medv(A) :- rm(A, 3), tax(A, 398).  [covers 1,0/22,0 pos, 0,0/0,0 neg]
%     Score = -1.326,547370 (regressionFit = 1.326,547368, penalties=2.0500000000000003E-6) for clause:  medv(A) :- rm(A, 3), tax(A, 307).  [covers 3,0/22,0 pos, 0,0/0,0 neg]
%     Score = -923,328573 (regressionFit = 923,328571, penalties=2.0500000000000003E-6) for clause:  medv(A) :- rm(A, 3), tax(A, 264).  [covers 8,0/22,0 pos, 0,0/0,0 neg]
% Gleaner: New best node found (score = -923,328573): medv(A) :- rm(A, 3), tax(A, 264).  [covers 8,0/22,0 pos, 0,0/0,0 neg]
%     Score = -Infinity (regressionFit = Infinity, penalties=2.0500000000000003E-6) for clause:  medv(A) :- rm(A, 3), tax(A, 222).  [covers 2,0/22,0 pos, 0,0/0,0 neg]
%     Score = -Infinity (regressionFit = Infinity, penalties=2.0500000000000003E-6) for clause:  medv(A) :- rm(A, 3), ptratio(A, 1).  [covers 2,0/22,0 pos, 0,0/0,0 neg]
%     Score = -1.326,547370 (regressionFit = 1.326,547368, penalties=2.0500000000000003E-6) for clause:  medv(A) :- rm(A, 3), ptratio(A, 6).  [covers 3,0/22,0 pos, 0,0/0,0 neg]
%     Score = -952,847865 (regressionFit = 952,847863, penalties=2.0500000000000003E-6) for clause:  medv(A) :- rm(A, 3), ptratio(A, 9).  [covers 9,0/22,0 pos, 0,0/0,0 neg]
%     Score = -1.370,836844 (regressionFit = 1.370,836842, penalties=2.0300000000000005E-6) for clause:  medv(A) :- rm(A, 3), ptratio(A, 3).  [covers 3,0/22,0 pos, 0,0/0,0 neg]
%     Score = -1.191,763613 (regressionFit = 1.191,763611, penalties=2.0500000000000003E-6) for clause:  medv(A) :- rm(A, 3), b(A, 1).  [covers 4,0/22,0 pos, 0,0/0,0 neg]
%     Score = -Infinity (regressionFit = Infinity, penalties=2.0500000000000003E-6) for clause:  medv(A) :- rm(A, 3), b(A, 8).  [covers 2,0/22,0 pos, 0,0/0,0 neg]
%     Score = -1.356,536142 (regressionFit = 1.356,536140, penalties=2.0500000000000003E-6) for clause:  medv(A) :- rm(A, 3), b(A, 2).  [covers 3,0/22,0 pos, 0,0/0,0 neg]
%     Score = -1.295,510590 (regressionFit = 1.295,510588, penalties=2.0500000000000003E-6) for clause:  medv(A) :- rm(A, 3), b(A, 6).  [covers 5,0/22,0 pos, 0,0/0,0 neg]
%     Score = -1.085,512502 (regressionFit = 1.085,512500, penalties=2.0500000000000003E-6) for clause:  medv(A) :- rm(A, 3), b(A, 5).  [covers 4,0/22,0 pos, 0,0/0,0 neg]
%     Score = -1.370,812481 (regressionFit = 1.370,812479, penalties=2.0500000000000003E-6) for clause:  medv(A) :- rm(A, 3), lstat(A, 1).  [covers 9,0/22,0 pos, 0,0/0,0 neg]
%     Score = -Infinity (regressionFit = Infinity, penalties=2.0500000000000003E-6) for clause:  medv(A) :- rm(A, 3), lstat(A, 8).  [covers 2,0/22,0 pos, 0,0/0,0 neg]
%     Score = -1.273,032145 (regressionFit = 1.273,032143, penalties=2.0500000000000003E-6) for clause:  medv(A) :- rm(A, 3), lstat(A, 9).  [covers 8,0/22,0 pos, 0,0/0,0 neg]
%     Score = -Infinity (regressionFit = Infinity, penalties=2.0500000000000003E-6) for clause:  medv(A) :- rm(A, 3), lstat(A, 2).  [covers 2,0/22,0 pos, 0,0/0,0 neg]

% The best node found: medv(A) :- rm(A, 3), tax(A, 264).  [covers 8,0/22,0 pos, 0,0/0,0 neg]

% The best node found: medv(A) :- rm(A, 3), tax(A, 264).  [covers 8,0/22,0 pos, 0,0/0,0 neg]

% Expanding node at Level 2 with score = -62,323.
% Will extend: medv(A) :- rm(A, 3), tax(A, 264).  [covers 8,0/22,0 pos, 0,0/0,0 neg]
Comparing variance: 53.019999999999754 to score=0.0025 #egs=8.0
Comparing variance: 35.65489795918399 to score=0.0025 #egs=14.0
%   Creating a TRUE-branch interior node with wgtedCountTrueBranchPos = 8,0
%      addToQueueOfTreeStructuredLearningTasks (level=3; score=-53,020000)
%         ILP node to extend: medv(A) :- rm(A, 3), tax(A, 264).  [covers 8,0/22,0 pos, 0,0/0,0 neg]
%      Insert tree-structured search node (@ level = 3 and with score = -53,020000) into position #1 in the search queue (new size=3).
%   Creating a FALSE-branch interior node with wgtedCountFalseBranchPos = 14,0
%      addToQueueOfTreeStructuredLearningTasks (level=3; score=-35,654898)
%         ILP node to extend: medv(A) :- rm(A, 3).  [covers 22,0/22,0 pos, 0,0/0,0 neg]
%      Insert tree-structured search node (@ level = 3 and with score = -35,654898) into position #3 in the search queue (new size=4).

% Time for loop #3: 32 milliseconds.
% Internal node max length = 1
% Max tree depth in lits   = 3
% Max tree depth in nodes  = 4
% Max number of clauses    = 8

% On cycle #3, the best clause found is:
%      medv(A) :- rm(A, 3), tax(A, 264).  [covers 8,0/22,0 pos, 0,0/0,0 neg]
% This clause covers 8 positive examples, of which 8 are newly covered.
% It also covers 0 negative examples, of which 0 are newly covered.

% Working on expanding this node: 'medv(A) :- rm(A, 3), tax(A, 264).  [covers 8,0/8,0 pos, 0,0/0,0 neg]'
%     Score = -923,328573 (regressionFit = 923,328571, penalties=2.0500000000000003E-6) for clause:  medv(A) :- rm(A, 3), tax(A, 264).  [covers 8,0/8,0 pos, 0,0/0,0 neg]

***** Warning: % Have only 8 positive examples, so cannot choose 10 of them. *****


% Have these 8 positive seeds: 0 1 2 3 4 5 6 7
% Gleaner: New best node found (score = -923,328573): medv(A) :- rm(A, 3), tax(A, 264).  [covers 8,0/8,0 pos, 0,0/0,0 neg]
%     Score = -421,280003 (regressionFit = 421,280000, penalties=3.0700000000000003E-6) for clause:  medv(A) :- rm(A, 3), tax(A, 264), crim(A, 5).  [covers 4,0/8,0 pos, 0,0/0,0 neg]
% Gleaner: New best node found (score = -421,280003): medv(A) :- rm(A, 3), tax(A, 264), crim(A, 5).  [covers 4,0/8,0 pos, 0,0/0,0 neg]
%     Score = -421,280003 (regressionFit = 421,280000, penalties=3.0700000000000003E-6) for clause:  medv(A) :- rm(A, 3), tax(A, 264), crim(A, 7).  [covers 4,0/8,0 pos, 0,0/0,0 neg]
%     Score = -Infinity (regressionFit = Infinity, penalties=3.0700000000000003E-6) for clause:  medv(A) :- rm(A, 3), tax(A, 264), zn(A, 20).  [covers 8,0/8,0 pos, 0,0/0,0 neg]
%     Score = -Infinity (regressionFit = Infinity, penalties=3.0700000000000003E-6) for clause:  medv(A) :- rm(A, 3), tax(A, 264), indus(A, 4).  [covers 8,0/8,0 pos, 0,0/0,0 neg]
%     Score = -Infinity (regressionFit = Infinity, penalties=3.0700000000000003E-6) for clause:  medv(A) :- rm(A, 3), tax(A, 264), chas(A, 0).  [covers 8,0/8,0 pos, 0,0/0,0 neg]
%     Score = -Infinity (regressionFit = Infinity, penalties=3.0700000000000003E-6) for clause:  medv(A) :- rm(A, 3), tax(A, 264), nox(A, 8).  [covers 7,0/8,0 pos, 0,0/0,0 neg]
%     Score = -Infinity (regressionFit = Infinity, penalties=3.0700000000000003E-6) for clause:  medv(A) :- rm(A, 3), tax(A, 264), nox(A, 7).  [covers 1,0/8,0 pos, 0,0/0,0 neg]
%     Score = -328,940003 (regressionFit = 328,940000, penalties=3.0700000000000003E-6) for clause:  medv(A) :- rm(A, 3), tax(A, 264), age(A, 9).  [covers 4,0/8,0 pos, 0,0/0,0 neg]
% Gleaner: New best node found (score = -328,940003): medv(A) :- rm(A, 3), tax(A, 264), age(A, 9).  [covers 4,0/8,0 pos, 0,0/0,0 neg]
%     Score = -Infinity (regressionFit = Infinity, penalties=3.0700000000000003E-6) for clause:  medv(A) :- rm(A, 3), tax(A, 264), age(A, 6).  [covers 1,0/8,0 pos, 0,0/0,0 neg]
%     Score = -Infinity (regressionFit = Infinity, penalties=3.0700000000000003E-6) for clause:  medv(A) :- rm(A, 3), tax(A, 264), age(A, 2).  [covers 1,0/8,0 pos, 0,0/0,0 neg]
%     Score = -Infinity (regressionFit = Infinity, penalties=3.0700000000000003E-6) for clause:  medv(A) :- rm(A, 3), tax(A, 264), age(A, 7).  [covers 1,0/8,0 pos, 0,0/0,0 neg]
%     Score = -Infinity (regressionFit = Infinity, penalties=3.0700000000000003E-6) for clause:  medv(A) :- rm(A, 3), tax(A, 264), age(A, 4).  [covers 1,0/8,0 pos, 0,0/0,0 neg]
%     Score = -423,678670 (regressionFit = 423,678667, penalties=3.0700000000000003E-6) for clause:  medv(A) :- rm(A, 3), tax(A, 264), dis(A, 9).  [covers 3,0/8,0 pos, 0,0/0,0 neg]
%     Score = -295,198670 (regressionFit = 295,198667, penalties=3.0700000000000003E-6) for clause:  medv(A) :- rm(A, 3), tax(A, 264), dis(A, 8).  [covers 3,0/8,0 pos, 0,0/0,0 neg]
% Gleaner: New best node found (score = -295,198670): medv(A) :- rm(A, 3), tax(A, 264), dis(A, 8).  [covers 3,0/8,0 pos, 0,0/0,0 neg]
%     Score = -Infinity (regressionFit = Infinity, penalties=3.0700000000000003E-6) for clause:  medv(A) :- rm(A, 3), tax(A, 264), dis(A, 7).  [covers 2,0/8,0 pos, 0,0/0,0 neg]
%     Score = -Infinity (regressionFit = Infinity, penalties=3.0700000000000003E-6) for clause:  medv(A) :- rm(A, 3), tax(A, 264), rad(A, 5).  [covers 8,0/8,0 pos, 0,0/0,0 neg]
%     Score = -Infinity (regressionFit = Infinity, penalties=3.0700000000000003E-6) for clause:  medv(A) :- rm(A, 3), tax(A, 264), ptratio(A, 9).  [covers 8,0/8,0 pos, 0,0/0,0 neg]
%     Score = -Infinity (regressionFit = Infinity, penalties=3.0700000000000003E-6) for clause:  medv(A) :- rm(A, 3), tax(A, 264), b(A, 6).  [covers 2,0/8,0 pos, 0,0/0,0 neg]
%     Score = -401,715003 (regressionFit = 401,715000, penalties=3.0700000000000003E-6) for clause:  medv(A) :- rm(A, 3), tax(A, 264), b(A, 5).  [covers 4,0/8,0 pos, 0,0/0,0 neg]
%     Score = -Infinity (regressionFit = Infinity, penalties=3.0700000000000003E-6) for clause:  medv(A) :- rm(A, 3), tax(A, 264), b(A, 2).  [covers 2,0/8,0 pos, 0,0/0,0 neg]
%     Score = -Infinity (regressionFit = Infinity, penalties=3.0700000000000003E-6) for clause:  medv(A) :- rm(A, 3), tax(A, 264), lstat(A, 1).  [covers 2,0/8,0 pos, 0,0/0,0 neg]
%     Score = -Infinity (regressionFit = Infinity, penalties=3.0700000000000003E-6) for clause:  medv(A) :- rm(A, 3), tax(A, 264), lstat(A, 2).  [covers 2,0/8,0 pos, 0,0/0,0 neg]
%     Score = -Infinity (regressionFit = Infinity, penalties=3.0700000000000003E-6) for clause:  medv(A) :- rm(A, 3), tax(A, 264), lstat(A, 8).  [covers 2,0/8,0 pos, 0,0/0,0 neg]
%     Score = -Infinity (regressionFit = Infinity, penalties=3.0700000000000003E-6) for clause:  medv(A) :- rm(A, 3), tax(A, 264), lstat(A, 9).  [covers 2,0/8,0 pos, 0,0/0,0 neg]

% The best node found: medv(A) :- rm(A, 3), tax(A, 264), dis(A, 8).  [covers 3,0/8,0 pos, 0,0/0,0 neg]

% The best node found: medv(A) :- rm(A, 3), tax(A, 264), dis(A, 8).  [covers 3,0/8,0 pos, 0,0/0,0 neg]

% Expanding node at Level 3 with score = -53,020.
% Will extend: medv(A) :- rm(A, 3), tax(A, 264), dis(A, 8).  [covers 3,0/8,0 pos, 0,0/0,0 neg]
Comparing variance: 26.748888888888814 to score=0.0025 #egs=3.0
Comparing variance: 42.9903999999995 to score=0.0025 #egs=5.0
%   Creating a TRUE-branch leaf because length = 4 > 3
%   Creating a FALSE-branch leaf because wgtedCountFalseBranchPos = 5,0 < 2.1 * minPosCov = 6,3

% Time for loop #4: 38 milliseconds.
% Internal node max length = 1
% Max tree depth in lits   = 3
% Max tree depth in nodes  = 4
% Max number of clauses    = 8

% On cycle #4, the best clause found is:
%      medv(A) :- rm(A, 3), tax(A, 264), dis(A, 8).  [covers 3,0/8,0 pos, 0,0/0,0 neg]
% This clause covers 3 positive examples, of which 3 are newly covered.
% It also covers 0 negative examples, of which 0 are newly covered.

% Have these 5 positive seeds: 15 18 140 197 345

% target           = medv(A)
%     Score = -Infinity (regressionFit = Infinity, penalties=1.1E-7) for clause:  medv(_).  [covers 388,0/388,0 pos, 0,0/0,0 neg]
% Unacceptable due to being the root node.
% Most-general root: medv(_).  [covers 388,0/388,0 pos, 0,0/0,0 neg]  score = -Infinity
%     Score = -20.282,748757 (regressionFit = 20.282,748756, penalties=1.03E-6) for clause:  medv(A) :- crim(A, 4).  [covers 40,0/388,0 pos, 0,0/0,0 neg]
% Gleaner: New best node found (score = -20.282,748757): medv(A) :- crim(A, 4).  [covers 40,0/388,0 pos, 0,0/0,0 neg]
%     Score = -20.152,832076 (regressionFit = 20.152,832075, penalties=1.03E-6) for clause:  medv(A) :- crim(A, 3).  [covers 45,0/388,0 pos, 0,0/0,0 neg]
% Gleaner: New best node found (score = -20.152,832076): medv(A) :- crim(A, 3).  [covers 45,0/388,0 pos, 0,0/0,0 neg]
%     Score = -20.279,021143 (regressionFit = 20.279,021142, penalties=1.03E-6) for clause:  medv(A) :- crim(A, 7).  [covers 33,0/388,0 pos, 0,0/0,0 neg]
%     Score = -19.377,258363 (regressionFit = 19.377,258362, penalties=1.03E-6) for clause:  medv(A) :- crim(A, 1).  [covers 39,0/388,0 pos, 0,0/0,0 neg]
% Gleaner: New best node found (score = -19.377,258363): medv(A) :- crim(A, 1).  [covers 39,0/388,0 pos, 0,0/0,0 neg]
%     Score = -18.021,872107 (regressionFit = 18.021,872106, penalties=1.03E-6) for clause:  medv(A) :- zn(A, 0).  [covers 286,0/388,0 pos, 0,0/0,0 neg]
% Gleaner: New best node found (score = -18.021,872107): medv(A) :- zn(A, 0).  [covers 286,0/388,0 pos, 0,0/0,0 neg]
%     Score = -20.222,510619 (regressionFit = 20.222,510618, penalties=1.03E-6) for clause:  medv(A) :- zn(A, 22).  [covers 8,0/388,0 pos, 0,0/0,0 neg]
%     Score = -20.126,970910 (regressionFit = 20.126,970909, penalties=1.03E-6) for clause:  medv(A) :- zn(A, 75).  [covers 3,0/388,0 pos, 0,0/0,0 neg]
%     Score = -20.279,348978 (regressionFit = 20.279,348977, penalties=1.03E-6) for clause:  medv(A) :- indus(A, 6).  [covers 36,0/388,0 pos, 0,0/0,0 neg]
%     Score = -20.115,755157 (regressionFit = 20.115,755156, penalties=1.03E-6) for clause:  medv(A) :- indus(A, 5).  [covers 47,0/388,0 pos, 0,0/0,0 neg]
%     Score = -19.013,904208 (regressionFit = 19.013,904207, penalties=1.03E-6) for clause:  medv(A) :- indus(A, 4).  [covers 35,0/388,0 pos, 0,0/0,0 neg]
%     Score = -19.723,458473 (regressionFit = 19.723,458472, penalties=1.03E-6) for clause:  medv(A) :- chas(A, 0).  [covers 360,0/388,0 pos, 0,0/0,0 neg]
%     Score = -20.070,208776 (regressionFit = 20.070,208775, penalties=1.03E-6) for clause:  medv(A) :- nox(A, 1).  [covers 47,0/388,0 pos, 0,0/0,0 neg]
%     Score = -19.793,921077 (regressionFit = 19.793,921076, penalties=1.03E-6) for clause:  medv(A) :- nox(A, 5).  [covers 46,0/388,0 pos, 0,0/0,0 neg]
%     Score = -19.546,665423 (regressionFit = 19.546,665422, penalties=1.03E-6) for clause:  medv(A) :- nox(A, 6).  [covers 40,0/388,0 pos, 0,0/0,0 neg]
%     Score = -20.254,983198 (regressionFit = 20.254,983196, penalties=1.03E-6) for clause:  medv(A) :- rm(A, 6).  [covers 43,0/388,0 pos, 0,0/0,0 neg]
%     Score = -20.256,664206 (regressionFit = 20.256,664205, penalties=1.03E-6) for clause:  medv(A) :- rm(A, 2).  [covers 44,0/388,0 pos, 0,0/0,0 neg]
%     Score = -20.144,894065 (regressionFit = 20.144,894064, penalties=1.03E-6) for clause:  medv(A) :- rm(A, 8).  [covers 45,0/388,0 pos, 0,0/0,0 neg]
%     Score = -19.517,670352 (regressionFit = 19.517,670351, penalties=1.03E-6) for clause:  medv(A) :- age(A, 7).  [covers 41,0/388,0 pos, 0,0/0,0 neg]
%     Score = -20.266,287450 (regressionFit = 20.266,287449, penalties=1.03E-6) for clause:  medv(A) :- age(A, 4).  [covers 30,0/388,0 pos, 0,0/0,0 neg]
%     Score = -19.111,776227 (regressionFit = 19.111,776226, penalties=1.03E-6) for clause:  medv(A) :- age(A, 10).  [covers 44,0/388,0 pos, 0,0/0,0 neg]
%     Score = -20.092,406243 (regressionFit = 20.092,406242, penalties=1.03E-6) for clause:  medv(A) :- age(A, 3).  [covers 39,0/388,0 pos, 0,0/0,0 neg]
%     Score = -20.278,847408 (regressionFit = 20.278,847407, penalties=1.03E-6) for clause:  medv(A) :- dis(A, 7).  [covers 27,0/388,0 pos, 0,0/0,0 neg]
%     Score = -19.911,660248 (regressionFit = 19.911,660246, penalties=1.03E-6) for clause:  medv(A) :- dis(A, 6).  [covers 26,0/388,0 pos, 0,0/0,0 neg]
%     Score = -19.872,466756 (regressionFit = 19.872,466755, penalties=1.03E-6) for clause:  medv(A) :- dis(A, 5).  [covers 42,0/388,0 pos, 0,0/0,0 neg]
%     Score = -20.033,212110 (regressionFit = 20.033,212109, penalties=1.03E-6) for clause:  medv(A) :- dis(A, 4).  [covers 36,0/388,0 pos, 0,0/0,0 neg]
%     Score = -20.281,849028 (regressionFit = 20.281,849027, penalties=1.03E-6) for clause:  medv(A) :- rad(A, 6).  [covers 18,0/388,0 pos, 0,0/0,0 neg]
%     Score = -20.044,316333 (regressionFit = 20.044,316332, penalties=1.03E-6) for clause:  medv(A) :- rad(A, 7).  [covers 13,0/388,0 pos, 0,0/0,0 neg]
%     Score = -20.282,844400 (regressionFit = 20.282,844399, penalties=1.03E-6) for clause:  medv(A) :- rad(A, 4).  [covers 97,0/388,0 pos, 0,0/0,0 neg]
%     Score = -19.374,003183 (regressionFit = 19.374,003182, penalties=1.03E-6) for clause:  medv(A) :- rad(A, 3).  [covers 33,0/388,0 pos, 0,0/0,0 neg]
%     Score = -20.266,535856 (regressionFit = 20.266,535855, penalties=1.03E-6) for clause:  medv(A) :- tax(A, 432).  [covers 9,0/388,0 pos, 0,0/0,0 neg]
%     Score = -20.222,510619 (regressionFit = 20.222,510618, penalties=1.03E-6) for clause:  medv(A) :- tax(A, 330).  [covers 8,0/388,0 pos, 0,0/0,0 neg]
%     Score = -20.268,791743 (regressionFit = 20.268,791742, penalties=1.03E-6) for clause:  medv(A) :- tax(A, 304).  [covers 14,0/388,0 pos, 0,0/0,0 neg]
%     Score = -Infinity (regressionFit = Infinity, penalties=1.03E-6) for clause:  medv(A) :- tax(A, 469).  [covers 1,0/388,0 pos, 0,0/0,0 neg]
%     Score = -19.719,093507 (regressionFit = 19.719,093506, penalties=1.03E-6) for clause:  medv(A) :- ptratio(A, 2).  [covers 40,0/388,0 pos, 0,0/0,0 neg]
%     Score = -20.129,458290 (regressionFit = 20.129,458289, penalties=1.03E-6) for clause:  medv(A) :- ptratio(A, 5).  [covers 41,0/388,0 pos, 0,0/0,0 neg]
%     Score = -20.037,631528 (regressionFit = 20.037,631527, penalties=1.03E-6) for clause:  medv(A) :- ptratio(A, 3).  [covers 48,0/388,0 pos, 0,0/0,0 neg]
%     Score = -20.094,774813 (regressionFit = 20.094,774812, penalties=1.03E-6) for clause:  medv(A) :- ptratio(A, 7).  [covers 16,0/388,0 pos, 0,0/0,0 neg]
%     Score = -20.233,401635 (regressionFit = 20.233,401634, penalties=1.03E-6) for clause:  medv(A) :- b(A, 1).  [covers 95,0/388,0 pos, 0,0/0,0 neg]
%     Score = -20.038,160325 (regressionFit = 20.038,160324, penalties=1.03E-6) for clause:  medv(A) :- b(A, 2).  [covers 33,0/388,0 pos, 0,0/0,0 neg]
%     Score = -20.177,623706 (regressionFit = 20.177,623705, penalties=1.03E-6) for clause:  medv(A) :- b(A, 4).  [covers 25,0/388,0 pos, 0,0/0,0 neg]
%     Score = -20.210,053644 (regressionFit = 20.210,053643, penalties=1.03E-6) for clause:  medv(A) :- b(A, 3).  [covers 43,0/388,0 pos, 0,0/0,0 neg]
%     Score = -19.564,277391 (regressionFit = 19.564,277389, penalties=1.03E-6) for clause:  medv(A) :- lstat(A, 7).  [covers 38,0/388,0 pos, 0,0/0,0 neg]
%     Score = -20.264,069164 (regressionFit = 20.264,069163, penalties=1.03E-6) for clause:  medv(A) :- lstat(A, 4).  [covers 42,0/388,0 pos, 0,0/0,0 neg]
%     Score = -18.544,702343 (regressionFit = 18.544,702342, penalties=1.03E-6) for clause:  medv(A) :- lstat(A, 1).  [covers 40,0/388,0 pos, 0,0/0,0 neg]
%     Score = -20.262,545787 (regressionFit = 20.262,545786, penalties=1.03E-6) for clause:  medv(A) :- lstat(A, 8).  [covers 42,0/388,0 pos, 0,0/0,0 neg]
%     Score = -20.133,833853 (regressionFit = 20.133,833852, penalties=1.03E-6) for clause:  medv(A) :- lstat(A, 10).  [covers 37,0/388,0 pos, 0,0/0,0 neg]

% The best node found: medv(A) :- zn(A, 0).  [covers 286,0/388,0 pos, 0,0/0,0 neg]

% The best node found: medv(A) :- zn(A, 0).  [covers 286,0/388,0 pos, 0,0/0,0 neg]

% Expanding node at Level 1 with score = -52,275.
% Will extend: medv(A) :- zn(A, 0).  [covers 286,0/388,0 pos, 0,0/0,0 neg]
Comparing variance: 53.83745183138575 to score=0.0025 #egs=286.0
Comparing variance: 25.729028258362188 to score=0.0025 #egs=102.0
%   Creating a TRUE-branch interior node with wgtedCountTrueBranchPos = 286,0
%      addToQueueOfTreeStructuredLearningTasks (level=2; score=-53,837452)
%         ILP node to extend: medv(A) :- zn(A, 0).  [covers 286,0/388,0 pos, 0,0/0,0 neg]
%      Insert tree-structured search node (@ level = 2 and with score = -53,837452) into position #1 in the search queue (new size=3).
%   Creating a FALSE-branch interior node with wgtedCountFalseBranchPos = 102,0
%      addToQueueOfTreeStructuredLearningTasks (level=2; score=-25,729028)
%         ILP node to extend: null
%      Insert tree-structured search node (@ level = 2 and with score = -25,729028) into the LAST position (#4) in the search queue.

% Time for loop #5: 151 milliseconds.
% Internal node max length = 1
% Max tree depth in lits   = 3
% Max tree depth in nodes  = 4
% Max number of clauses    = 8

% On cycle #5, the best clause found is:
%      medv(A) :- zn(A, 0).  [covers 286,0/388,0 pos, 0,0/0,0 neg]
% This clause covers 286 positive examples, of which 286 are newly covered.
% It also covers 0 negative examples, of which 0 are newly covered.

% Working on expanding this node: 'medv(A) :- zn(A, 0).  [covers 286,0/286,0 pos, 0,0/0,0 neg]'
%     Score = -18.021,872107 (regressionFit = 18.021,872106, penalties=1.03E-6) for clause:  medv(A) :- zn(A, 0).  [covers 286,0/286,0 pos, 0,0/0,0 neg]

% Have these 8 positive seeds: 80 88 132 136 147 192 207 208
% Gleaner: New best node found (score = -18.021,872107): medv(A) :- zn(A, 0).  [covers 286,0/286,0 pos, 0,0/0,0 neg]
%     Score = -14.691,423657 (regressionFit = 14.691,423655, penalties=2.0500000000000003E-6) for clause:  medv(A) :- zn(A, 0), crim(A, 2).  [covers 27,0/286,0 pos, 0,0/0,0 neg]
% Gleaner: New best node found (score = -14.691,423657): medv(A) :- zn(A, 0), crim(A, 2).  [covers 27,0/286,0 pos, 0,0/0,0 neg]
%     Score = -15.354,614606 (regressionFit = 15.354,614604, penalties=2.0500000000000003E-6) for clause:  medv(A) :- zn(A, 0), crim(A, 4).  [covers 28,0/286,0 pos, 0,0/0,0 neg]
%     Score = -15.299,369447 (regressionFit = 15.299,369445, penalties=2.0500000000000003E-6) for clause:  medv(A) :- zn(A, 0), crim(A, 7).  [covers 31,0/286,0 pos, 0,0/0,0 neg]
%     Score = -12.304,763659 (regressionFit = 12.304,763657, penalties=2.0500000000000003E-6) for clause:  medv(A) :- zn(A, 0), crim(A, 10).  [covers 44,0/286,0 pos, 0,0/0,0 neg]
% Gleaner: New best node found (score = -12.304,763659): medv(A) :- zn(A, 0), crim(A, 10).  [covers 44,0/286,0 pos, 0,0/0,0 neg]
%     Score = -15.278,344434 (regressionFit = 15.278,344432, penalties=2.0500000000000003E-6) for clause:  medv(A) :- zn(A, 0), crim(A, 9).  [covers 32,0/286,0 pos, 0,0/0,0 neg]
%     Score = -13.939,588457 (regressionFit = 13.939,588455, penalties=2.0500000000000003E-6) for clause:  medv(A) :- zn(A, 0), indus(A, 1).  [covers 12,0/286,0 pos, 0,0/0,0 neg]
%     Score = -15.273,009562 (regressionFit = 15.273,009560, penalties=2.0500000000000003E-6) for clause:  medv(A) :- zn(A, 0), indus(A, 6).  [covers 36,0/286,0 pos, 0,0/0,0 neg]
%     Score = -15.127,480881 (regressionFit = 15.127,480879, penalties=2.0500000000000003E-6) for clause:  medv(A) :- zn(A, 0), indus(A, 4).  [covers 13,0/286,0 pos, 0,0/0,0 neg]
%     Score = -13.431,776820 (regressionFit = 13.431,776818, penalties=2.0500000000000003E-6) for clause:  medv(A) :- zn(A, 0), indus(A, 10).  [covers 88,0/286,0 pos, 0,0/0,0 neg]
%     Score = -14.616,913602 (regressionFit = 14.616,913600, penalties=2.0300000000000005E-6) for clause:  medv(A) :- zn(A, 0), chas(A, 0).  [covers 261,0/286,0 pos, 0,0/0,0 neg]
%     Score = -14.272,931139 (regressionFit = 14.272,931137, penalties=2.0500000000000003E-6) for clause:  medv(A) :- zn(A, 0), nox(A, 4).  [covers 34,0/286,0 pos, 0,0/0,0 neg]
%     Score = -15.373,591047 (regressionFit = 15.373,591045, penalties=2.0500000000000003E-6) for clause:  medv(A) :- zn(A, 0), nox(A, 1).  [covers 46,0/286,0 pos, 0,0/0,0 neg]
%     Score = -15.055,128941 (regressionFit = 15.055,128939, penalties=2.0500000000000003E-6) for clause:  medv(A) :- zn(A, 0), nox(A, 2).  [covers 22,0/286,0 pos, 0,0/0,0 neg]
%     Score = -11.417,175433 (regressionFit = 11.417,175431, penalties=2.0500000000000003E-6) for clause:  medv(A) :- zn(A, 0), nox(A, 10).  [covers 41,0/286,0 pos, 0,0/0,0 neg]
% Gleaner: New best node found (score = -11.417,175433): medv(A) :- zn(A, 0), nox(A, 10).  [covers 41,0/286,0 pos, 0,0/0,0 neg]
%     Score = -14.374,322253 (regressionFit = 14.374,322251, penalties=2.0500000000000003E-6) for clause:  medv(A) :- zn(A, 0), rm(A, 4).  [covers 19,0/286,0 pos, 0,0/0,0 neg]
%     Score = -15.087,544849 (regressionFit = 15.087,544847, penalties=2.0500000000000003E-6) for clause:  medv(A) :- zn(A, 0), rm(A, 7).  [covers 38,0/286,0 pos, 0,0/0,0 neg]
%     Score = -14.600,845216 (regressionFit = 14.600,845214, penalties=2.0500000000000003E-6) for clause:  medv(A) :- zn(A, 0), rm(A, 1).  [covers 23,0/286,0 pos, 0,0/0,0 neg]
%     Score = -15.382,576784 (regressionFit = 15.382,576782, penalties=2.0500000000000003E-6) for clause:  medv(A) :- zn(A, 0), rm(A, 2).  [covers 31,0/286,0 pos, 0,0/0,0 neg]
%     Score = -15.386,454443 (regressionFit = 15.386,454441, penalties=2.0500000000000003E-6) for clause:  medv(A) :- zn(A, 0), rm(A, 8).  [covers 35,0/286,0 pos, 0,0/0,0 neg]
%     Score = -14.498,564419 (regressionFit = 14.498,564416, penalties=2.0500000000000003E-6) for clause:  medv(A) :- zn(A, 0), rm(A, 9).  [covers 42,0/286,0 pos, 0,0/0,0 neg]
%     Score = -15.099,182917 (regressionFit = 15.099,182915, penalties=2.0500000000000003E-6) for clause:  medv(A) :- zn(A, 0), age(A, 7).  [covers 39,0/286,0 pos, 0,0/0,0 neg]
%     Score = -15.280,692807 (regressionFit = 15.280,692805, penalties=2.0500000000000003E-6) for clause:  medv(A) :- zn(A, 0), age(A, 4).  [covers 23,0/286,0 pos, 0,0/0,0 neg]
%     Score = -15.397,409122 (regressionFit = 15.397,409120, penalties=2.0500000000000003E-6) for clause:  medv(A) :- zn(A, 0), age(A, 9).  [covers 34,0/286,0 pos, 0,0/0,0 neg]
%     Score = -15.078,557173 (regressionFit = 15.078,557171, penalties=2.0500000000000003E-6) for clause:  medv(A) :- zn(A, 0), age(A, 10).  [covers 15,0/286,0 pos, 0,0/0,0 neg]
%     Score = -14.594,408965 (regressionFit = 14.594,408963, penalties=2.0500000000000003E-6) for clause:  medv(A) :- zn(A, 0), age(A, 6).  [covers 45,0/286,0 pos, 0,0/0,0 neg]
%     Score = -15.392,022350 (regressionFit = 15.392,022348, penalties=2.0500000000000003E-6) for clause:  medv(A) :- zn(A, 0), age(A, 2).  [covers 31,0/286,0 pos, 0,0/0,0 neg]
%     Score = -14.726,266571 (regressionFit = 14.726,266569, penalties=2.0500000000000003E-6) for clause:  medv(A) :- zn(A, 0), dis(A, 6).  [covers 25,0/286,0 pos, 0,0/0,0 neg]
%     Score = -15.378,757564 (regressionFit = 15.378,757562, penalties=2.0500000000000003E-6) for clause:  medv(A) :- zn(A, 0), dis(A, 1).  [covers 36,0/286,0 pos, 0,0/0,0 neg]
%     Score = -14.954,508961 (regressionFit = 14.954,508959, penalties=2.0500000000000003E-6) for clause:  medv(A) :- zn(A, 0), dis(A, 4).  [covers 32,0/286,0 pos, 0,0/0,0 neg]
%     Score = -15.317,186579 (regressionFit = 15.317,186577, penalties=2.0500000000000003E-6) for clause:  medv(A) :- zn(A, 0), dis(A, 2).  [covers 26,0/286,0 pos, 0,0/0,0 neg]
%     Score = -15.152,715370 (regressionFit = 15.152,715368, penalties=2.0500000000000003E-6) for clause:  medv(A) :- zn(A, 0), dis(A, 10).  [covers 50,0/286,0 pos, 0,0/0,0 neg]
%     Score = -14.432,911188 (regressionFit = 14.432,911186, penalties=2.0500000000000003E-6) for clause:  medv(A) :- zn(A, 0), rad(A, 3).  [covers 24,0/286,0 pos, 0,0/0,0 neg]
%     Score = -15.397,476341 (regressionFit = 15.397,476339, penalties=2.0500000000000003E-6) for clause:  medv(A) :- zn(A, 0), rad(A, 4).  [covers 70,0/286,0 pos, 0,0/0,0 neg]
%     Score = -13.431,776820 (regressionFit = 13.431,776818, penalties=2.0500000000000003E-6) for clause:  medv(A) :- zn(A, 0), rad(A, 24).  [covers 88,0/286,0 pos, 0,0/0,0 neg]
%     Score = -14.243,537681 (regressionFit = 14.243,537679, penalties=2.0500000000000003E-6) for clause:  medv(A) :- zn(A, 0), tax(A, 193).  [covers 6,0/286,0 pos, 0,0/0,0 neg]
%     Score = -15.255,601675 (regressionFit = 15.255,601673, penalties=2.0500000000000003E-6) for clause:  medv(A) :- zn(A, 0), tax(A, 277).  [covers 11,0/286,0 pos, 0,0/0,0 neg]
%     Score = -15.390,364515 (regressionFit = 15.390,364513, penalties=2.0500000000000003E-6) for clause:  medv(A) :- zn(A, 0), tax(A, 304).  [covers 12,0/286,0 pos, 0,0/0,0 neg]
%     Score = -15.394,547587 (regressionFit = 15.394,547585, penalties=2.0500000000000003E-6) for clause:  medv(A) :- zn(A, 0), tax(A, 430).  [covers 3,0/286,0 pos, 0,0/0,0 neg]
%     Score = -13.431,776820 (regressionFit = 13.431,776818, penalties=2.0500000000000003E-6) for clause:  medv(A) :- zn(A, 0), tax(A, 666).  [covers 88,0/286,0 pos, 0,0/0,0 neg]
%     Score = -14.835,387692 (regressionFit = 14.835,387690, penalties=2.0500000000000003E-6) for clause:  medv(A) :- zn(A, 0), ptratio(A, 2).  [covers 30,0/286,0 pos, 0,0/0,0 neg]
%     Score = -15.029,384170 (regressionFit = 15.029,384168, penalties=2.0500000000000003E-6) for clause:  medv(A) :- zn(A, 0), ptratio(A, 3).  [covers 38,0/286,0 pos, 0,0/0,0 neg]
%     Score = -14.763,838902 (regressionFit = 14.763,838900, penalties=2.0500000000000003E-6) for clause:  medv(A) :- zn(A, 0), ptratio(A, 6).  [covers 19,0/286,0 pos, 0,0/0,0 neg]
%     Score = -13.533,313571 (regressionFit = 13.533,313568, penalties=2.0500000000000003E-6) for clause:  medv(A) :- zn(A, 0), ptratio(A, 10).  [covers 95,0/286,0 pos, 0,0/0,0 neg]
%     Score = -15.227,336354 (regressionFit = 15.227,336352, penalties=2.0500000000000003E-6) for clause:  medv(A) :- zn(A, 0), b(A, 3).  [covers 31,0/286,0 pos, 0,0/0,0 neg]
%     Score = -15.354,002534 (regressionFit = 15.354,002532, penalties=2.0500000000000003E-6) for clause:  medv(A) :- zn(A, 0), b(A, 6).  [covers 24,0/286,0 pos, 0,0/0,0 neg]
%     Score = -15.330,636140 (regressionFit = 15.330,636138, penalties=2.0500000000000003E-6) for clause:  medv(A) :- zn(A, 0), b(A, 4).  [covers 15,0/286,0 pos, 0,0/0,0 neg]
%     Score = -15.325,436630 (regressionFit = 15.325,436628, penalties=2.0500000000000003E-6) for clause:  medv(A) :- zn(A, 0), b(A, 5).  [covers 25,0/286,0 pos, 0,0/0,0 neg]
%     Score = -13.906,160636 (regressionFit = 13.906,160634, penalties=2.0500000000000003E-6) for clause:  medv(A) :- zn(A, 0), b(A, 7).  [covers 40,0/286,0 pos, 0,0/0,0 neg]
%     Score = -15.217,696260 (regressionFit = 15.217,696258, penalties=2.0500000000000003E-6) for clause:  medv(A) :- zn(A, 0), b(A, 1).  [covers 66,0/286,0 pos, 0,0/0,0 neg]
%     Score = -15.387,987936 (regressionFit = 15.387,987934, penalties=2.0500000000000003E-6) for clause:  medv(A) :- zn(A, 0), b(A, 9).  [covers 37,0/286,0 pos, 0,0/0,0 neg]
%     Score = -14.060,154928 (regressionFit = 14.060,154926, penalties=2.0500000000000003E-6) for clause:  medv(A) :- zn(A, 0), lstat(A, 1).  [covers 19,0/286,0 pos, 0,0/0,0 neg]
%     Score = -15.056,395562 (regressionFit = 15.056,395560, penalties=2.0500000000000003E-6) for clause:  medv(A) :- zn(A, 0), lstat(A, 7).  [covers 36,0/286,0 pos, 0,0/0,0 neg]
%     Score = -14.528,451214 (regressionFit = 14.528,451212, penalties=2.0500000000000003E-6) for clause:  medv(A) :- zn(A, 0), lstat(A, 2).  [covers 24,0/286,0 pos, 0,0/0,0 neg]
%     Score = -15.203,103714 (regressionFit = 15.203,103712, penalties=2.0500000000000003E-6) for clause:  medv(A) :- zn(A, 0), lstat(A, 8).  [covers 38,0/286,0 pos, 0,0/0,0 neg]
%     Score = -12.590,286584 (regressionFit = 12.590,286582, penalties=2.0500000000000003E-6) for clause:  medv(A) :- zn(A, 0), lstat(A, 6).  [covers 43,0/286,0 pos, 0,0/0,0 neg]

% The best node found: medv(A) :- zn(A, 0), nox(A, 10).  [covers 41,0/286,0 pos, 0,0/0,0 neg]

% The best node found: medv(A) :- zn(A, 0), nox(A, 10).  [covers 41,0/286,0 pos, 0,0/0,0 neg]

% Expanding node at Level 2 with score = -53,837.
% Will extend: medv(A) :- zn(A, 0), nox(A, 10).  [covers 41,0/286,0 pos, 0,0/0,0 neg]
Comparing variance: 11.264866151100582 to score=0.0025 #egs=41.0
Comparing variance: 44.71557517701015 to score=0.0025 #egs=245.0
%   Creating a TRUE-branch interior node with wgtedCountTrueBranchPos = 41,0
%      addToQueueOfTreeStructuredLearningTasks (level=3; score=-11,264866)
%         ILP node to extend: medv(A) :- zn(A, 0), nox(A, 10).  [covers 41,0/286,0 pos, 0,0/0,0 neg]
%      Insert tree-structured search node (@ level = 3 and with score = -11,264866) into the LAST position (#4) in the search queue.
%   Creating a FALSE-branch interior node with wgtedCountFalseBranchPos = 245,0
%      addToQueueOfTreeStructuredLearningTasks (level=3; score=-44,715575)
%         ILP node to extend: medv(A) :- zn(A, 0).  [covers 286,0/286,0 pos, 0,0/0,0 neg]
%      Insert tree-structured search node (@ level = 3 and with score = -44,715575) into position #1 in the search queue (new size=5).

% Time for loop #6: 228 milliseconds.
% Internal node max length = 1
% Max tree depth in lits   = 3
% Max tree depth in nodes  = 4
% Max number of clauses    = 8

% On cycle #6, the best clause found is:
%      medv(A) :- zn(A, 0), nox(A, 10).  [covers 41,0/286,0 pos, 0,0/0,0 neg]
% This clause covers 41 positive examples, of which 41 are newly covered.
% It also covers 0 negative examples, of which 0 are newly covered.

% Working on expanding this node: 'medv(A) :- zn(A, 0).  [covers 286,0/245,0 pos, 0,0/0,0 neg]'
%     Score = -18.021,872107 (regressionFit = 18.021,872106, penalties=1.03E-6) for clause:  medv(A) :- zn(A, 0).  [covers 245,0/245,0 pos, 0,0/0,0 neg]

% Have these 8 positive seeds: 1 33 67 83 101 121 137 153
% Gleaner: New best node found (score = -18.021,872107): medv(A) :- zn(A, 0).  [covers 245,0/245,0 pos, 0,0/0,0 neg]
%     Score = -10.862,242216 (regressionFit = 10.862,242214, penalties=2.0500000000000003E-6) for clause:  medv(A) :- zn(A, 0), crim(A, 3).  [covers 29,0/245,0 pos, 0,0/0,0 neg]
% Gleaner: New best node found (score = -10.862,242216): medv(A) :- zn(A, 0), crim(A, 3).  [covers 29,0/245,0 pos, 0,0/0,0 neg]
%     Score = -10.954,474411 (regressionFit = 10.954,474409, penalties=2.0500000000000003E-6) for clause:  medv(A) :- zn(A, 0), crim(A, 7).  [covers 31,0/245,0 pos, 0,0/0,0 neg]
%     Score = -10.761,804785 (regressionFit = 10.761,804783, penalties=2.0500000000000003E-6) for clause:  medv(A) :- zn(A, 0), crim(A, 5).  [covers 39,0/245,0 pos, 0,0/0,0 neg]
% Gleaner: New best node found (score = -10.761,804785): medv(A) :- zn(A, 0), crim(A, 5).  [covers 39,0/245,0 pos, 0,0/0,0 neg]
%     Score = -10.827,186069 (regressionFit = 10.827,186067, penalties=2.0500000000000003E-6) for clause:  medv(A) :- zn(A, 0), crim(A, 6).  [covers 18,0/245,0 pos, 0,0/0,0 neg]
%     Score = -10.949,561221 (regressionFit = 10.949,561219, penalties=2.0500000000000003E-6) for clause:  medv(A) :- zn(A, 0), crim(A, 1).  [covers 9,0/245,0 pos, 0,0/0,0 neg]
%     Score = -10.769,962904 (regressionFit = 10.769,962902, penalties=2.0500000000000003E-6) for clause:  medv(A) :- zn(A, 0), indus(A, 3).  [covers 40,0/245,0 pos, 0,0/0,0 neg]
%     Score = -10.741,410776 (regressionFit = 10.741,410774, penalties=2.0500000000000003E-6) for clause:  medv(A) :- zn(A, 0), indus(A, 8).  [covers 21,0/245,0 pos, 0,0/0,0 neg]
% Gleaner: New best node found (score = -10.741,410776): medv(A) :- zn(A, 0), indus(A, 8).  [covers 21,0/245,0 pos, 0,0/0,0 neg]
%     Score = -10.875,226175 (regressionFit = 10.875,226173, penalties=2.0500000000000003E-6) for clause:  medv(A) :- zn(A, 0), indus(A, 9).  [covers 25,0/245,0 pos, 0,0/0,0 neg]
%     Score = -9.872,746325 (regressionFit = 9.872,746323, penalties=2.0500000000000003E-6) for clause:  medv(A) :- zn(A, 0), indus(A, 1).  [covers 12,0/245,0 pos, 0,0/0,0 neg]
% Gleaner: New best node found (score = -9.872,746325): medv(A) :- zn(A, 0), indus(A, 1).  [covers 12,0/245,0 pos, 0,0/0,0 neg]
%     Score = -10.894,189219 (regressionFit = 10.894,189217, penalties=2.0500000000000003E-6) for clause:  medv(A) :- zn(A, 0), indus(A, 7).  [covers 15,0/245,0 pos, 0,0/0,0 neg]
%     Score = -10.953,408758 (regressionFit = 10.953,408756, penalties=2.0500000000000003E-6) for clause:  medv(A) :- zn(A, 0), indus(A, 6).  [covers 36,0/245,0 pos, 0,0/0,0 neg]
[...]
%     Score = -243,943785 (regressionFit = 243,943783, penalties=2.0300000000000005E-6) for clause:  medv(A) :- b(A, 9), ptratio(A, 9).  [covers 13,0/37,0 pos, 0,0/0,0 neg]
%     Score = -244,677950 (regressionFit = 244,677948, penalties=2.0500000000000003E-6) for clause:  medv(A) :- b(A, 9), ptratio(A, 4).  [covers 4,0/37,0 pos, 0,0/0,0 neg]
%     Score = -253,595845 (regressionFit = 253,595843, penalties=2.0500000000000003E-6) for clause:  medv(A) :- b(A, 9), ptratio(A, 10).  [covers 12,0/37,0 pos, 0,0/0,0 neg]
%     Score = -Infinity (regressionFit = Infinity, penalties=2.0500000000000003E-6) for clause:  medv(A) :- b(A, 9), lstat(A, 1).  [covers 2,0/37,0 pos, 0,0/0,0 neg]
%     Score = -Infinity (regressionFit = Infinity, penalties=2.0500000000000003E-6) for clause:  medv(A) :- b(A, 9), lstat(A, 8).  [covers 2,0/37,0 pos, 0,0/0,0 neg]
%     Score = -218,806149 (regressionFit = 218,806147, penalties=2.0500000000000003E-6) for clause:  medv(A) :- b(A, 9), lstat(A, 10).  [covers 7,0/37,0 pos, 0,0/0,0 neg]
%     Score = -251,380955 (regressionFit = 251,380953, penalties=2.0500000000000003E-6) for clause:  medv(A) :- b(A, 9), lstat(A, 2).  [covers 3,0/37,0 pos, 0,0/0,0 neg]
%     Score = -250,631718 (regressionFit = 250,631716, penalties=2.0500000000000003E-6) for clause:  medv(A) :- b(A, 9), lstat(A, 7).  [covers 5,0/37,0 pos, 0,0/0,0 neg]
%     Score = -253,370897 (regressionFit = 253,370895, penalties=2.0500000000000003E-6) for clause:  medv(A) :- b(A, 9), lstat(A, 5).  [covers 3,0/37,0 pos, 0,0/0,0 neg]
%     Score = -233,407334 (regressionFit = 233,407332, penalties=2.0500000000000003E-6) for clause:  medv(A) :- b(A, 9), lstat(A, 6).  [covers 6,0/37,0 pos, 0,0/0,0 neg]

% The best node found: medv(A) :- b(A, 9), age(A, 2).  [covers 4,0/37,0 pos, 0,0/0,0 neg]

% The best node found: medv(A) :- b(A, 9), age(A, 2).  [covers 4,0/37,0 pos, 0,0/0,0 neg]

% Expanding node at Level 4 with score = -6,854.
% Will extend: medv(A) :- b(A, 9), age(A, 2).  [covers 4,0/37,0 pos, 0,0/0,0 neg]
%   Creating a TRUE-branch and FALSE-branch leaves because level = 4 >= 4

% Time for loop #8: 41 milliseconds.
% Internal node max length = 1
% Max tree depth in lits   = 3
% Max tree depth in nodes  = 4
% Max number of clauses    = 8

% On cycle #8, the best clause found is:
%      medv(A) :- b(A, 9), age(A, 2).  [covers 4,0/37,0 pos, 0,0/0,0 neg]
% This clause covers 4 positive examples, of which 4 are newly covered.
% It also covers 0 negative examples, of which 0 are newly covered.

% ******************************************

% Have stopped ILP's outer loop because have reached the maximum number of learned clauses (8).

% ******************************************
Created a leaf under (medv(A) :- nox(A, 4))
Created a leaf under (medv(A) :- ptratio(A, 8))

%%%%%  WILL-Produced Tree #10 @ 14:10:19 10/20/22.  %%%%%


% FOR medv(A):
%   if ( ptratio(A, 8) )
%   then return -1.9278981446256105;  // std dev = 2,279, 8,000 (wgt'ed) examples reached here.  /* #pos=8 */
%   else if ( nox(A, 4) )
%   | then return -0.4822877248098744;  // std dev = 2,445, 48,000 (wgt'ed) examples reached here.  /* #pos=48 */
%   | else if ( b(A, 9) )
%   | | then if ( nox(A, 8) )
%   | | | then return 4.088185034366543;  // std dev = 5,348, 3,000 (wgt'ed) examples reached here.  /* #pos=3 */
%   | | | else if ( age(A, 2) )
%   | | | | then return -4.1534202324945175;  // std dev = 3,966, 4,000 (wgt'ed) examples reached here.  /* #pos=4 */
%   | | | | else return -0.9562698257641192;  // std dev = 14,192, 33,000 (wgt'ed) examples reached here.  /* #pos=33 */
%   | | else if ( nox(A, 7) )
%   | | | then if ( crim(A, 5) )
%   | | | | then return 5.974997693976794;  // std dev = 2,645, 4,000 (wgt'ed) examples reached here.  /* #pos=4 */
%   | | | | else return 0.37436880369939507;  // std dev = 15,585, 20,000 (wgt'ed) examples reached here.  /* #pos=20 */
%   | | | else if ( dis(A, 2) )
%   | | | | then return 0.9415985760253943;  // std dev = 13,759, 44,000 (wgt'ed) examples reached here.  /* #pos=44 */
%   | | | | else return 0.006107800845445429;  // std dev = 47,302, 272,000 (wgt'ed) examples reached here.  /* #pos=272 */


% Clauses:

medv(A, -1.9278981446256105) :- 
     ptratio(A, 8), 
     !. // Clause #1.

medv(A, -0.4822877248098744) :- 
     nox(A, 4), 
     !. // Clause #2.

medv(A, 4.088185034366543) :- 
     b(A, 9), 
     nox(A, 8), 
     !. // Clause #3.

medv(A, -4.1534202324945175) :- 
     b(A, 9), 
     age(A, 2), 
     !. // Clause #4.

medv(A, -0.9562698257641192) :- 
     b(A, 9), 
     !. // Clause #5.

medv(A, 5.974997693976794) :- 
     nox(A, 7), 
     crim(A, 5), 
     !. // Clause #6.

medv(A, 0.37436880369939507) :- 
     nox(A, 7), 
     !. // Clause #7.

medv(A, 0.9415985760253943) :- 
     dis(A, 2), 
     !. // Clause #8.

medv(A, 0.006107800845445429) :- !. // Clause #9.


% The flattened versions of these clauses:

flattened_medv(a, -1.9278981446256105) :-  /* #pos=8 */ 
   ptratio(a, 8),
   !. // Flattened version of clause #1.

flattened_medv(a, -0.4822877248098744) :-  /* #pos=48 */ 
   nox(a, 4),
   !. // Flattened version of clause #2.

flattened_medv(a, 4.088185034366543) :-  /* #pos=3 */ 
   b(a, 9),
   nox(a, 8),
   !. // Flattened version of clause #3.

flattened_medv(a, -4.1534202324945175) :-  /* #pos=4 */ 
   b(a, 9),
   age(a, 2),
   !. // Flattened version of clause #4.

flattened_medv(a, -0.9562698257641192) :-  /* #pos=33 */ 
   b(a, 9),
   !. // Flattened version of clause #5.

flattened_medv(a, 5.974997693976794) :-  /* #pos=4 */ 
   nox(a, 7),
   crim(a, 5),
   !. // Flattened version of clause #6.

flattened_medv(a, 0.37436880369939507) :-  /* #pos=20 */ 
   nox(a, 7),
   !. // Flattened version of clause #7.

flattened_medv(a, 0.9415985760253943) :-  /* #pos=44 */ 
   dis(a, 2),
   !. // Flattened version of clause #8.

flattened_medv(underscore, 0.006107800845445429) :-  /* #pos=272 */ 
   !. // Flattened version of clause #9.


% The unique flattened literals:
%   dis(a, 2)
%   nox(a, 8)
%   nox(a, 4)
%   ptratio(a, 8)
%   b(a, 9)
%   age(a, 2)
%   nox(a, 7)
%   crim(a, 5)

% Saving model in: data/boston_housing/train/models/bRDNs/medv.model.ckpt
% Saving model in: data/boston_housing/train/models/bRDNs/medv.model


%%%%%%%%%%%%%%%%%%%%%%%%%%%%%%%%%%%%%%%%%%%%%%%%%%%%%%%%%%%
%%%%%  Final call for computing score for medv.  %%%%%
%%%%%%%%%%%%%%%%%%%%%%%%%%%%%%%%%%%%%%%%%%%%%%%%%%%%%%%%%%%

stepLength_tree1(1.0).
stepLength_tree2(1.0).
stepLength_tree3(1.0).
stepLength_tree4(1.0).
stepLength_tree5(1.0).
stepLength_tree6(1.0).
stepLength_tree7(1.0).
stepLength_tree8(1.0).
stepLength_tree9(1.0).
stepLength_tree10(1.0).

logPrior(0.0).
medv(A, Total) :- // A general accessor. 
   medv(A, 1000000, Total), !.
medv(A, Total) :- waitHere("This should not fail", medv(A, Total)).

medv(A, TreesToUse, Total) :- // A tree-limited accessor (e.g., for tuning the number of trees to use).
   logPrior(LogPrior),
   getScore_medv_tree1(A, TreesToUse, Total1),
   getScore_medv_tree2(A, TreesToUse, Total2),
   getScore_medv_tree3(A, TreesToUse, Total3),
   getScore_medv_tree4(A, TreesToUse, Total4),
   getScore_medv_tree5(A, TreesToUse, Total5),
   getScore_medv_tree6(A, TreesToUse, Total6),
   getScore_medv_tree7(A, TreesToUse, Total7),
   getScore_medv_tree8(A, TreesToUse, Total8),
   getScore_medv_tree9(A, TreesToUse, Total9),
   getScore_medv_tree10(A, TreesToUse, Total10),
   Total is LogPrior + Total1 + Total2 + Total3 + Total4 + Total5 + Total6 + Total7 + Total8 + Total9 + Total10,
   !.
medv(A, TreesToUse, Total) :- waitHere("This should not fail", medv(A, TreesToUse, Total)).

getScore_medv_tree1(A, TreesToUse, 0.0) :- 1 > TreesToUse, !.
getScore_medv_tree1(A, TreesToUse, Total1) :- medv_tree1(A, Total), stepLength_tree1(StepLen), Total1 is Total * StepLen.

getScore_medv_tree2(A, TreesToUse, 0.0) :- 2 > TreesToUse, !.
getScore_medv_tree2(A, TreesToUse, Total2) :- medv_tree2(A, Total), stepLength_tree2(StepLen), Total2 is Total * StepLen.

getScore_medv_tree3(A, TreesToUse, 0.0) :- 3 > TreesToUse, !.
getScore_medv_tree3(A, TreesToUse, Total3) :- medv_tree3(A, Total), stepLength_tree3(StepLen), Total3 is Total * StepLen.

getScore_medv_tree4(A, TreesToUse, 0.0) :- 4 > TreesToUse, !.
getScore_medv_tree4(A, TreesToUse, Total4) :- medv_tree4(A, Total), stepLength_tree4(StepLen), Total4 is Total * StepLen.

getScore_medv_tree5(A, TreesToUse, 0.0) :- 5 > TreesToUse, !.
getScore_medv_tree5(A, TreesToUse, Total5) :- medv_tree5(A, Total), stepLength_tree5(StepLen), Total5 is Total * StepLen.

getScore_medv_tree6(A, TreesToUse, 0.0) :- 6 > TreesToUse, !.
getScore_medv_tree6(A, TreesToUse, Total6) :- medv_tree6(A, Total), stepLength_tree6(StepLen), Total6 is Total * StepLen.

getScore_medv_tree7(A, TreesToUse, 0.0) :- 7 > TreesToUse, !.
getScore_medv_tree7(A, TreesToUse, Total7) :- medv_tree7(A, Total), stepLength_tree7(StepLen), Total7 is Total * StepLen.

getScore_medv_tree8(A, TreesToUse, 0.0) :- 8 > TreesToUse, !.
getScore_medv_tree8(A, TreesToUse, Total8) :- medv_tree8(A, Total), stepLength_tree8(StepLen), Total8 is Total * StepLen.

getScore_medv_tree9(A, TreesToUse, 0.0) :- 9 > TreesToUse, !.
getScore_medv_tree9(A, TreesToUse, Total9) :- medv_tree9(A, Total), stepLength_tree9(StepLen), Total9 is Total * StepLen.

getScore_medv_tree10(A, TreesToUse, 0.0) :- 10 > TreesToUse, !.
getScore_medv_tree10(A, TreesToUse, Total10) :- medv_tree10(A, Total), stepLength_tree10(StepLen), Total10 is Total * StepLen.

flattenedLiteralsInThisSetOfTrees(medv, 57, [
   b(a, 8),
   indus(a, 2),
   indus(a, 10),
   b(a, 1),
   crim(a, 8),
   crim(a, 1),
   crim(a, 2),
   age(a, 5),
   lstat(a, 6),
   b(a, 9),
   ptratio(a, 8),
   lstat(a, 9),
   rad(a, 5),
   indus(a, 3),
   rm(a, 5),
   zn(a, 95),
   tax(a, 264),
   crim(a, 9),
   b(a, 5),
   chas(a, 0),
   nox(a, 10),
   nox(a, 8),
   indus(a, 5),
   rad(a, 3),
   nox(a, 7),
   dis(a, 5),
   crim(a, 5),
   dis(a, 2),
   dis(a, 10),
   tax(a, 300),
   rm(a, 3),
   age(a, 6),
   age(a, 4),
   age(a, 9),
   rm(a, 10),
   nox(a, 9),
   dis(a, 8),
   rm(a, 6),
   lstat(a, 1),
   dis(a, 9),
   nox(a, 4),
   tax(a, 193),
   rm(a, 1),
   rm(a, 2),
   zn(a, 0),
   rm(a, 9),
   dis(a, 3),
   rm(a, 7),
   tax(a, 307),
   rm(a, 4),
   lstat(a, 3),
   age(a, 2),
   b(a, 7),
   lstat(a, 5),
   ptratio(a, 6),
   age(a, 7),
   ptratio(a, 2)]).
% Time taken to learn model for 'medv': 8,197 seconds.
% Saving model in: data/boston_housing/train/models/bRDNs/medv.model
cached groundings hit: 0
Misses: 0

% Total learning time (10 trees): 8,463 seconds.

% Switching to VarIndicator = uppercase.

% Unset'ing VarIndicator.

Resetting the LazyGroundNthArgumentClauseIndex.

% Calling ILPouterLoop from createRegressionOuterLooper.

% getInputArgWithDefaultValue: args=[data/boston_housing/test/test_pos.txt, data/boston_housing/test/test_neg.txt, data/boston_housing/test/test_bk.txt, data/boston_housing/test/test_facts.txt]
%  for N=0: args[N]=data/boston_housing/test/test_pos.txt

% getInputArgWithDefaultValue: args=[data/boston_housing/test/test_pos.txt, data/boston_housing/test/test_neg.txt, data/boston_housing/test/test_bk.txt, data/boston_housing/test/test_facts.txt]
%  for N=1: args[N]=data/boston_housing/test/test_neg.txt

% getInputArgWithDefaultValue: args=[data/boston_housing/test/test_pos.txt, data/boston_housing/test/test_neg.txt, data/boston_housing/test/test_bk.txt, data/boston_housing/test/test_facts.txt]
%  for N=2: args[N]=data/boston_housing/test/test_bk.txt

% getInputArgWithDefaultValue: args=[data/boston_housing/test/test_pos.txt, data/boston_housing/test/test_neg.txt, data/boston_housing/test/test_bk.txt, data/boston_housing/test/test_facts.txt]
%  for N=3: args[N]=data/boston_housing/test/test_facts.txt

% Welcome to the WILL ILP/SRL systems.

% Reading background theory from dir: null

% Switching to VarIndicator = uppercase.

***** Warning: % Since this is the first setting of the notation for variables, will keep:
%   variableIndicator = uppercase *****

% [ LazyGroundClauseIndex ]  Building full index for mode/1 with 1 assertions.

%  Read the facts.
%  Have read 166 facts.

%  LearnOneClause initialized.

% The outer looper has been created.

% Initializing the ILP inner looper.
% Have read 13 examples from 'data/boston_housing/test' [data/boston_housing/test/test*].

% NEW target:                 medv(A)
%  targetPred:                medv/1
%  targetArgTypes:            signature = [const], types = [+id]
%  targets:                   [medv(A)]
%  targetPredicates:          [medv/1]
%  targetArgSpecs:            [[A[+id]]]
%  variablesInTargets:        [[A]]

% Started collecting constants

% Collecting the types of constants.

%   *** WARNING ***  Constant '10' is already marked as being of types = [varsrim];
%          type = 'varindus' may be added if not already known.
%  PredicateName = 'indus', from 'indus(id433, 10)',
%  which has types = [signature = [const, const], types = [+id, #varindus]]
%   Other warnings with this predicate and this new type are not reported in order to keep this printout small.  Use dontComplainAboutMultipleTypes to override.

%   *** WARNING ***  Constant '0' is already marked as being of types = [varzn];
%          type = 'varchas' may be added if not already known.
%  PredicateName = 'chas', from 'chas(id139, 0)',
%  which has types = [signature = [const, const], types = [+id, #varchas]]
%   Other warnings with this predicate and this new type are not reported in order to keep this printout small.  Use dontComplainAboutMultipleTypes to override.

%   *** WARNING ***  Constant '8' is already marked as being of types = [varindus];
%          type = 'varnox' may be added if not already known.
%  PredicateName = 'nox', from 'nox(id139, 8)',
%  which has types = [signature = [const, const], types = [+id, #varnox]]
%   Other warnings with this predicate and this new type are not reported in order to keep this printout small.  Use dontComplainAboutMultipleTypes to override.

%   *** WARNING ***  Constant '8' is already marked as being of types = [varindus, varnox];
%          type = 'varrm' may be added if not already known.
%  PredicateName = 'rm', from 'rm(id139, 8)',
%  which has types = [signature = [const, const], types = [+id, #varrm]]
%   Other warnings with this predicate and this new type are not reported in order to keep this printout small.  Use dontComplainAboutMultipleTypes to override.

%   *** WARNING ***  Constant '5' is already marked as being of types = [varsrim, varindus, varnox, varrm];
%          type = 'varage' may be added if not already known.
%  PredicateName = 'age', from 'age(id139, 5)',
%  which has types = [signature = [const, const], types = [+id, #varage]]
%   Other warnings with this predicate and this new type are not reported in order to keep this printout small.  Use dontComplainAboutMultipleTypes to override.

%   *** WARNING ***  Constant '9' is already marked as being of types = [varsrim, varindus, varnox, varage];
%          type = 'vardis' may be added if not already known.
%  PredicateName = 'dis', from 'dis(id139, 9)',
%  which has types = [signature = [const, const], types = [+id, #vardis]]
%   Other warnings with this predicate and this new type are not reported in order to keep this printout small.  Use dontComplainAboutMultipleTypes to override.

%   *** WARNING ***  Constant '4' is already marked as being of types = [varsrim, varindus, varrm, varage, vardis];
%          type = 'varrad' may be added if not already known.
%  PredicateName = 'rad', from 'rad(id139, 4)',
%  which has types = [signature = [const, const], types = [+id, #varrad]]
%   Other warnings with this predicate and this new type are not reported in order to keep this printout small.  Use dontComplainAboutMultipleTypes to override.

%   *** WARNING ***  Constant '7' is already marked as being of types = [varindus, varnox, varrm, varage, varrad];
%          type = 'varptrat' may be added if not already known.
%  PredicateName = 'ptratio', from 'ptratio(id139, 7)',
%  which has types = [signature = [const, const], types = [+id, #varptrat]]
%   Other warnings with this predicate and this new type are not reported in order to keep this printout small.  Use dontComplainAboutMultipleTypes to override.

%   *** WARNING ***  Constant '2' is already marked as being of types = [varnox, varrm, varage, varrad, varptrat];
%          type = 'varb' may be added if not already known.
%  PredicateName = 'b', from 'b(id139, 2)',
%  which has types = [signature = [const, const], types = [+id, #varb]]
%   Other warnings with this predicate and this new type are not reported in order to keep this printout small.  Use dontComplainAboutMultipleTypes to override.

%   *** WARNING ***  Constant '5' is already marked as being of types = [varsrim, varindus, varnox, varrm, varage, vardis, varrad, varptrat, varb];
%          type = 'varlstat' may be added if not already known.
%  PredicateName = 'lstat', from 'lstat(id139, 5)',
%  which has types = [signature = [const, const], types = [+id, #varlstat]]
%   Other warnings with this predicate and this new type are not reported in order to keep this printout small.  Use dontComplainAboutMultipleTypes to override.

% Looking at the training examples to see if any types of new constants can be inferred.
% Time to collect constants: 3 milliseconds

% Read 13 pos examples and 0 neg examples.
% Time to init learnOneClause: 4 milliseconds
% Old dirdata/boston_housing/train/models/

% Have 13 'raw' positive examples and kept 13.
% Have 0 'raw' negative examples and kept 0.
% No neg ex for medv

% processing backup's for medv
%  POS EX = 13
%  NEG EX = 0

% Memory usage by WILLSetup (just counts # targets?):
%  |backupPosExamples| = 1
%  |backupNegExamples| = 1
%  |predicatesAsFacts| = 0
%  |addedToFactBase|   = 0

% Getting bRDN's target predicates.
% Did not learn a model for 'medv' this run.
%   loadModel (#0): data/boston_housing/train/models/bRDNs/Trees/medvTree0.tree
%   loadModel (#1): data/boston_housing/train/models/bRDNs/Trees/medvTree1.tree
%   loadModel (#2): data/boston_housing/train/models/bRDNs/Trees/medvTree2.tree
%   loadModel (#3): data/boston_housing/train/models/bRDNs/Trees/medvTree3.tree
%   loadModel (#4): data/boston_housing/train/models/bRDNs/Trees/medvTree4.tree
%   loadModel (#5): data/boston_housing/train/models/bRDNs/Trees/medvTree5.tree
%   loadModel (#6): data/boston_housing/train/models/bRDNs/Trees/medvTree6.tree
%   loadModel (#7): data/boston_housing/train/models/bRDNs/Trees/medvTree7.tree
%   loadModel (#8): data/boston_housing/train/models/bRDNs/Trees/medvTree8.tree
%   loadModel (#9): data/boston_housing/train/models/bRDNs/Trees/medvTree9.tree
%  Done loading 10 models.

% for medv |lookupPos| = 13
% for medv |lookupNeg| = 0
% getJointExamples: |pos| = 13, |neg| = 0
% [ LazyGroundClauseIndex ]  Building full index for rm/2 with 13 assertions.
% [ LazyGroundClauseIndex ]  Building full index for zn/2 with 14 assertions.
% [ LazyGroundClauseIndex ]  Building full index for nox/2 with 12 assertions.
% [ LazyGroundClauseIndex ]  Building full index for dis/2 with 13 assertions.
% [ LazyGroundClauseIndex ]  Building full index for crim/2 with 13 assertions.
% [ LazyGroundClauseIndex ]  Building full index for lstat/2 with 13 assertions.
% [ LazyGroundClauseIndex ]  Building full index for age/2 with 13 assertions.
% [ LazyGroundClauseIndex ]  Building full index for tax/2 with 13 assertions.
% [ LazyGroundClauseIndex ]  Building full index for indus/2 with 13 assertions.
% [ LazyGroundClauseIndex ]  Building full index for rad/2 with 12 assertions.
% [ LazyGroundClauseIndex ]  Building full index for ptratio/2 with 11 assertions.
% [ LazyGroundClauseIndex ]  Building full index for b/2 with 13 assertions.
medv
SquaredError = 171.5726095436601
MeanSquaredError = 13.197893041820008

% Total inference time (10 trees): 64 milliseconds.
]]></system-out>
  <system-err><![CDATA[]]></system-err>
</testsuite>
