<?xml version="1.0" encoding="UTF-8"?>
<testsuite name="edu.wisc.cs.will.BostonHousingMLNRegressionTest" tests="1" skipped="0" failures="0" errors="0" timestamp="2022-10-20T17:09:59" hostname="Ubuntu" time="11.236">
  <properties/>
  <testcase name="testMLNBostonHousingLearnInfer()" classname="edu.wisc.cs.will.BostonHousingMLNRegressionTest" time="11.236"/>
  <system-out><![CDATA[
% Calling SETUP.

% Switching to VarIndicator = uppercase.

% Unset'ing VarIndicator.

Resetting the LazyGroundNthArgumentClauseIndex.

% Calling ILPouterLoop from createRegressionOuterLooper.

% getInputArgWithDefaultValue: args=[data/boston_housing/train/train_pos.txt, data/boston_housing/train/train_neg.txt, data/boston_housing/train/train_bk.txt, data/boston_housing/train/train_facts.txt]
%  for N=0: args[N]=data/boston_housing/train/train_pos.txt

% getInputArgWithDefaultValue: args=[data/boston_housing/train/train_pos.txt, data/boston_housing/train/train_neg.txt, data/boston_housing/train/train_bk.txt, data/boston_housing/train/train_facts.txt]
%  for N=1: args[N]=data/boston_housing/train/train_neg.txt

% getInputArgWithDefaultValue: args=[data/boston_housing/train/train_pos.txt, data/boston_housing/train/train_neg.txt, data/boston_housing/train/train_bk.txt, data/boston_housing/train/train_facts.txt]
%  for N=2: args[N]=data/boston_housing/train/train_bk.txt

% getInputArgWithDefaultValue: args=[data/boston_housing/train/train_pos.txt, data/boston_housing/train/train_neg.txt, data/boston_housing/train/train_bk.txt, data/boston_housing/train/train_facts.txt]
%  for N=3: args[N]=data/boston_housing/train/train_facts.txt

% Welcome to the WILL ILP/SRL systems.

% Reading background theory from dir: null

% Switching to VarIndicator = uppercase.

***** Warning: % Since this is the first setting of the notation for variables, will keep:
%   variableIndicator = uppercase *****

% [ LazyGroundClauseIndex ]  Building full index for mode/1 with 1 assertions.

%  Read the facts.
%  Have read 5.668 facts.

%  LearnOneClause initialized.

% The outer looper has been created.

% Initializing the ILP inner looper.
% Have read 436 examples from 'data/boston_housing/train' [data/boston_housing/train/train*].

% NEW target:                 medv(A)
%  targetPred:                medv/1
%  targetArgTypes:            signature = [const], types = [+id]
%  targets:                   [medv(A)]
%  targetPredicates:          [medv/1]
%  targetArgSpecs:            [[A[+id]]]
%  variablesInTargets:        [[A]]

% Started collecting constants

% Collecting the types of constants.

%   *** WARNING ***  Constant '1' is already marked as being of types = [varsrim];
%          type = 'varindus' may be added if not already known.
%  PredicateName = 'indus', from 'indus(id100, 1)',
%  which has types = [signature = [const, const], types = [+id, #varindus]]
%   Other warnings with this predicate and this new type are not reported in order to keep this printout small.  Use dontComplainAboutMultipleTypes to override.

%   *** WARNING ***  Constant '0' is already marked as being of types = [varzn];
%          type = 'varchas' may be added if not already known.
%  PredicateName = 'chas', from 'chas(id1, 0)',
%  which has types = [signature = [const, const], types = [+id, #varchas]]
%   Other warnings with this predicate and this new type are not reported in order to keep this printout small.  Use dontComplainAboutMultipleTypes to override.

%   *** WARNING ***  Constant '2' is already marked as being of types = [varsrim, varindus];
%          type = 'varnox' may be added if not already known.
%  PredicateName = 'nox', from 'nox(id100, 2)',
%  which has types = [signature = [const, const], types = [+id, #varnox]]
%   Other warnings with this predicate and this new type are not reported in order to keep this printout small.  Use dontComplainAboutMultipleTypes to override.

%   *** WARNING ***  Constant '3' is already marked as being of types = [varsrim, varindus, varnox];
%          type = 'varrm' may be added if not already known.
%  PredicateName = 'rm', from 'rm(id100, 3)',
%  which has types = [signature = [const, const], types = [+id, #varrm]]
%   Other warnings with this predicate and this new type are not reported in order to keep this printout small.  Use dontComplainAboutMultipleTypes to override.

%   *** WARNING ***  Constant '1' is already marked as being of types = [varsrim, varindus, varchas, varnox, varrm];
%          type = 'varage' may be added if not already known.
%  PredicateName = 'age', from 'age(id100, 1)',
%  which has types = [signature = [const, const], types = [+id, #varage]]
%   Other warnings with this predicate and this new type are not reported in order to keep this printout small.  Use dontComplainAboutMultipleTypes to override.

%   *** WARNING ***  Constant '4' is already marked as being of types = [varsrim, varindus, varnox, varrm, varage];
%          type = 'vardis' may be added if not already known.
%  PredicateName = 'dis', from 'dis(id100, 4)',
%  which has types = [signature = [const, const], types = [+id, #vardis]]
%   Other warnings with this predicate and this new type are not reported in order to keep this printout small.  Use dontComplainAboutMultipleTypes to override.

%   *** WARNING ***  Constant '2' is already marked as being of types = [varsrim, varindus, varnox, varrm, varage, vardis];
%          type = 'varrad' may be added if not already known.
%  PredicateName = 'rad', from 'rad(id100, 2)',
%  which has types = [signature = [const, const], types = [+id, #varrad]]
%   Other warnings with this predicate and this new type are not reported in order to keep this printout small.  Use dontComplainAboutMultipleTypes to override.

%   *** WARNING ***  Constant '2' is already marked as being of types = [varsrim, varindus, varnox, varrm, varage, vardis, varrad];
%          type = 'varptrat' may be added if not already known.
%  PredicateName = 'ptratio', from 'ptratio(id100, 2)',
%  which has types = [signature = [const, const], types = [+id, #varptrat]]
%   Other warnings with this predicate and this new type are not reported in order to keep this printout small.  Use dontComplainAboutMultipleTypes to override.

%   *** WARNING ***  Constant '1' is already marked as being of types = [varsrim, varindus, varchas, varnox, varrm, varage, vardis, varrad, varptrat];
%          type = 'varb' may be added if not already known.
%  PredicateName = 'b', from 'b(id100, 1)',
%  which has types = [signature = [const, const], types = [+id, #varb]]
%   Other warnings with this predicate and this new type are not reported in order to keep this printout small.  Use dontComplainAboutMultipleTypes to override.

%   *** WARNING ***  Constant '1' is already marked as being of types = [varsrim, varindus, varchas, varnox, varrm, varage, vardis, varrad, varptrat, varb];
%          type = 'varlstat' may be added if not already known.
%  PredicateName = 'lstat', from 'lstat(id100, 1)',
%  which has types = [signature = [const, const], types = [+id, #varlstat]]
%   Other warnings with this predicate and this new type are not reported in order to keep this printout small.  Use dontComplainAboutMultipleTypes to override.

% Looking at the training examples to see if any types of new constants can be inferred.
% Time to collect constants: 31 milliseconds

% Read 436 pos examples and 0 neg examples.
% Time to init learnOneClause: 49 milliseconds
% Old dirnull
Setting model dir

% Have 436 'raw' positive examples and kept 436.
% Have 0 'raw' negative examples and kept 0.
% No neg ex for medv

% processing backup's for medv
%  POS EX = 436
%  NEG EX = 0

% Memory usage by WILLSetup (just counts # targets?):
%  |backupPosExamples| = 1
%  |backupNegExamples| = 1
%  |predicatesAsFacts| = 0
%  |addedToFactBase|   = 0
data/boston_housing/train/models/
% Learning 10 trees in this iteration for medv

% Learn model for: medv
% Kept 436 of the 436 positive examples.
% Kept 0 of the 0 negative examples.
% Have prepared facts.
%      addToQueueOfTreeStructuredLearningTasks (level=0; score=1,797693135e+308)
%         ILP node to extend: null
%      Insert tree-structured search node (@ level = 0 and with score = 1,797693135e+308) into the LAST position (#1) in the search queue.
Variance:90.91398930014282
Set score:0.0025
% Dataset size: 436
Computing probabilities
prob time:0 seconds
No hidden examples for : medv
Time to build dataset: 1 milliseconds
%      addToQueueOfTreeStructuredLearningTasks (level=0; score=1,797693135e+308)
%         ILP node to extend: null
%      Insert tree-structured search node (@ level = 0 and with score = 1,797693135e+308) into the LAST position (#1) in the search queue.
Variance:90.91398930014384
Set score:0.0025

% Have these 8 positive seeds: 1 30 58 79 136 202 235 322

% LearnOneClause Parameters:
%   Targets (1):
%    medv(+id)
%  Modes (13):
%    crim(+id, #varsrim),
%    zn(+id, #varzn),
%    indus(+id, #varindus),
%    chas(+id, #varchas),
%    nox(+id, #varnox),
%    rm(+id, #varrm),
%    age(+id, #varage),
%    dis(+id, #vardis),
%    rad(+id, #varrad),
%    tax(+id, #vartax),
%    ptratio(+id, #varptrat),
%    b(+id, #varb),
%    lstat(+id, #varlstat)

% target           = medv(A)
%     Score = -Infinity (regressionFit = Infinity, penalties=1.1E-7) for clause:  medv(_).  [covers 436,0/436,0 pos, 0,0/0,0 neg]
% Unacceptable due to being the root node.
% Most-general root: medv(_).  [covers 436,0/436,0 pos, 0,0/0,0 neg]  score = -Infinity
% [ LazyGroundNthArgumentClauseIndex ]  Argument 0:  Building full index for crim/2.
% [ LazyGroundClauseIndex ]  Building full index for crim/2 with 436 assertions.
% [ LazyGroundNthArgumentClauseIndex ]  Argument 0:  Building full index for zn/2.
% [ LazyGroundClauseIndex ]  Building full index for zn/2 with 436 assertions.
% [ LazyGroundNthArgumentClauseIndex ]  Argument 0:  Building full index for indus/2.
% [ LazyGroundClauseIndex ]  Building full index for indus/2 with 436 assertions.
% [ LazyGroundNthArgumentClauseIndex ]  Argument 0:  Building full index for chas/2.
% [ LazyGroundClauseIndex ]  Building full index for chas/2 with 436 assertions.
% [ LazyGroundNthArgumentClauseIndex ]  Argument 0:  Building full index for nox/2.
% [ LazyGroundClauseIndex ]  Building full index for nox/2 with 436 assertions.
% [ LazyGroundNthArgumentClauseIndex ]  Argument 0:  Building full index for rm/2.
% [ LazyGroundClauseIndex ]  Building full index for rm/2 with 436 assertions.
% [ LazyGroundNthArgumentClauseIndex ]  Argument 0:  Building full index for age/2.
% [ LazyGroundClauseIndex ]  Building full index for age/2 with 436 assertions.
% [ LazyGroundNthArgumentClauseIndex ]  Argument 0:  Building full index for dis/2.
% [ LazyGroundClauseIndex ]  Building full index for dis/2 with 436 assertions.
% [ LazyGroundNthArgumentClauseIndex ]  Argument 0:  Building full index for rad/2.
% [ LazyGroundClauseIndex ]  Building full index for rad/2 with 436 assertions.
% [ LazyGroundNthArgumentClauseIndex ]  Argument 0:  Building full index for tax/2.
% [ LazyGroundClauseIndex ]  Building full index for tax/2 with 436 assertions.
% [ LazyGroundNthArgumentClauseIndex ]  Argument 0:  Building full index for ptratio/2.
% [ LazyGroundClauseIndex ]  Building full index for ptratio/2 with 436 assertions.
% [ LazyGroundNthArgumentClauseIndex ]  Argument 0:  Building full index for b/2.
% [ LazyGroundClauseIndex ]  Building full index for b/2 with 436 assertions.
% [ LazyGroundNthArgumentClauseIndex ]  Argument 0:  Building full index for lstat/2.
% [ LazyGroundClauseIndex ]  Building full index for lstat/2 with 436 assertions.
%     Score = -39.638,468162 (regressionFit = 39.638,468161, penalties=1.03E-6) for clause:  medv(A) :- crim(A, 3).  [covers 47,0/436,0 pos, 0,0/0,0 neg]
% Gleaner: New best node found (score = -39.638,468162): medv(A) :- crim(A, 3).  [covers 47,0/436,0 pos, 0,0/0,0 neg]
%     Score = -39.500,127853 (regressionFit = 39.500,127852, penalties=1.03E-6) for clause:  medv(A) :- crim(A, 4).  [covers 41,0/436,0 pos, 0,0/0,0 neg]
% Gleaner: New best node found (score = -39.500,127853): medv(A) :- crim(A, 4).  [covers 41,0/436,0 pos, 0,0/0,0 neg]
%     Score = -39.638,483808 (regressionFit = 39.638,483807, penalties=1.03E-6) for clause:  medv(A) :- crim(A, 5).  [covers 49,0/436,0 pos, 0,0/0,0 neg]
%     Score = -37.633,240561 (regressionFit = 37.633,240560, penalties=1.03E-6) for clause:  medv(A) :- crim(A, 1).  [covers 49,0/436,0 pos, 0,0/0,0 neg]
% Gleaner: New best node found (score = -37.633,240561): medv(A) :- crim(A, 1).  [covers 49,0/436,0 pos, 0,0/0,0 neg]
%     Score = -38.808,651307 (regressionFit = 38.808,651306, penalties=1.03E-6) for clause:  medv(A) :- crim(A, 7).  [covers 47,0/436,0 pos, 0,0/0,0 neg]
%     Score = -33.315,657792 (regressionFit = 33.315,657791, penalties=1.03E-6) for clause:  medv(A) :- crim(A, 10).  [covers 45,0/436,0 pos, 0,0/0,0 neg]
% Gleaner: New best node found (score = -33.315,657792): medv(A) :- crim(A, 10).  [covers 45,0/436,0 pos, 0,0/0,0 neg]
%     Score = -34.695,563004 (regressionFit = 34.695,563003, penalties=1.03E-6) for clause:  medv(A) :- zn(A, 0).  [covers 307,0/436,0 pos, 0,0/0,0 neg]
%     Score = -38.616,069631 (regressionFit = 38.616,069630, penalties=1.03E-6) for clause:  medv(A) :- zn(A, 90).  [covers 4,0/436,0 pos, 0,0/0,0 neg]
%     Score = -38.847,221324 (regressionFit = 38.847,221323, penalties=1.03E-6) for clause:  medv(A) :- indus(A, 3).  [covers 47,0/436,0 pos, 0,0/0,0 neg]
%     Score = -39.062,758165 (regressionFit = 39.062,758164, penalties=1.03E-6) for clause:  medv(A) :- indus(A, 8).  [covers 21,0/436,0 pos, 0,0/0,0 neg]
%     Score = -39.631,729726 (regressionFit = 39.631,729725, penalties=1.03E-6) for clause:  medv(A) :- indus(A, 9).  [covers 29,0/436,0 pos, 0,0/0,0 neg]
%     Score = -38.605,364995 (regressionFit = 38.605,364994, penalties=1.03E-6) for clause:  medv(A) :- indus(A, 2).  [covers 51,0/436,0 pos, 0,0/0,0 neg]
%     Score = -36.297,050048 (regressionFit = 36.297,050047, penalties=1.03E-6) for clause:  medv(A) :- indus(A, 4).  [covers 49,0/436,0 pos, 0,0/0,0 neg]
%     Score = -39.505,053776 (regressionFit = 39.505,053775, penalties=1.03E-6) for clause:  medv(A) :- indus(A, 6).  [covers 36,0/436,0 pos, 0,0/0,0 neg]
%     Score = -33.338,864441 (regressionFit = 33.338,864440, penalties=1.03E-6) for clause:  medv(A) :- indus(A, 10).  [covers 90,0/436,0 pos, 0,0/0,0 neg]
%     Score = -38.577,904001 (regressionFit = 38.577,904000, penalties=1.03E-6) for clause:  medv(A) :- chas(A, 0).  [covers 401,0/436,0 pos, 0,0/0,0 neg]
%     Score = -38.577,904001 (regressionFit = 38.577,904000, penalties=1.03E-6) for clause:  medv(A) :- chas(A, 1).  [covers 35,0/436,0 pos, 0,0/0,0 neg]
%     Score = -39.632,627139 (regressionFit = 39.632,627138, penalties=1.03E-6) for clause:  medv(A) :- nox(A, 3).  [covers 43,0/436,0 pos, 0,0/0,0 neg]
%     Score = -39.461,939144 (regressionFit = 39.461,939143, penalties=1.03E-6) for clause:  medv(A) :- nox(A, 7).  [covers 32,0/436,0 pos, 0,0/0,0 neg]
%     Score = -37.626,311286 (regressionFit = 37.626,311285, penalties=1.03E-6) for clause:  medv(A) :- nox(A, 9).  [covers 42,0/436,0 pos, 0,0/0,0 neg]
%     Score = -38.737,679697 (regressionFit = 38.737,679696, penalties=1.03E-6) for clause:  medv(A) :- nox(A, 1).  [covers 47,0/436,0 pos, 0,0/0,0 neg]
%     Score = -38.241,492656 (regressionFit = 38.241,492655, penalties=1.03E-6) for clause:  medv(A) :- nox(A, 6).  [covers 48,0/436,0 pos, 0,0/0,0 neg]
%     Score = -32.266,679045 (regressionFit = 32.266,679044, penalties=1.03E-6) for clause:  medv(A) :- nox(A, 10).  [covers 42,0/436,0 pos, 0,0/0,0 neg]
% Gleaner: New best node found (score = -32.266,679045): medv(A) :- nox(A, 10).  [covers 42,0/436,0 pos, 0,0/0,0 neg]
%     Score = -39.337,639541 (regressionFit = 39.337,639540, penalties=1.03E-6) for clause:  medv(A) :- rm(A, 1).  [covers 43,0/436,0 pos, 0,0/0,0 neg]
%     Score = -39.105,555484 (regressionFit = 39.105,555483, penalties=1.03E-6) for clause:  medv(A) :- rm(A, 5).  [covers 39,0/436,0 pos, 0,0/0,0 neg]
%     Score = -36.786,815820 (regressionFit = 36.786,815819, penalties=1.03E-6) for clause:  medv(A) :- rm(A, 9).  [covers 44,0/436,0 pos, 0,0/0,0 neg]
%     Score = -38.918,693679 (regressionFit = 38.918,693678, penalties=1.03E-6) for clause:  medv(A) :- rm(A, 8).  [covers 45,0/436,0 pos, 0,0/0,0 neg]
%     Score = -37.701,638091 (regressionFit = 37.701,638090, penalties=1.03E-6) for clause:  medv(A) :- rm(A, 4).  [covers 46,0/436,0 pos, 0,0/0,0 neg]
%     Score = -39.591,251036 (regressionFit = 39.591,251035, penalties=1.03E-6) for clause:  medv(A) :- age(A, 2).  [covers 40,0/436,0 pos, 0,0/0,0 neg]
%     Score = -39.637,162592 (regressionFit = 39.637,162591, penalties=1.03E-6) for clause:  medv(A) :- age(A, 9).  [covers 40,0/436,0 pos, 0,0/0,0 neg]
%     Score = -37.201,871597 (regressionFit = 37.201,871596, penalties=1.03E-6) for clause:  medv(A) :- age(A, 6).  [covers 48,0/436,0 pos, 0,0/0,0 neg]
%     Score = -38.514,302075 (regressionFit = 38.514,302074, penalties=1.03E-6) for clause:  medv(A) :- age(A, 8).  [covers 49,0/436,0 pos, 0,0/0,0 neg]
%     Score = -38.506,152858 (regressionFit = 38.506,152857, penalties=1.03E-6) for clause:  medv(A) :- age(A, 10).  [covers 49,0/436,0 pos, 0,0/0,0 neg]
%     Score = -38.382,788103 (regressionFit = 38.382,788102, penalties=1.03E-6) for clause:  medv(A) :- age(A, 7).  [covers 43,0/436,0 pos, 0,0/0,0 neg]
%     Score = -38.756,088525 (regressionFit = 38.756,088524, penalties=1.03E-6) for clause:  medv(A) :- dis(A, 6).  [covers 32,0/436,0 pos, 0,0/0,0 neg]
%     Score = -39.604,062463 (regressionFit = 39.604,062462, penalties=1.03E-6) for clause:  medv(A) :- dis(A, 8).  [covers 42,0/436,0 pos, 0,0/0,0 neg]
%     Score = -37.799,267521 (regressionFit = 37.799,267520, penalties=1.03E-6) for clause:  medv(A) :- dis(A, 10).  [covers 51,0/436,0 pos, 0,0/0,0 neg]
%     Score = -39.608,466081 (regressionFit = 39.608,466080, penalties=1.03E-6) for clause:  medv(A) :- dis(A, 1).  [covers 48,0/436,0 pos, 0,0/0,0 neg]
%     Score = -39.019,388871 (regressionFit = 39.019,388870, penalties=1.03E-6) for clause:  medv(A) :- dis(A, 4).  [covers 45,0/436,0 pos, 0,0/0,0 neg]
%     Score = -39.463,716798 (regressionFit = 39.463,716797, penalties=1.03E-6) for clause:  medv(A) :- dis(A, 5).  [covers 46,0/436,0 pos, 0,0/0,0 neg]
%     Score = -37.266,455873 (regressionFit = 37.266,455872, penalties=1.03E-6) for clause:  medv(A) :- dis(A, 9).  [covers 43,0/436,0 pos, 0,0/0,0 neg]
%     Score = -38.686,454048 (regressionFit = 38.686,454047, penalties=1.03E-6) for clause:  medv(A) :- rad(A, 5).  [covers 112,0/436,0 pos, 0,0/0,0 neg]
%     Score = -39.277,358952 (regressionFit = 39.277,358951, penalties=1.03E-6) for clause:  medv(A) :- rad(A, 2).  [covers 23,0/436,0 pos, 0,0/0,0 neg]
%     Score = -39.459,259956 (regressionFit = 39.459,259954, penalties=1.03E-6) for clause:  medv(A) :- rad(A, 4).  [covers 101,0/436,0 pos, 0,0/0,0 neg]
%     Score = -38.322,758601 (regressionFit = 38.322,758600, penalties=1.03E-6) for clause:  medv(A) :- rad(A, 8).  [covers 24,0/436,0 pos, 0,0/0,0 neg]
%     Score = -39.533,010437 (regressionFit = 39.533,010435, penalties=1.03E-6) for clause:  medv(A) :- rad(A, 1).  [covers 15,0/436,0 pos, 0,0/0,0 neg]
%     Score = -33.338,864441 (regressionFit = 33.338,864440, penalties=1.03E-6) for clause:  medv(A) :- rad(A, 24).  [covers 90,0/436,0 pos, 0,0/0,0 neg]
%     Score = -39.591,417212 (regressionFit = 39.591,417211, penalties=1.03E-6) for clause:  medv(A) :- tax(A, 384).  [covers 11,0/436,0 pos, 0,0/0,0 neg]
%     Score = -39.539,402678 (regressionFit = 39.539,402677, penalties=1.03E-6) for clause:  medv(A) :- tax(A, 188).  [covers 7,0/436,0 pos, 0,0/0,0 neg]
%     Score = -39.631,729726 (regressionFit = 39.631,729725, penalties=1.03E-6) for clause:  medv(A) :- tax(A, 403).  [covers 29,0/436,0 pos, 0,0/0,0 neg]
%     Score = -39.559,309787 (regressionFit = 39.559,309786, penalties=1.03E-6) for clause:  medv(A) :- tax(A, 307).  [covers 39,0/436,0 pos, 0,0/0,0 neg]
%     Score = -Infinity (regressionFit = Infinity, penalties=1.03E-6) for clause:  medv(A) :- tax(A, 285).  [covers 1,0/436,0 pos, 0,0/0,0 neg]
%     Score = -39.497,238969 (regressionFit = 39.497,238968, penalties=1.03E-6) for clause:  medv(A) :- tax(A, 304).  [covers 14,0/436,0 pos, 0,0/0,0 neg]
%     Score = -33.338,864441 (regressionFit = 33.338,864440, penalties=1.03E-6) for clause:  medv(A) :- tax(A, 666).  [covers 90,0/436,0 pos, 0,0/0,0 neg]
%     Score = -38.814,127996 (regressionFit = 38.814,127995, penalties=1.03E-6) for clause:  medv(A) :- ptratio(A, 4).  [covers 32,0/436,0 pos, 0,0/0,0 neg]
%     Score = -39.637,264034 (regressionFit = 39.637,264033, penalties=1.03E-6) for clause:  medv(A) :- ptratio(A, 5).  [covers 42,0/436,0 pos, 0,0/0,0 neg]
%     Score = -36.925,257034 (regressionFit = 36.925,257033, penalties=1.03E-6) for clause:  medv(A) :- ptratio(A, 9).  [covers 50,0/436,0 pos, 0,0/0,0 neg]
%     Score = -38.628,749898 (regressionFit = 38.628,749897, penalties=1.03E-6) for clause:  medv(A) :- ptratio(A, 6).  [covers 48,0/436,0 pos, 0,0/0,0 neg]
%     Score = -38.780,620084 (regressionFit = 38.780,620083, penalties=1.03E-6) for clause:  medv(A) :- ptratio(A, 1).  [covers 45,0/436,0 pos, 0,0/0,0 neg]
%     Score = -39.612,829726 (regressionFit = 39.612,829724, penalties=1.03E-6) for clause:  medv(A) :- ptratio(A, 3).  [covers 51,0/436,0 pos, 0,0/0,0 neg]
%     Score = -33.258,024659 (regressionFit = 33.258,024658, penalties=1.03E-6) for clause:  medv(A) :- ptratio(A, 10).  [covers 97,0/436,0 pos, 0,0/0,0 neg]
%     Score = -39.618,245003 (regressionFit = 39.618,245002, penalties=1.03E-6) for clause:  medv(A) :- b(A, 3).  [covers 47,0/436,0 pos, 0,0/0,0 neg]
%     Score = -38.737,874029 (regressionFit = 38.737,874028, penalties=1.03E-6) for clause:  medv(A) :- b(A, 5).  [covers 46,0/436,0 pos, 0,0/0,0 neg]
%     Score = -39.276,288528 (regressionFit = 39.276,288527, penalties=1.03E-6) for clause:  medv(A) :- b(A, 9).  [covers 41,0/436,0 pos, 0,0/0,0 neg]
%     Score = -39.108,046458 (regressionFit = 39.108,046457, penalties=1.03E-6) for clause:  medv(A) :- b(A, 6).  [covers 47,0/436,0 pos, 0,0/0,0 neg]
%     Score = -39.576,713515 (regressionFit = 39.576,713514, penalties=1.03E-6) for clause:  medv(A) :- b(A, 4).  [covers 27,0/436,0 pos, 0,0/0,0 neg]
%     Score = -39.157,831192 (regressionFit = 39.157,831191, penalties=1.03E-6) for clause:  medv(A) :- b(A, 1).  [covers 102,0/436,0 pos, 0,0/0,0 neg]
%     Score = -39.453,241329 (regressionFit = 39.453,241328, penalties=1.03E-6) for clause:  medv(A) :- lstat(A, 2).  [covers 45,0/436,0 pos, 0,0/0,0 neg]
%     Score = -38.918,740592 (regressionFit = 38.918,740591, penalties=1.03E-6) for clause:  medv(A) :- lstat(A, 10).  [covers 38,0/436,0 pos, 0,0/0,0 neg]
%     Score = -39.281,193186 (regressionFit = 39.281,193185, penalties=1.03E-6) for clause:  medv(A) :- lstat(A, 4).  [covers 42,0/436,0 pos, 0,0/0,0 neg]
%     Score = -38.800,377476 (regressionFit = 38.800,377475, penalties=1.03E-6) for clause:  medv(A) :- lstat(A, 9).  [covers 46,0/436,0 pos, 0,0/0,0 neg]
%     Score = -39.589,839753 (regressionFit = 39.589,839752, penalties=1.03E-6) for clause:  medv(A) :- lstat(A, 8).  [covers 44,0/436,0 pos, 0,0/0,0 neg]
%     Score = -38.001,294509 (regressionFit = 38.001,294508, penalties=1.03E-6) for clause:  medv(A) :- lstat(A, 7).  [covers 38,0/436,0 pos, 0,0/0,0 neg]

% The best node found: medv(A) :- nox(A, 10).  [covers 42,0/436,0 pos, 0,0/0,0 neg]

% The best node found: medv(A) :- nox(A, 10).  [covers 42,0/436,0 pos, 0,0/0,0 neg]

% Expanding node at Level 0 with score = 1,797693e+308.
% Will extend: medv(A) :- nox(A, 10).  [covers 42,0/436,0 pos, 0,0/0,0 neg]
Comparing variance: 11.476031746031756 to score=0.0025 #egs=42.0
Comparing variance: 80.67179114380653 to score=0.0025 #egs=394.0
%   Creating a TRUE-branch interior node with wgtedCountTrueBranchPos = 42,0
%      addToQueueOfTreeStructuredLearningTasks (level=1; score=-11,476032)
%         ILP node to extend: medv(A) :- nox(A, 10).  [covers 42,0/436,0 pos, 0,0/0,0 neg]
%      Insert tree-structured search node (@ level = 1 and with score = -11,476032) into the LAST position (#1) in the search queue.
%   Creating a FALSE-branch interior node with wgtedCountFalseBranchPos = 394,0
%      addToQueueOfTreeStructuredLearningTasks (level=1; score=-80,671791)
%         ILP node to extend: null
%      Insert tree-structured search node (@ level = 1 and with score = -80,671791) into position #1 in the search queue (new size=2).

% Time for loop #1: 188 milliseconds.
% Internal node max length = 1
% Max tree depth in lits   = 3
% Max tree depth in nodes  = 4
% Max number of clauses    = 8

% On cycle #1, the best clause found is:
%      medv(A) :- nox(A, 10).  [covers 42,0/436,0 pos, 0,0/0,0 neg]
% This clause covers 42 positive examples, of which 42 are newly covered.
% It also covers 0 negative examples, of which 0 are newly covered.

% Have these 6 positive seeds: 46 106 194 226 296 351

% target           = medv(A)
%     Score = -Infinity (regressionFit = Infinity, penalties=1.1E-7) for clause:  medv(_).  [covers 394,0/394,0 pos, 0,0/0,0 neg]
% Unacceptable due to being the root node.
% Most-general root: medv(_).  [covers 394,0/394,0 pos, 0,0/0,0 neg]  score = -Infinity
%     Score = -31.686,330930 (regressionFit = 31.686,330929, penalties=1.03E-6) for clause:  medv(A) :- crim(A, 5).  [covers 49,0/394,0 pos, 0,0/0,0 neg]
% Gleaner: New best node found (score = -31.686,330930): medv(A) :- crim(A, 5).  [covers 49,0/394,0 pos, 0,0/0,0 neg]
%     Score = -31.686,405798 (regressionFit = 31.686,405797, penalties=1.03E-6) for clause:  medv(A) :- crim(A, 6).  [covers 43,0/394,0 pos, 0,0/0,0 neg]
%     Score = -31.481,446450 (regressionFit = 31.481,446449, penalties=1.03E-6) for clause:  medv(A) :- crim(A, 2).  [covers 51,0/394,0 pos, 0,0/0,0 neg]
% Gleaner: New best node found (score = -31.481,446450): medv(A) :- crim(A, 2).  [covers 51,0/394,0 pos, 0,0/0,0 neg]
%     Score = -30.556,705234 (regressionFit = 30.556,705233, penalties=1.03E-6) for clause:  medv(A) :- crim(A, 1).  [covers 49,0/394,0 pos, 0,0/0,0 neg]
% Gleaner: New best node found (score = -30.556,705234): medv(A) :- crim(A, 1).  [covers 49,0/394,0 pos, 0,0/0,0 neg]
%     Score = -28.939,216962 (regressionFit = 28.939,216961, penalties=1.03E-6) for clause:  medv(A) :- zn(A, 0).  [covers 265,0/394,0 pos, 0,0/0,0 neg]
% Gleaner: New best node found (score = -28.939,216962): medv(A) :- zn(A, 0).  [covers 265,0/394,0 pos, 0,0/0,0 neg]
%     Score = -31.601,354155 (regressionFit = 31.601,354154, penalties=1.03E-6) for clause:  medv(A) :- zn(A, 80).  [covers 14,0/394,0 pos, 0,0/0,0 neg]
%     Score = -31.577,127495 (regressionFit = 31.577,127494, penalties=1.03E-6) for clause:  medv(A) :- zn(A, 40).  [covers 7,0/394,0 pos, 0,0/0,0 neg]
%     Score = -31.585,445860 (regressionFit = 31.585,445859, penalties=1.03E-6) for clause:  medv(A) :- zn(A, 33).  [covers 4,0/394,0 pos, 0,0/0,0 neg]
%     Score = -Infinity (regressionFit = Infinity, penalties=1.03E-6) for clause:  medv(A) :- zn(A, 100).  [covers 1,0/394,0 pos, 0,0/0,0 neg]
%     Score = -30.331,554273 (regressionFit = 30.331,554272, penalties=1.03E-6) for clause:  medv(A) :- indus(A, 3).  [covers 47,0/394,0 pos, 0,0/0,0 neg]
%     Score = -28.886,163145 (regressionFit = 28.886,163144, penalties=1.03E-6) for clause:  medv(A) :- indus(A, 1).  [covers 48,0/394,0 pos, 0,0/0,0 neg]
% Gleaner: New best node found (score = -28.886,163145): medv(A) :- indus(A, 1).  [covers 48,0/394,0 pos, 0,0/0,0 neg]
%     Score = -31.296,444166 (regressionFit = 31.296,444165, penalties=1.03E-6) for clause:  medv(A) :- indus(A, 2).  [covers 51,0/394,0 pos, 0,0/0,0 neg]
%     Score = -31.189,387511 (regressionFit = 31.189,387510, penalties=1.03E-6) for clause:  medv(A) :- chas(A, 0).  [covers 359,0/394,0 pos, 0,0/0,0 neg]
%     Score = -31.189,387511 (regressionFit = 31.189,387510, penalties=1.03E-6) for clause:  medv(A) :- chas(A, 1).  [covers 35,0/394,0 pos, 0,0/0,0 neg]
%     Score = -30.183,389017 (regressionFit = 30.183,389016, penalties=1.03E-6) for clause:  medv(A) :- nox(A, 1).  [covers 47,0/394,0 pos, 0,0/0,0 neg]
%     Score = -31.017,396099 (regressionFit = 31.017,396098, penalties=1.03E-6) for clause:  medv(A) :- nox(A, 6).  [covers 48,0/394,0 pos, 0,0/0,0 neg]
%     Score = -31.501,057172 (regressionFit = 31.501,057171, penalties=1.03E-6) for clause:  medv(A) :- nox(A, 2).  [covers 48,0/394,0 pos, 0,0/0,0 neg]
%     Score = -30.960,045247 (regressionFit = 30.960,045246, penalties=1.03E-6) for clause:  medv(A) :- nox(A, 4).  [covers 48,0/394,0 pos, 0,0/0,0 neg]
%     Score = -30.876,135017 (regressionFit = 30.876,135016, penalties=1.03E-6) for clause:  medv(A) :- rm(A, 8).  [covers 42,0/394,0 pos, 0,0/0,0 neg]
%     Score = -17.242,866699 (regressionFit = 17.242,866698, penalties=1.03E-6) for clause:  medv(A) :- rm(A, 3).  [covers 47,0/394,0 pos, 0,0/0,0 neg]
% Gleaner: New best node found (score = -17.242,866699): medv(A) :- rm(A, 3).  [covers 47,0/394,0 pos, 0,0/0,0 neg]
%     Score = -29.980,989261 (regressionFit = 29.980,989260, penalties=1.03E-6) for clause:  medv(A) :- rm(A, 4).  [covers 43,0/394,0 pos, 0,0/0,0 neg]
%     Score = -31.751,493394 (regressionFit = 31.751,493393, penalties=1.03E-6) for clause:  medv(A) :- age(A, 1).  [covers 43,0/394,0 pos, 0,0/0,0 neg]
%     Score = -31.222,294816 (regressionFit = 31.222,294815, penalties=1.03E-6) for clause:  medv(A) :- age(A, 8).  [covers 49,0/394,0 pos, 0,0/0,0 neg]
%     Score = -31.771,931902 (regressionFit = 31.771,931901, penalties=1.03E-6) for clause:  medv(A) :- age(A, 4).  [covers 37,0/394,0 pos, 0,0/0,0 neg]
%     Score = -31.766,678908 (regressionFit = 31.766,678907, penalties=1.03E-6) for clause:  medv(A) :- age(A, 3).  [covers 46,0/394,0 pos, 0,0/0,0 neg]
%     Score = -31.539,134341 (regressionFit = 31.539,134340, penalties=1.03E-6) for clause:  medv(A) :- dis(A, 2).  [covers 50,0/394,0 pos, 0,0/0,0 neg]
%     Score = -31.771,610942 (regressionFit = 31.771,610941, penalties=1.03E-6) for clause:  medv(A) :- dis(A, 5).  [covers 46,0/394,0 pos, 0,0/0,0 neg]
%     Score = -31.304,698432 (regressionFit = 31.304,698431, penalties=1.03E-6) for clause:  medv(A) :- dis(A, 6).  [covers 32,0/394,0 pos, 0,0/0,0 neg]
%     Score = -31.545,455336 (regressionFit = 31.545,455335, penalties=1.03E-6) for clause:  medv(A) :- dis(A, 4).  [covers 45,0/394,0 pos, 0,0/0,0 neg]
%     Score = -30.928,876276 (regressionFit = 30.928,876275, penalties=1.03E-6) for clause:  medv(A) :- rad(A, 4).  [covers 101,0/394,0 pos, 0,0/0,0 neg]
%     Score = -31.630,298112 (regressionFit = 31.630,298111, penalties=1.03E-6) for clause:  medv(A) :- rad(A, 2).  [covers 23,0/394,0 pos, 0,0/0,0 neg]
%     Score = -31.633,040461 (regressionFit = 31.633,040460, penalties=1.03E-6) for clause:  medv(A) :- rad(A, 7).  [covers 16,0/394,0 pos, 0,0/0,0 neg]
%     Score = -31.570,181295 (regressionFit = 31.570,181294, penalties=1.03E-6) for clause:  medv(A) :- rad(A, 5).  [covers 112,0/394,0 pos, 0,0/0,0 neg]
%     Score = -31.784,672887 (regressionFit = 31.784,672886, penalties=1.03E-6) for clause:  medv(A) :- tax(A, 307).  [covers 39,0/394,0 pos, 0,0/0,0 neg]
%     Score = -31.603,933867 (regressionFit = 31.603,933866, penalties=1.03E-6) for clause:  medv(A) :- tax(A, 329).  [covers 6,0/394,0 pos, 0,0/0,0 neg]
%     Score = -31.503,100381 (regressionFit = 31.503,100380, penalties=1.03E-6) for clause:  medv(A) :- tax(A, 254).  [covers 5,0/394,0 pos, 0,0/0,0 neg]
%     Score = -31.378,037144 (regressionFit = 31.378,037143, penalties=1.03E-6) for clause:  medv(A) :- tax(A, 222).  [covers 7,0/394,0 pos, 0,0/0,0 neg]
%     Score = -31.739,245924 (regressionFit = 31.739,245923, penalties=1.03E-6) for clause:  medv(A) :- tax(A, 279).  [covers 4,0/394,0 pos, 0,0/0,0 neg]
%     Score = -Infinity (regressionFit = Infinity, penalties=1.03E-6) for clause:  medv(A) :- tax(A, 256).  [covers 1,0/394,0 pos, 0,0/0,0 neg]
%     Score = -30.433,619587 (regressionFit = 30.433,619586, penalties=1.03E-6) for clause:  medv(A) :- ptratio(A, 4).  [covers 32,0/394,0 pos, 0,0/0,0 neg]
%     Score = -29.996,018865 (regressionFit = 29.996,018864, penalties=1.03E-6) for clause:  medv(A) :- ptratio(A, 9).  [covers 50,0/394,0 pos, 0,0/0,0 neg]
%     Score = -31.519,631408 (regressionFit = 31.519,631407, penalties=1.03E-6) for clause:  medv(A) :- ptratio(A, 2).  [covers 47,0/394,0 pos, 0,0/0,0 neg]
%     Score = -31.757,926643 (regressionFit = 31.757,926642, penalties=1.03E-6) for clause:  medv(A) :- ptratio(A, 3).  [covers 51,0/394,0 pos, 0,0/0,0 neg]
%     Score = -31.719,283663 (regressionFit = 31.719,283662, penalties=1.03E-6) for clause:  medv(A) :- ptratio(A, 5).  [covers 42,0/394,0 pos, 0,0/0,0 neg]
%     Score = -31.388,595788 (regressionFit = 31.388,595787, penalties=1.03E-6) for clause:  medv(A) :- ptratio(A, 1).  [covers 45,0/394,0 pos, 0,0/0,0 neg]
%     Score = -31.742,286367 (regressionFit = 31.742,286366, penalties=1.03E-6) for clause:  medv(A) :- b(A, 1).  [covers 82,0/394,0 pos, 0,0/0,0 neg]
%     Score = -31.474,051108 (regressionFit = 31.474,051107, penalties=1.03E-6) for clause:  medv(A) :- b(A, 2).  [covers 38,0/394,0 pos, 0,0/0,0 neg]
%     Score = -31.491,603707 (regressionFit = 31.491,603706, penalties=1.03E-6) for clause:  medv(A) :- b(A, 8).  [covers 43,0/394,0 pos, 0,0/0,0 neg]
%     Score = -31.767,659246 (regressionFit = 31.767,659245, penalties=1.03E-6) for clause:  medv(A) :- lstat(A, 2).  [covers 45,0/394,0 pos, 0,0/0,0 neg]
%     Score = -18.784,413354 (regressionFit = 18.784,413353, penalties=1.03E-6) for clause:  medv(A) :- lstat(A, 3).  [covers 51,0/394,0 pos, 0,0/0,0 neg]
%     Score = -31.406,556910 (regressionFit = 31.406,556909, penalties=1.03E-6) for clause:  medv(A) :- lstat(A, 9).  [covers 46,0/394,0 pos, 0,0/0,0 neg]
%     Score = -30.988,552685 (regressionFit = 30.988,552684, penalties=1.03E-6) for clause:  medv(A) :- lstat(A, 4).  [covers 42,0/394,0 pos, 0,0/0,0 neg]

% The best node found: medv(A) :- rm(A, 3).  [covers 47,0/394,0 pos, 0,0/0,0 neg]

% The best node found: medv(A) :- rm(A, 3).  [covers 47,0/394,0 pos, 0,0/0,0 neg]

% Expanding node at Level 1 with score = -80,672.
% Will extend: medv(A) :- rm(A, 3).  [covers 47,0/394,0 pos, 0,0/0,0 neg]
Comparing variance: 53.939674060661076 to score=0.0025 #egs=47.0
Comparing variance: 42.3853084071788 to score=0.0025 #egs=347.0
%   Creating a TRUE-branch interior node with wgtedCountTrueBranchPos = 47,0
%      addToQueueOfTreeStructuredLearningTasks (level=2; score=-53,939674)
%         ILP node to extend: medv(A) :- rm(A, 3).  [covers 47,0/394,0 pos, 0,0/0,0 neg]
%      Insert tree-structured search node (@ level = 2 and with score = -53,939674) into position #1 in the search queue (new size=2).
%   Creating a FALSE-branch interior node with wgtedCountFalseBranchPos = 347,0
%      addToQueueOfTreeStructuredLearningTasks (level=2; score=-42,385308)
%         ILP node to extend: null
%      Insert tree-structured search node (@ level = 2 and with score = -42,385308) into position #2 in the search queue (new size=3).

% Time for loop #2: 139 milliseconds.
% Internal node max length = 1
% Max tree depth in lits   = 3
% Max tree depth in nodes  = 4
% Max number of clauses    = 8

% On cycle #2, the best clause found is:
%      medv(A) :- rm(A, 3).  [covers 47,0/394,0 pos, 0,0/0,0 neg]
% This clause covers 47 positive examples, of which 47 are newly covered.
% It also covers 0 negative examples, of which 0 are newly covered.

% Working on expanding this node: 'medv(A) :- rm(A, 3).  [covers 47,0/47,0 pos, 0,0/0,0 neg]'
%     Score = -17.242,866699 (regressionFit = 17.242,866698, penalties=1.03E-6) for clause:  medv(A) :- rm(A, 3).  [covers 47,0/47,0 pos, 0,0/0,0 neg]

% Have these 9 positive seeds: 0 7 13 14 18 21 23 27 30
% Gleaner: New best node found (score = -17.242,866699): medv(A) :- rm(A, 3).  [covers 47,0/47,0 pos, 0,0/0,0 neg]
%     Score = -2.419,884433 (regressionFit = 2.419,884431, penalties=2.0500000000000003E-6) for clause:  medv(A) :- rm(A, 3), crim(A, 2).  [covers 6,0/47,0 pos, 0,0/0,0 neg]
% Gleaner: New best node found (score = -2.419,884433): medv(A) :- rm(A, 3), crim(A, 2).  [covers 6,0/47,0 pos, 0,0/0,0 neg]
%     Score = -2.473,159245 (regressionFit = 2.473,159243, penalties=2.0500000000000003E-6) for clause:  medv(A) :- rm(A, 3), crim(A, 1).  [covers 10,0/47,0 pos, 0,0/0,0 neg]
%     Score = -2.533,954569 (regressionFit = 2.533,954567, penalties=2.0500000000000003E-6) for clause:  medv(A) :- rm(A, 3), crim(A, 7).  [covers 14,0/47,0 pos, 0,0/0,0 neg]
%     Score = -2.456,664002 (regressionFit = 2.456,664000, penalties=2.0500000000000003E-6) for clause:  medv(A) :- rm(A, 3), crim(A, 5).  [covers 7,0/47,0 pos, 0,0/0,0 neg]
%     Score = -2.532,249632 (regressionFit = 2.532,249630, penalties=2.0500000000000003E-6) for clause:  medv(A) :- rm(A, 3), zn(A, 0).  [covers 20,0/47,0 pos, 0,0/0,0 neg]
%     Score = -Infinity (regressionFit = Infinity, penalties=2.0500000000000003E-6) for clause:  medv(A) :- rm(A, 3), zn(A, 45).  [covers 2,0/47,0 pos, 0,0/0,0 neg]
%     Score = -Infinity (regressionFit = Infinity, penalties=2.0500000000000003E-6) for clause:  medv(A) :- rm(A, 3), zn(A, 95).  [covers 2,0/47,0 pos, 0,0/0,0 neg]
%     Score = -2.529,408026 (regressionFit = 2.529,408024, penalties=2.0500000000000003E-6) for clause:  medv(A) :- rm(A, 3), zn(A, 20).  [covers 12,0/47,0 pos, 0,0/0,0 neg]
%     Score = -2.535,014023 (regressionFit = 2.535,014021, penalties=2.0500000000000003E-6) for clause:  medv(A) :- rm(A, 3), indus(A, 1).  [covers 15,0/47,0 pos, 0,0/0,0 neg]
%     Score = -2.532,359569 (regressionFit = 2.532,359567, penalties=2.0500000000000003E-6) for clause:  medv(A) :- rm(A, 3), indus(A, 4).  [covers 14,0/47,0 pos, 0,0/0,0 neg]
%     Score = -2.464,508097 (regressionFit = 2.464,508095, penalties=2.0500000000000003E-6) for clause:  medv(A) :- rm(A, 3), indus(A, 2).  [covers 12,0/47,0 pos, 0,0/0,0 neg]
%     Score = -2.535,064002 (regressionFit = 2.535,064000, penalties=2.0500000000000003E-6) for clause:  medv(A) :- rm(A, 3), chas(A, 0).  [covers 40,0/47,0 pos, 0,0/0,0 neg]
%     Score = -2.486,978079 (regressionFit = 2.486,978077, penalties=2.0500000000000003E-6) for clause:  medv(A) :- rm(A, 3), nox(A, 2).  [covers 8,0/47,0 pos, 0,0/0,0 neg]
%     Score = -2.453,924188 (regressionFit = 2.453,924186, penalties=2.0500000000000003E-6) for clause:  medv(A) :- rm(A, 3), nox(A, 5).  [covers 4,0/47,0 pos, 0,0/0,0 neg]
%     Score = -2.443,892342 (regressionFit = 2.443,892340, penalties=2.0500000000000003E-6) for clause:  medv(A) :- rm(A, 3), nox(A, 6).  [covers 8,0/47,0 pos, 0,0/0,0 neg]
%     Score = -2.526,188029 (regressionFit = 2.526,188027, penalties=2.0500000000000003E-6) for clause:  medv(A) :- rm(A, 3), nox(A, 4).  [covers 10,0/47,0 pos, 0,0/0,0 neg]
%     Score = -2.534,329093 (regressionFit = 2.534,329091, penalties=2.0300000000000005E-6) for clause:  medv(A) :- rm(A, 3), nox(A, 3).  [covers 3,0/47,0 pos, 0,0/0,0 neg]
%     Score = -2.524,756323 (regressionFit = 2.524,756321, penalties=2.0500000000000003E-6) for clause:  medv(A) :- rm(A, 3), nox(A, 8).  [covers 7,0/47,0 pos, 0,0/0,0 neg]
%     Score = -2.534,481764 (regressionFit = 2.534,481762, penalties=2.0500000000000003E-6) for clause:  medv(A) :- rm(A, 3), age(A, 1).  [covers 5,0/47,0 pos, 0,0/0,0 neg]
%     Score = -2.336,824002 (regressionFit = 2.336,824000, penalties=2.0300000000000005E-6) for clause:  medv(A) :- rm(A, 3), age(A, 3).  [covers 7,0/47,0 pos, 0,0/0,0 neg]
% Gleaner: New best node found (score = -2.336,824002): medv(A) :- rm(A, 3), age(A, 3).  [covers 7,0/47,0 pos, 0,0/0,0 neg]
%     Score = -2.429,328457 (regressionFit = 2.429,328455, penalties=2.0500000000000003E-6) for clause:  medv(A) :- rm(A, 3), age(A, 8).  [covers 6,0/47,0 pos, 0,0/0,0 neg]
%     Score = -2.423,608335 (regressionFit = 2.423,608333, penalties=2.0500000000000003E-6) for clause:  medv(A) :- rm(A, 3), age(A, 2).  [covers 6,0/47,0 pos, 0,0/0,0 neg]
%     Score = -2.511,893288 (regressionFit = 2.511,893286, penalties=2.0500000000000003E-6) for clause:  medv(A) :- rm(A, 3), age(A, 4).  [covers 7,0/47,0 pos, 0,0/0,0 neg]
%     Score = -Infinity (regressionFit = Infinity, penalties=2.0500000000000003E-6) for clause:  medv(A) :- rm(A, 3), age(A, 6).  [covers 1,0/47,0 pos, 0,0/0,0 neg]
%     Score = -2.459,228945 (regressionFit = 2.459,228943, penalties=2.0500000000000003E-6) for clause:  medv(A) :- rm(A, 3), age(A, 9).  [covers 6,0/47,0 pos, 0,0/0,0 neg]
%     Score = -2.500,875908 (regressionFit = 2.500,875906, penalties=2.0500000000000003E-6) for clause:  medv(A) :- rm(A, 3), dis(A, 4).  [covers 9,0/47,0 pos, 0,0/0,0 neg]
%     Score = -2.529,852573 (regressionFit = 2.529,852571, penalties=2.0500000000000003E-6) for clause:  medv(A) :- rm(A, 3), dis(A, 2).  [covers 7,0/47,0 pos, 0,0/0,0 neg]
%     Score = -2.389,418260 (regressionFit = 2.389,418258, penalties=2.0500000000000003E-6) for clause:  medv(A) :- rm(A, 3), dis(A, 1).  [covers 3,0/47,0 pos, 0,0/0,0 neg]
%     Score = -2.429,734421 (regressionFit = 2.429,734419, penalties=2.0500000000000003E-6) for clause:  medv(A) :- rm(A, 3), dis(A, 9).  [covers 4,0/47,0 pos, 0,0/0,0 neg]
%     Score = -Infinity (regressionFit = Infinity, penalties=2.0500000000000003E-6) for clause:  medv(A) :- rm(A, 3), dis(A, 7).  [covers 2,0/47,0 pos, 0,0/0,0 neg]
%     Score = -2.417,514038 (regressionFit = 2.417,514036, penalties=2.0500000000000003E-6) for clause:  medv(A) :- rm(A, 3), rad(A, 2).  [covers 7,0/47,0 pos, 0,0/0,0 neg]
%     Score = -2.400,550845 (regressionFit = 2.400,550843, penalties=2.0500000000000003E-6) for clause:  medv(A) :- rm(A, 3), rad(A, 5).  [covers 17,0/47,0 pos, 0,0/0,0 neg]
%     Score = -2.449,967502 (regressionFit = 2.449,967500, penalties=2.0500000000000003E-6) for clause:  medv(A) :- rm(A, 3), rad(A, 4).  [covers 4,0/47,0 pos, 0,0/0,0 neg]
%     Score = -2.531,454739 (regressionFit = 2.531,454737, penalties=2.0500000000000003E-6) for clause:  medv(A) :- rm(A, 3), rad(A, 8).  [covers 9,0/47,0 pos, 0,0/0,0 neg]
%     Score = -2.516,023941 (regressionFit = 2.516,023939, penalties=2.0500000000000003E-6) for clause:  medv(A) :- rm(A, 3), tax(A, 276).  [covers 3,0/47,0 pos, 0,0/0,0 neg]
%     Score = -Infinity (regressionFit = Infinity, penalties=2.0500000000000003E-6) for clause:  medv(A) :- rm(A, 3), tax(A, 398).  [covers 2,0/47,0 pos, 0,0/0,0 neg]
%     Score = -Infinity (regressionFit = Infinity, penalties=2.0500000000000003E-6) for clause:  medv(A) :- rm(A, 3), tax(A, 224).  [covers 2,0/47,0 pos, 0,0/0,0 neg]
%     Score = -2.531,454739 (regressionFit = 2.531,454737, penalties=2.0500000000000003E-6) for clause:  medv(A) :- rm(A, 3), tax(A, 307).  [covers 9,0/47,0 pos, 0,0/0,0 neg]
%     Score = -2.533,379417 (regressionFit = 2.533,379415, penalties=2.0500000000000003E-6) for clause:  medv(A) :- rm(A, 3), tax(A, 264).  [covers 9,0/47,0 pos, 0,0/0,0 neg]
%     Score = -2.503,776895 (regressionFit = 2.503,776893, penalties=2.0500000000000003E-6) for clause:  medv(A) :- rm(A, 3), ptratio(A, 2).  [covers 7,0/47,0 pos, 0,0/0,0 neg]
%     Score = -2.526,680490 (regressionFit = 2.526,680488, penalties=2.0500000000000003E-6) for clause:  medv(A) :- rm(A, 3), ptratio(A, 1).  [covers 6,0/47,0 pos, 0,0/0,0 neg]
%     Score = -2.209,308669 (regressionFit = 2.209,308667, penalties=2.0500000000000003E-6) for clause:  medv(A) :- rm(A, 3), ptratio(A, 9).  [covers 20,0/47,0 pos, 0,0/0,0 neg]
% Gleaner: New best node found (score = -2.209,308669): medv(A) :- rm(A, 3), ptratio(A, 9).  [covers 20,0/47,0 pos, 0,0/0,0 neg]
%     Score = -2.531,454739 (regressionFit = 2.531,454737, penalties=2.0500000000000003E-6) for clause:  medv(A) :- rm(A, 3), ptratio(A, 6).  [covers 9,0/47,0 pos, 0,0/0,0 neg]
%     Score = -2.365,910124 (regressionFit = 2.365,910122, penalties=2.0500000000000003E-6) for clause:  medv(A) :- rm(A, 3), b(A, 1).  [covers 6,0/47,0 pos, 0,0/0,0 neg]
%     Score = -2.516,038323 (regressionFit = 2.516,038321, penalties=2.0500000000000003E-6) for clause:  medv(A) :- rm(A, 3), b(A, 2).  [covers 7,0/47,0 pos, 0,0/0,0 neg]
%     Score = -2.514,373326 (regressionFit = 2.514,373324, penalties=2.0500000000000003E-6) for clause:  medv(A) :- rm(A, 3), b(A, 6).  [covers 10,0/47,0 pos, 0,0/0,0 neg]
%     Score = -2.485,358288 (regressionFit = 2.485,358286, penalties=2.0500000000000003E-6) for clause:  medv(A) :- rm(A, 3), b(A, 8).  [covers 7,0/47,0 pos, 0,0/0,0 neg]
%     Score = -2.457,706813 (regressionFit = 2.457,706811, penalties=2.0500000000000003E-6) for clause:  medv(A) :- rm(A, 3), b(A, 5).  [covers 10,0/47,0 pos, 0,0/0,0 neg]
%     Score = -2.174,968189 (regressionFit = 2.174,968187, penalties=2.0500000000000003E-6) for clause:  medv(A) :- rm(A, 3), lstat(A, 1).  [covers 9,0/47,0 pos, 0,0/0,0 neg]
% Gleaner: New best node found (score = -2.174,968189): medv(A) :- rm(A, 3), lstat(A, 1).  [covers 9,0/47,0 pos, 0,0/0,0 neg]
%     Score = -1.635,654892 (regressionFit = 1.635,654890, penalties=2.0300000000000005E-6) for clause:  medv(A) :- rm(A, 3), lstat(A, 3).  [covers 26,0/47,0 pos, 0,0/0,0 neg]
% Gleaner: New best node found (score = -1.635,654892): medv(A) :- rm(A, 3), lstat(A, 3).  [covers 26,0/47,0 pos, 0,0/0,0 neg]
%     Score = -2.446,321669 (regressionFit = 2.446,321667, penalties=2.0500000000000003E-6) for clause:  medv(A) :- rm(A, 3), lstat(A, 9).  [covers 8,0/47,0 pos, 0,0/0,0 neg]
%     Score = -Infinity (regressionFit = Infinity, penalties=2.0500000000000003E-6) for clause:  medv(A) :- rm(A, 3), lstat(A, 2).  [covers 2,0/47,0 pos, 0,0/0,0 neg]

% The best node found: medv(A) :- rm(A, 3), lstat(A, 3).  [covers 26,0/47,0 pos, 0,0/0,0 neg]

% The best node found: medv(A) :- rm(A, 3), lstat(A, 3).  [covers 26,0/47,0 pos, 0,0/0,0 neg]

% Expanding node at Level 2 with score = -53,940.
% Will extend: medv(A) :- rm(A, 3), lstat(A, 3).  [covers 26,0/47,0 pos, 0,0/0,0 neg]
Comparing variance: 26.586286982248286 to score=0.0025 #egs=26.0
Comparing variance: 44.971972789115604 to score=0.0025 #egs=21.0
%   Creating a TRUE-branch interior node with wgtedCountTrueBranchPos = 26,0
%      addToQueueOfTreeStructuredLearningTasks (level=3; score=-26,586287)
%         ILP node to extend: medv(A) :- rm(A, 3), lstat(A, 3).  [covers 26,0/47,0 pos, 0,0/0,0 neg]
%      Insert tree-structured search node (@ level = 3 and with score = -26,586287) into position #2 in the search queue (new size=3).
%   Creating a FALSE-branch interior node with wgtedCountFalseBranchPos = 21,0
%      addToQueueOfTreeStructuredLearningTasks (level=3; score=-44,971973)
%         ILP node to extend: medv(A) :- rm(A, 3).  [covers 47,0/47,0 pos, 0,0/0,0 neg]
%      Insert tree-structured search node (@ level = 3 and with score = -44,971973) into position #1 in the search queue (new size=4).

% Time for loop #3: 68 milliseconds.
% Internal node max length = 1
% Max tree depth in lits   = 3
% Max tree depth in nodes  = 4
% Max number of clauses    = 8

% On cycle #3, the best clause found is:
%      medv(A) :- rm(A, 3), lstat(A, 3).  [covers 26,0/47,0 pos, 0,0/0,0 neg]
% This clause covers 26 positive examples, of which 26 are newly covered.
% It also covers 0 negative examples, of which 0 are newly covered.

% Working on expanding this node: 'medv(A) :- rm(A, 3).  [covers 47,0/21,0 pos, 0,0/0,0 neg]'
%     Score = -17.242,866699 (regressionFit = 17.242,866698, penalties=1.03E-6) for clause:  medv(A) :- rm(A, 3).  [covers 21,0/21,0 pos, 0,0/0,0 neg]

% Have these 10 positive seeds: 1 3 5 6 9 10 11 14 15 16
% Gleaner: New best node found (score = -17.242,866699): medv(A) :- rm(A, 3).  [covers 21,0/21,0 pos, 0,0/0,0 neg]
%     Score = -941,106326 (regressionFit = 941,106324, penalties=2.0500000000000003E-6) for clause:  medv(A) :- rm(A, 3), crim(A, 2).  [covers 4,0/21,0 pos, 0,0/0,0 neg]
% Gleaner: New best node found (score = -941,106326): medv(A) :- rm(A, 3), crim(A, 2).  [covers 4,0/21,0 pos, 0,0/0,0 neg]
%     Score = -Infinity (regressionFit = Infinity, penalties=2.0500000000000003E-6) for clause:  medv(A) :- rm(A, 3), crim(A, 1).  [covers 2,0/21,0 pos, 0,0/0,0 neg]
%     Score = -940,982859 (regressionFit = 940,982857, penalties=2.0500000000000003E-6) for clause:  medv(A) :- rm(A, 3), crim(A, 7).  [covers 7,0/21,0 pos, 0,0/0,0 neg]
% Gleaner: New best node found (score = -940,982859): medv(A) :- rm(A, 3), crim(A, 7).  [covers 7,0/21,0 pos, 0,0/0,0 neg]
%     Score = -789,060590 (regressionFit = 789,060588, penalties=2.0500000000000003E-6) for clause:  medv(A) :- rm(A, 3), crim(A, 5).  [covers 4,0/21,0 pos, 0,0/0,0 neg]
% Gleaner: New best node found (score = -789,060590): medv(A) :- rm(A, 3), crim(A, 5).  [covers 4,0/21,0 pos, 0,0/0,0 neg]
%     Score = -Infinity (regressionFit = Infinity, penalties=2.0500000000000003E-6) for clause:  medv(A) :- rm(A, 3), crim(A, 4).  [covers 1,0/21,0 pos, 0,0/0,0 neg]
%     Score = -Infinity (regressionFit = Infinity, penalties=2.0300000000000005E-6) for clause:  medv(A) :- rm(A, 3), crim(A, 3).  [covers 1,0/21,0 pos, 0,0/0,0 neg]
%     Score = -772,325669 (regressionFit = 772,325667, penalties=2.0500000000000003E-6) for clause:  medv(A) :- rm(A, 3), zn(A, 0).  [covers 6,0/21,0 pos, 0,0/0,0 neg]
% Gleaner: New best node found (score = -772,325669): medv(A) :- rm(A, 3), zn(A, 0).  [covers 6,0/21,0 pos, 0,0/0,0 neg]
%     Score = -Infinity (regressionFit = Infinity, penalties=2.0500000000000003E-6) for clause:  medv(A) :- rm(A, 3), zn(A, 80).  [covers 1,0/21,0 pos, 0,0/0,0 neg]
%     Score = -646,925558 (regressionFit = 646,925556, penalties=2.0500000000000003E-6) for clause:  medv(A) :- rm(A, 3), zn(A, 20).  [covers 9,0/21,0 pos, 0,0/0,0 neg]
% Gleaner: New best node found (score = -646,925558): medv(A) :- rm(A, 3), zn(A, 20).  [covers 9,0/21,0 pos, 0,0/0,0 neg]
%     Score = -Infinity (regressionFit = Infinity, penalties=2.0500000000000003E-6) for clause:  medv(A) :- rm(A, 3), zn(A, 40).  [covers 1,0/21,0 pos, 0,0/0,0 neg]
%     Score = -932,790669 (regressionFit = 932,790667, penalties=2.0500000000000003E-6) for clause:  medv(A) :- rm(A, 3), indus(A, 1).  [covers 6,0/21,0 pos, 0,0/0,0 neg]
%     Score = -863,889502 (regressionFit = 863,889500, penalties=2.0500000000000003E-6) for clause:  medv(A) :- rm(A, 3), indus(A, 2).  [covers 5,0/21,0 pos, 0,0/0,0 neg]
%     Score = -651,471391 (regressionFit = 651,471389, penalties=2.0500000000000003E-6) for clause:  medv(A) :- rm(A, 3), indus(A, 4).  [covers 9,0/21,0 pos, 0,0/0,0 neg]
%     Score = -816,605002 (regressionFit = 816,605000, penalties=2.0500000000000003E-6) for clause:  medv(A) :- rm(A, 3), chas(A, 0).  [covers 18,0/21,0 pos, 0,0/0,0 neg]
%     Score = -816,605002 (regressionFit = 816,605000, penalties=2.0500000000000003E-6) for clause:  medv(A) :- rm(A, 3), chas(A, 1).  [covers 3,0/21,0 pos, 0,0/0,0 neg]
%     Score = -927,128002 (regressionFit = 927,128000, penalties=2.0500000000000003E-6) for clause:  medv(A) :- rm(A, 3), nox(A, 4).  [covers 5,0/21,0 pos, 0,0/0,0 neg]
%     Score = -Infinity (regressionFit = Infinity, penalties=2.0500000000000003E-6) for clause:  medv(A) :- rm(A, 3), nox(A, 6).  [covers 1,0/21,0 pos, 0,0/0,0 neg]
%     Score = -Infinity (regressionFit = Infinity, penalties=2.0300000000000005E-6) for clause:  medv(A) :- rm(A, 3), nox(A, 3).  [covers 1,0/21,0 pos, 0,0/0,0 neg]
%     Score = -797,317145 (regressionFit = 797,317143, penalties=2.0500000000000003E-6) for clause:  medv(A) :- rm(A, 3), nox(A, 8).  [covers 7,0/21,0 pos, 0,0/0,0 neg]
%     Score = -Infinity (regressionFit = Infinity, penalties=2.0500000000000003E-6) for clause:  medv(A) :- rm(A, 3), nox(A, 7).  [covers 1,0/21,0 pos, 0,0/0,0 neg]
%     Score = -926,277780 (regressionFit = 926,277778, penalties=2.0500000000000003E-6) for clause:  medv(A) :- rm(A, 3), nox(A, 2).  [covers 3,0/21,0 pos, 0,0/0,0 neg]
%     Score = -850,142796 (regressionFit = 850,142794, penalties=2.0500000000000003E-6) for clause:  medv(A) :- rm(A, 3), age(A, 2).  [covers 4,0/21,0 pos, 0,0/0,0 neg]
%     Score = -920,339002 (regressionFit = 920,339000, penalties=2.0300000000000005E-6) for clause:  medv(A) :- rm(A, 3), age(A, 3).  [covers 6,0/21,0 pos, 0,0/0,0 neg]
%     Score = -943,140590 (regressionFit = 943,140588, penalties=2.0500000000000003E-6) for clause:  medv(A) :- rm(A, 3), age(A, 4).  [covers 4,0/21,0 pos, 0,0/0,0 neg]
%     Score = -591,002355 (regressionFit = 591,002353, penalties=2.0500000000000003E-6) for clause:  medv(A) :- rm(A, 3), age(A, 9).  [covers 4,0/21,0 pos, 0,0/0,0 neg]
% Gleaner: New best node found (score = -591,002355): medv(A) :- rm(A, 3), age(A, 9).  [covers 4,0/21,0 pos, 0,0/0,0 neg]
%     Score = -Infinity (regressionFit = Infinity, penalties=2.0500000000000003E-6) for clause:  medv(A) :- rm(A, 3), dis(A, 6).  [covers 2,0/21,0 pos, 0,0/0,0 neg]
%     Score = -Infinity (regressionFit = Infinity, penalties=2.0500000000000003E-6) for clause:  medv(A) :- rm(A, 3), dis(A, 5).  [covers 2,0/21,0 pos, 0,0/0,0 neg]
%     Score = -889,076113 (regressionFit = 889,076111, penalties=2.0500000000000003E-6) for clause:  medv(A) :- rm(A, 3), dis(A, 4).  [covers 3,0/21,0 pos, 0,0/0,0 neg]
%     Score = -932,091113 (regressionFit = 932,091111, penalties=2.0500000000000003E-6) for clause:  medv(A) :- rm(A, 3), dis(A, 1).  [covers 3,0/21,0 pos, 0,0/0,0 neg]
%     Score = -944,302780 (regressionFit = 944,302778, penalties=2.0500000000000003E-6) for clause:  medv(A) :- rm(A, 3), dis(A, 8).  [covers 3,0/21,0 pos, 0,0/0,0 neg]
%     Score = -Infinity (regressionFit = Infinity, penalties=2.0500000000000003E-6) for clause:  medv(A) :- rm(A, 3), dis(A, 7).  [covers 2,0/21,0 pos, 0,0/0,0 neg]
%     Score = -Infinity (regressionFit = Infinity, penalties=2.0500000000000003E-6) for clause:  medv(A) :- rm(A, 3), dis(A, 2).  [covers 2,0/21,0 pos, 0,0/0,0 neg]
%     Score = -Infinity (regressionFit = Infinity, penalties=2.0300000000000005E-6) for clause:  medv(A) :- rm(A, 3), rad(A, 3).  [covers 2,0/21,0 pos, 0,0/0,0 neg]
%     Score = -Infinity (regressionFit = Infinity, penalties=2.0500000000000003E-6) for clause:  medv(A) :- rm(A, 3), rad(A, 2).  [covers 2,0/21,0 pos, 0,0/0,0 neg]
%     Score = -872,180002 (regressionFit = 872,180000, penalties=2.0500000000000003E-6) for clause:  medv(A) :- rm(A, 3), rad(A, 8).  [covers 3,0/21,0 pos, 0,0/0,0 neg]
%     Score = -651,471391 (regressionFit = 651,471389, penalties=2.0500000000000003E-6) for clause:  medv(A) :- rm(A, 3), rad(A, 5).  [covers 9,0/21,0 pos, 0,0/0,0 neg]
%     Score = -Infinity (regressionFit = Infinity, penalties=2.0500000000000003E-6) for clause:  medv(A) :- rm(A, 3), rad(A, 4).  [covers 1,0/21,0 pos, 0,0/0,0 neg]
%     Score = -Infinity (regressionFit = Infinity, penalties=2.0500000000000003E-6) for clause:  medv(A) :- rm(A, 3), tax(A, 193).  [covers 1,0/21,0 pos, 0,0/0,0 neg]
%     Score = -Infinity (regressionFit = Infinity, penalties=2.0500000000000003E-6) for clause:  medv(A) :- rm(A, 3), tax(A, 329).  [covers 1,0/21,0 pos, 0,0/0,0 neg]
%     Score = -872,180002 (regressionFit = 872,180000, penalties=2.0500000000000003E-6) for clause:  medv(A) :- rm(A, 3), tax(A, 307).  [covers 3,0/21,0 pos, 0,0/0,0 neg]
%     Score = -620,410771 (regressionFit = 620,410769, penalties=2.0500000000000003E-6) for clause:  medv(A) :- rm(A, 3), tax(A, 264).  [covers 8,0/21,0 pos, 0,0/0,0 neg]
%     Score = -Infinity (regressionFit = Infinity, penalties=2.0500000000000003E-6) for clause:  medv(A) :- rm(A, 3), tax(A, 223).  [covers 1,0/21,0 pos, 0,0/0,0 neg]
%     Score = -Infinity (regressionFit = Infinity, penalties=2.0500000000000003E-6) for clause:  medv(A) :- rm(A, 3), tax(A, 254).  [covers 1,0/21,0 pos, 0,0/0,0 neg]
%     Score = -942,480002 (regressionFit = 942,480000, penalties=2.0500000000000003E-6) for clause:  medv(A) :- rm(A, 3), ptratio(A, 2).  [covers 3,0/21,0 pos, 0,0/0,0 neg]
%     Score = -655,982224 (regressionFit = 655,982222, penalties=2.0500000000000003E-6) for clause:  medv(A) :- rm(A, 3), ptratio(A, 9).  [covers 9,0/21,0 pos, 0,0/0,0 neg]
%     Score = -872,180002 (regressionFit = 872,180000, penalties=2.0500000000000003E-6) for clause:  medv(A) :- rm(A, 3), ptratio(A, 6).  [covers 3,0/21,0 pos, 0,0/0,0 neg]
%     Score = -939,005002 (regressionFit = 939,005000, penalties=2.0300000000000005E-6) for clause:  medv(A) :- rm(A, 3), ptratio(A, 3).  [covers 3,0/21,0 pos, 0,0/0,0 neg]
%     Score = -Infinity (regressionFit = Infinity, penalties=2.0500000000000003E-6) for clause:  medv(A) :- rm(A, 3), b(A, 4).  [covers 1,0/21,0 pos, 0,0/0,0 neg]
%     Score = -912,711113 (regressionFit = 912,711111, penalties=2.0500000000000003E-6) for clause:  medv(A) :- rm(A, 3), b(A, 2).  [covers 3,0/21,0 pos, 0,0/0,0 neg]
%     Score = -Infinity (regressionFit = Infinity, penalties=2.0500000000000003E-6) for clause:  medv(A) :- rm(A, 3), b(A, 8).  [covers 2,0/21,0 pos, 0,0/0,0 neg]
%     Score = -904,790002 (regressionFit = 904,790000, penalties=2.0500000000000003E-6) for clause:  medv(A) :- rm(A, 3), b(A, 6).  [covers 5,0/21,0 pos, 0,0/0,0 neg]
%     Score = -723,782796 (regressionFit = 723,782794, penalties=2.0500000000000003E-6) for clause:  medv(A) :- rm(A, 3), b(A, 5).  [covers 4,0/21,0 pos, 0,0/0,0 neg]
%     Score = -901,031925 (regressionFit = 901,031923, penalties=2.0500000000000003E-6) for clause:  medv(A) :- rm(A, 3), lstat(A, 9).  [covers 8,0/21,0 pos, 0,0/0,0 neg]
%     Score = -933,804724 (regressionFit = 933,804722, penalties=2.0500000000000003E-6) for clause:  medv(A) :- rm(A, 3), lstat(A, 1).  [covers 9,0/21,0 pos, 0,0/0,0 neg]
%     Score = -Infinity (regressionFit = Infinity, penalties=2.0500000000000003E-6) for clause:  medv(A) :- rm(A, 3), lstat(A, 8).  [covers 2,0/21,0 pos, 0,0/0,0 neg]

% The best node found: medv(A) :- rm(A, 3), age(A, 9).  [covers 4,0/21,0 pos, 0,0/0,0 neg]

% The best node found: medv(A) :- rm(A, 3), age(A, 9).  [covers 4,0/21,0 pos, 0,0/0,0 neg]

% Expanding node at Level 3 with score = -44,972.
% Will extend: medv(A) :- rm(A, 3), age(A, 9).  [covers 4,0/21,0 pos, 0,0/0,0 neg]
Comparing variance: 28.66500000000042 to score=0.0025 #egs=4.0
Comparing variance: 28.02013840830456 to score=0.0025 #egs=17.0
%   Creating a TRUE-branch leaf because wgtedCountTrueBranchPos = 4,0 < 2.1 * minPosCov = 6,3
%   Creating a FALSE-branch interior node with wgtedCountFalseBranchPos = 17,0
%      addToQueueOfTreeStructuredLearningTasks (level=4; score=-28,020138)
%         ILP node to extend: medv(A) :- rm(A, 3).  [covers 21,0/21,0 pos, 0,0/0,0 neg]
%      Insert tree-structured search node (@ level = 4 and with score = -28,020138) into position #2 in the search queue (new size=4).

% Time for loop #4: 45 milliseconds.
% Internal node max length = 1
% Max tree depth in lits   = 3
% Max tree depth in nodes  = 4
% Max number of clauses    = 8

% On cycle #4, the best clause found is:
%      medv(A) :- rm(A, 3), age(A, 9).  [covers 4,0/21,0 pos, 0,0/0,0 neg]
% This clause covers 4 positive examples, of which 4 are newly covered.
% It also covers 0 negative examples, of which 0 are newly covered.

% Have these 10 positive seeds: 33 37 56 81 112 163 183 252 281 297

% target           = medv(A)
%     Score = -Infinity (regressionFit = Infinity, penalties=1.1E-7) for clause:  medv(_).  [covers 347,0/347,0 pos, 0,0/0,0 neg]
% Unacceptable due to being the root node.
% Most-general root: medv(_).  [covers 347,0/347,0 pos, 0,0/0,0 neg]  score = -Infinity
%     Score = -14.390,384585 (regressionFit = 14.390,384584, penalties=1.03E-6) for clause:  medv(A) :- crim(A, 5).  [covers 42,0/347,0 pos, 0,0/0,0 neg]
% Gleaner: New best node found (score = -14.390,384585): medv(A) :- crim(A, 5).  [covers 42,0/347,0 pos, 0,0/0,0 neg]
%     Score = -14.191,644690 (regressionFit = 14.191,644689, penalties=1.03E-6) for clause:  medv(A) :- crim(A, 2).  [covers 45,0/347,0 pos, 0,0/0,0 neg]
% Gleaner: New best node found (score = -14.191,644690): medv(A) :- crim(A, 2).  [covers 45,0/347,0 pos, 0,0/0,0 neg]
%     Score = -14.642,604168 (regressionFit = 14.642,604167, penalties=1.03E-6) for clause:  medv(A) :- crim(A, 4).  [covers 40,0/347,0 pos, 0,0/0,0 neg]
%     Score = -14.222,722652 (regressionFit = 14.222,722651, penalties=1.03E-6) for clause:  medv(A) :- crim(A, 1).  [covers 39,0/347,0 pos, 0,0/0,0 neg]
%     Score = -14.706,186217 (regressionFit = 14.706,186216, penalties=1.03E-6) for clause:  medv(A) :- crim(A, 9).  [covers 18,0/347,0 pos, 0,0/0,0 neg]
%     Score = -13.768,422029 (regressionFit = 13.768,422028, penalties=1.03E-6) for clause:  medv(A) :- crim(A, 10).  [covers 19,0/347,0 pos, 0,0/0,0 neg]
% Gleaner: New best node found (score = -13.768,422029): medv(A) :- crim(A, 10).  [covers 19,0/347,0 pos, 0,0/0,0 neg]
%     Score = -13.579,676802 (regressionFit = 13.579,676801, penalties=1.03E-6) for clause:  medv(A) :- zn(A, 0).  [covers 245,0/347,0 pos, 0,0/0,0 neg]
% Gleaner: New best node found (score = -13.579,676802): medv(A) :- zn(A, 0).  [covers 245,0/347,0 pos, 0,0/0,0 neg]
%     Score = -14.672,046251 (regressionFit = 14.672,046250, penalties=1.03E-6) for clause:  medv(A) :- zn(A, 55).  [covers 3,0/347,0 pos, 0,0/0,0 neg]
%     Score = -14.635,066639 (regressionFit = 14.635,066638, penalties=1.03E-6) for clause:  medv(A) :- zn(A, 34).  [covers 3,0/347,0 pos, 0,0/0,0 neg]
%     Score = -14.310,567627 (regressionFit = 14.310,567626, penalties=1.03E-6) for clause:  medv(A) :- indus(A, 8).  [covers 21,0/347,0 pos, 0,0/0,0 neg]
%     Score = -14.224,179042 (regressionFit = 14.224,179041, penalties=1.03E-6) for clause:  medv(A) :- indus(A, 3).  [covers 47,0/347,0 pos, 0,0/0,0 neg]
%     Score = -13.921,047837 (regressionFit = 13.921,047836, penalties=1.03E-6) for clause:  medv(A) :- indus(A, 4).  [covers 35,0/347,0 pos, 0,0/0,0 neg]
%     Score = -14.671,392445 (regressionFit = 14.671,392444, penalties=1.03E-6) for clause:  medv(A) :- indus(A, 6).  [covers 36,0/347,0 pos, 0,0/0,0 neg]
%     Score = -13.688,288220 (regressionFit = 13.688,288219, penalties=1.03E-6) for clause:  medv(A) :- indus(A, 1).  [covers 33,0/347,0 pos, 0,0/0,0 neg]
%     Score = -14.598,547684 (regressionFit = 14.598,547683, penalties=1.03E-6) for clause:  medv(A) :- indus(A, 2).  [covers 39,0/347,0 pos, 0,0/0,0 neg]
%     Score = -14.468,593499 (regressionFit = 14.468,593498, penalties=1.03E-6) for clause:  medv(A) :- indus(A, 10).  [covers 47,0/347,0 pos, 0,0/0,0 neg]
%     Score = -14.422,962219 (regressionFit = 14.422,962218, penalties=1.03E-6) for clause:  medv(A) :- chas(A, 0).  [covers 319,0/347,0 pos, 0,0/0,0 neg]
%     Score = -14.591,196371 (regressionFit = 14.591,196370, penalties=1.03E-6) for clause:  medv(A) :- nox(A, 8).  [covers 29,0/347,0 pos, 0,0/0,0 neg]
%     Score = -14.136,346829 (regressionFit = 14.136,346828, penalties=1.03E-6) for clause:  medv(A) :- nox(A, 1).  [covers 47,0/347,0 pos, 0,0/0,0 neg]
%     Score = -14.707,661503 (regressionFit = 14.707,661502, penalties=1.03E-6) for clause:  medv(A) :- nox(A, 3).  [covers 40,0/347,0 pos, 0,0/0,0 neg]
%     Score = -14.318,658762 (regressionFit = 14.318,658761, penalties=1.03E-6) for clause:  medv(A) :- nox(A, 4).  [covers 38,0/347,0 pos, 0,0/0,0 neg]
%     Score = -14.349,417621 (regressionFit = 14.349,417620, penalties=1.03E-6) for clause:  medv(A) :- nox(A, 6).  [covers 40,0/347,0 pos, 0,0/0,0 neg]
%     Score = -14.533,394452 (regressionFit = 14.533,394451, penalties=1.03E-6) for clause:  medv(A) :- nox(A, 5).  [covers 46,0/347,0 pos, 0,0/0,0 neg]
%     Score = -13.134,904172 (regressionFit = 13.134,904171, penalties=1.03E-6) for clause:  medv(A) :- nox(A, 9).  [covers 41,0/347,0 pos, 0,0/0,0 neg]
% Gleaner: New best node found (score = -13.134,904172): medv(A) :- nox(A, 9).  [covers 41,0/347,0 pos, 0,0/0,0 neg]
%     Score = -14.505,447393 (regressionFit = 14.505,447392, penalties=1.03E-6) for clause:  medv(A) :- nox(A, 2).  [covers 40,0/347,0 pos, 0,0/0,0 neg]
%     Score = -13.698,017381 (regressionFit = 13.698,017380, penalties=1.03E-6) for clause:  medv(A) :- rm(A, 7).  [covers 41,0/347,0 pos, 0,0/0,0 neg]
%     Score = -14.706,922036 (regressionFit = 14.706,922035, penalties=1.03E-6) for clause:  medv(A) :- rm(A, 10).  [covers 38,0/347,0 pos, 0,0/0,0 neg]
%     Score = -14.668,412099 (regressionFit = 14.668,412098, penalties=1.03E-6) for clause:  medv(A) :- rm(A, 6).  [covers 38,0/347,0 pos, 0,0/0,0 neg]
%     Score = -11.286,513310 (regressionFit = 11.286,513309, penalties=1.03E-6) for clause:  medv(A) :- rm(A, 4).  [covers 43,0/347,0 pos, 0,0/0,0 neg]
% Gleaner: New best node found (score = -11.286,513310): medv(A) :- rm(A, 4).  [covers 43,0/347,0 pos, 0,0/0,0 neg]
%     Score = -14.688,391440 (regressionFit = 14.688,391439, penalties=1.03E-6) for clause:  medv(A) :- rm(A, 2).  [covers 38,0/347,0 pos, 0,0/0,0 neg]
%     Score = -14.242,422223 (regressionFit = 14.242,422222, penalties=1.03E-6) for clause:  medv(A) :- rm(A, 9).  [covers 30,0/347,0 pos, 0,0/0,0 neg]
%     Score = -13.935,772826 (regressionFit = 13.935,772825, penalties=1.03E-6) for clause:  medv(A) :- age(A, 7).  [covers 35,0/347,0 pos, 0,0/0,0 neg]
%     Score = -14.605,970353 (regressionFit = 14.605,970352, penalties=1.03E-6) for clause:  medv(A) :- age(A, 5).  [covers 31,0/347,0 pos, 0,0/0,0 neg]
%     Score = -14.639,559498 (regressionFit = 14.639,559497, penalties=1.03E-6) for clause:  medv(A) :- age(A, 2).  [covers 29,0/347,0 pos, 0,0/0,0 neg]
%     Score = -14.698,334176 (regressionFit = 14.698,334175, penalties=1.03E-6) for clause:  medv(A) :- age(A, 4).  [covers 30,0/347,0 pos, 0,0/0,0 neg]
%     Score = -14.676,109569 (regressionFit = 14.676,109568, penalties=1.03E-6) for clause:  medv(A) :- age(A, 3).  [covers 39,0/347,0 pos, 0,0/0,0 neg]
%     Score = -14.266,644518 (regressionFit = 14.266,644517, penalties=1.03E-6) for clause:  medv(A) :- age(A, 8).  [covers 43,0/347,0 pos, 0,0/0,0 neg]
%     Score = -14.051,080904 (regressionFit = 14.051,080903, penalties=1.03E-6) for clause:  medv(A) :- age(A, 10).  [covers 44,0/347,0 pos, 0,0/0,0 neg]
%     Score = -14.561,398236 (regressionFit = 14.561,398235, penalties=1.03E-6) for clause:  medv(A) :- age(A, 6).  [covers 29,0/347,0 pos, 0,0/0,0 neg]
%     Score = -14.041,692674 (regressionFit = 14.041,692673, penalties=1.03E-6) for clause:  medv(A) :- dis(A, 8).  [covers 33,0/347,0 pos, 0,0/0,0 neg]
%     Score = -14.674,899495 (regressionFit = 14.674,899494, penalties=1.03E-6) for clause:  medv(A) :- dis(A, 7).  [covers 25,0/347,0 pos, 0,0/0,0 neg]
%     Score = -14.686,325132 (regressionFit = 14.686,325131, penalties=1.03E-6) for clause:  medv(A) :- dis(A, 1).  [covers 45,0/347,0 pos, 0,0/0,0 neg]
%     Score = -14.545,569591 (regressionFit = 14.545,569590, penalties=1.03E-6) for clause:  medv(A) :- dis(A, 6).  [covers 26,0/347,0 pos, 0,0/0,0 neg]
%     Score = -14.568,957846 (regressionFit = 14.568,957845, penalties=1.03E-6) for clause:  medv(A) :- dis(A, 5).  [covers 42,0/347,0 pos, 0,0/0,0 neg]
%     Score = -14.544,122119 (regressionFit = 14.544,122118, penalties=1.03E-6) for clause:  medv(A) :- dis(A, 2).  [covers 43,0/347,0 pos, 0,0/0,0 neg]
%     Score = -14.703,408467 (regressionFit = 14.703,408466, penalties=1.03E-6) for clause:  medv(A) :- dis(A, 10).  [covers 31,0/347,0 pos, 0,0/0,0 neg]
%     Score = -14.673,935430 (regressionFit = 14.673,935429, penalties=1.03E-6) for clause:  medv(A) :- dis(A, 3).  [covers 45,0/347,0 pos, 0,0/0,0 neg]
%     Score = -14.500,474950 (regressionFit = 14.500,474949, penalties=1.03E-6) for clause:  medv(A) :- rad(A, 4).  [covers 97,0/347,0 pos, 0,0/0,0 neg]
%     Score = -14.698,863565 (regressionFit = 14.698,863564, penalties=1.03E-6) for clause:  medv(A) :- rad(A, 5).  [covers 95,0/347,0 pos, 0,0/0,0 neg]
%     Score = -14.691,306376 (regressionFit = 14.691,306375, penalties=1.03E-6) for clause:  medv(A) :- rad(A, 1).  [covers 13,0/347,0 pos, 0,0/0,0 neg]
%     Score = -14.589,101226 (regressionFit = 14.589,101225, penalties=1.03E-6) for clause:  medv(A) :- rad(A, 7).  [covers 13,0/347,0 pos, 0,0/0,0 neg]
%     Score = -14.468,593499 (regressionFit = 14.468,593498, penalties=1.03E-6) for clause:  medv(A) :- rad(A, 24).  [covers 47,0/347,0 pos, 0,0/0,0 neg]
%     Score = -14.188,845063 (regressionFit = 14.188,845062, penalties=1.03E-6) for clause:  medv(A) :- rad(A, 3).  [covers 33,0/347,0 pos, 0,0/0,0 neg]
%     Score = -14.356,979591 (regressionFit = 14.356,979590, penalties=1.03E-6) for clause:  medv(A) :- tax(A, 437).  [covers 14,0/347,0 pos, 0,0/0,0 neg]
%     Score = -14.499,033280 (regressionFit = 14.499,033279, penalties=1.03E-6) for clause:  medv(A) :- tax(A, 307).  [covers 30,0/347,0 pos, 0,0/0,0 neg]
%     Score = -14.644,298939 (regressionFit = 14.644,298938, penalties=1.03E-6) for clause:  medv(A) :- tax(A, 296).  [covers 8,0/347,0 pos, 0,0/0,0 neg]
%     Score = -14.699,827590 (regressionFit = 14.699,827589, penalties=1.03E-6) for clause:  medv(A) :- tax(A, 277).  [covers 11,0/347,0 pos, 0,0/0,0 neg]
%     Score = -14.707,516522 (regressionFit = 14.707,516521, penalties=1.03E-6) for clause:  medv(A) :- tax(A, 300).  [covers 7,0/347,0 pos, 0,0/0,0 neg]
%     Score = -14.577,029535 (regressionFit = 14.577,029534, penalties=1.03E-6) for clause:  medv(A) :- tax(A, 329).  [covers 4,0/347,0 pos, 0,0/0,0 neg]
%     Score = -14.468,593499 (regressionFit = 14.468,593498, penalties=1.03E-6) for clause:  medv(A) :- tax(A, 666).  [covers 47,0/347,0 pos, 0,0/0,0 neg]
%     Score = -14.688,699321 (regressionFit = 14.688,699320, penalties=1.03E-6) for clause:  medv(A) :- tax(A, 233).  [covers 9,0/347,0 pos, 0,0/0,0 neg]
%     Score = -14.352,014601 (regressionFit = 14.352,014600, penalties=1.03E-6) for clause:  medv(A) :- ptratio(A, 7).  [covers 16,0/347,0 pos, 0,0/0,0 neg]
%     Score = -14.145,820636 (regressionFit = 14.145,820635, penalties=1.03E-6) for clause:  medv(A) :- ptratio(A, 4).  [covers 32,0/347,0 pos, 0,0/0,0 neg]
%     Score = -14.488,698280 (regressionFit = 14.488,698279, penalties=1.03E-6) for clause:  medv(A) :- ptratio(A, 6).  [covers 39,0/347,0 pos, 0,0/0,0 neg]
%     Score = -14.665,733806 (regressionFit = 14.665,733805, penalties=1.03E-6) for clause:  medv(A) :- ptratio(A, 3).  [covers 48,0/347,0 pos, 0,0/0,0 neg]
%     Score = -14.288,452879 (regressionFit = 14.288,452878, penalties=1.03E-6) for clause:  medv(A) :- ptratio(A, 1).  [covers 39,0/347,0 pos, 0,0/0,0 neg]
%     Score = -14.416,438636 (regressionFit = 14.416,438635, penalties=1.03E-6) for clause:  medv(A) :- ptratio(A, 10).  [covers 54,0/347,0 pos, 0,0/0,0 neg]
%     Score = -14.466,956109 (regressionFit = 14.466,956107, penalties=1.03E-6) for clause:  medv(A) :- ptratio(A, 2).  [covers 40,0/347,0 pos, 0,0/0,0 neg]
%     Score = -14.668,600940 (regressionFit = 14.668,600939, penalties=1.03E-6) for clause:  medv(A) :- b(A, 1).  [covers 76,0/347,0 pos, 0,0/0,0 neg]
%     Score = -14.660,012724 (regressionFit = 14.660,012723, penalties=1.03E-6) for clause:  medv(A) :- b(A, 5).  [covers 35,0/347,0 pos, 0,0/0,0 neg]
%     Score = -14.705,199478 (regressionFit = 14.705,199477, penalties=1.03E-6) for clause:  medv(A) :- b(A, 6).  [covers 37,0/347,0 pos, 0,0/0,0 neg]
%     Score = -14.698,403933 (regressionFit = 14.698,403932, penalties=1.03E-6) for clause:  medv(A) :- b(A, 3).  [covers 41,0/347,0 pos, 0,0/0,0 neg]
%     Score = -14.618,419270 (regressionFit = 14.618,419268, penalties=1.03E-6) for clause:  medv(A) :- b(A, 8).  [covers 36,0/347,0 pos, 0,0/0,0 neg]
%     Score = -13.276,103333 (regressionFit = 13.276,103332, penalties=1.03E-6) for clause:  medv(A) :- b(A, 7).  [covers 29,0/347,0 pos, 0,0/0,0 neg]
%     Score = -13.785,261427 (regressionFit = 13.785,261426, penalties=1.03E-6) for clause:  medv(A) :- lstat(A, 5).  [covers 25,0/347,0 pos, 0,0/0,0 neg]
%     Score = -14.690,998290 (regressionFit = 14.690,998289, penalties=1.03E-6) for clause:  medv(A) :- lstat(A, 8).  [covers 42,0/347,0 pos, 0,0/0,0 neg]
%     Score = -14.405,420554 (regressionFit = 14.405,420553, penalties=1.03E-6) for clause:  medv(A) :- lstat(A, 9).  [covers 38,0/347,0 pos, 0,0/0,0 neg]
%     Score = -14.449,104545 (regressionFit = 14.449,104544, penalties=1.03E-6) for clause:  medv(A) :- lstat(A, 2).  [covers 43,0/347,0 pos, 0,0/0,0 neg]
%     Score = -13.579,639028 (regressionFit = 13.579,639027, penalties=1.03E-6) for clause:  medv(A) :- lstat(A, 1).  [covers 40,0/347,0 pos, 0,0/0,0 neg]
%     Score = -13.865,083248 (regressionFit = 13.865,083246, penalties=1.03E-6) for clause:  medv(A) :- lstat(A, 7).  [covers 33,0/347,0 pos, 0,0/0,0 neg]
%     Score = -13.171,414129 (regressionFit = 13.171,414128, penalties=1.03E-6) for clause:  medv(A) :- lstat(A, 6).  [covers 25,0/347,0 pos, 0,0/0,0 neg]

% The best node found: medv(A) :- rm(A, 4).  [covers 43,0/347,0 pos, 0,0/0,0 neg]

% The best node found: medv(A) :- rm(A, 4).  [covers 43,0/347,0 pos, 0,0/0,0 neg]

% Expanding node at Level 2 with score = -42,385.
% Will extend: medv(A) :- rm(A, 4).  [covers 43,0/347,0 pos, 0,0/0,0 neg]
Comparing variance: 43.641828015143275 to score=0.0025 #egs=43.0
Comparing variance: 30.95366678930053 to score=0.0025 #egs=304.0
%   Creating a TRUE-branch interior node with wgtedCountTrueBranchPos = 43,0
%      addToQueueOfTreeStructuredLearningTasks (level=3; score=-43,641828)
%         ILP node to extend: medv(A) :- rm(A, 4).  [covers 43,0/347,0 pos, 0,0/0,0 neg]
%      Insert tree-structured search node (@ level = 3 and with score = -43,641828) into position #1 in the search queue (new size=4).
%   Creating a FALSE-branch interior node with wgtedCountFalseBranchPos = 304,0
%      addToQueueOfTreeStructuredLearningTasks (level=3; score=-30,953667)
%         ILP node to extend: null
%      Insert tree-structured search node (@ level = 3 and with score = -30,953667) into position #2 in the search queue (new size=5).

% Time for loop #5: 256 milliseconds.
% Internal node max length = 1
% Max tree depth in lits   = 3
% Max tree depth in nodes  = 4
% Max number of clauses    = 8

% On cycle #5, the best clause found is:
%      medv(A) :- rm(A, 4).  [covers 43,0/347,0 pos, 0,0/0,0 neg]
% This clause covers 43 positive examples, of which 43 are newly covered.
% It also covers 0 negative examples, of which 0 are newly covered.

% Working on expanding this node: 'medv(A) :- rm(A, 4).  [covers 43,0/43,0 pos, 0,0/0,0 neg]'
%     Score = -11.286,513310 (regressionFit = 11.286,513309, penalties=1.03E-6) for clause:  medv(A) :- rm(A, 4).  [covers 43,0/43,0 pos, 0,0/0,0 neg]

% Have these 10 positive seeds: 1 12 13 14 19 23 24 26 37 38
% Gleaner: New best node found (score = -11.286,513310): medv(A) :- rm(A, 4).  [covers 43,0/43,0 pos, 0,0/0,0 neg]
%     Score = -1.862,566669 (regressionFit = 1.862,566667, penalties=2.0500000000000003E-6) for clause:  medv(A) :- rm(A, 4), crim(A, 5).  [covers 4,0/43,0 pos, 0,0/0,0 neg]
% Gleaner: New best node found (score = -1.862,566669): medv(A) :- rm(A, 4), crim(A, 5).  [covers 4,0/43,0 pos, 0,0/0,0 neg]
%     Score = -1.738,723399 (regressionFit = 1.738,723397, penalties=2.0500000000000003E-6) for clause:  medv(A) :- rm(A, 4), crim(A, 3).  [covers 4,0/43,0 pos, 0,0/0,0 neg]
% Gleaner: New best node found (score = -1.738,723399): medv(A) :- rm(A, 4), crim(A, 3).  [covers 4,0/43,0 pos, 0,0/0,0 neg]
%     Score = -1.754,693891 (regressionFit = 1.754,693889, penalties=2.0500000000000003E-6) for clause:  medv(A) :- rm(A, 4), crim(A, 2).  [covers 9,0/43,0 pos, 0,0/0,0 neg]
%     Score = -1.867,042355 (regressionFit = 1.867,042353, penalties=2.0500000000000003E-6) for clause:  medv(A) :- rm(A, 4), crim(A, 6).  [covers 9,0/43,0 pos, 0,0/0,0 neg]
%     Score = -1.845,634207 (regressionFit = 1.845,634205, penalties=2.0500000000000003E-6) for clause:  medv(A) :- rm(A, 4), crim(A, 1).  [covers 11,0/43,0 pos, 0,0/0,0 neg]
%     Score = -1.856,071784 (regressionFit = 1.856,071782, penalties=2.0500000000000003E-6) for clause:  medv(A) :- rm(A, 4), zn(A, 0).  [covers 16,0/43,0 pos, 0,0/0,0 neg]
%     Score = -Infinity (regressionFit = Infinity, penalties=2.0500000000000003E-6) for clause:  medv(A) :- rm(A, 4), zn(A, 30).  [covers 1,0/43,0 pos, 0,0/0,0 neg]
%     Score = -Infinity (regressionFit = Infinity, penalties=2.0500000000000003E-6) for clause:  medv(A) :- rm(A, 4), zn(A, 22).  [covers 1,0/43,0 pos, 0,0/0,0 neg]
%     Score = -1.875,861861 (regressionFit = 1.875,861859, penalties=2.0500000000000003E-6) for clause:  medv(A) :- rm(A, 4), zn(A, 40).  [covers 4,0/43,0 pos, 0,0/0,0 neg]
%     Score = -1.870,122669 (regressionFit = 1.870,122667, penalties=2.0500000000000003E-6) for clause:  medv(A) :- rm(A, 4), zn(A, 80).  [covers 3,0/43,0 pos, 0,0/0,0 neg]
%     Score = -Infinity (regressionFit = Infinity, penalties=2.0500000000000003E-6) for clause:  medv(A) :- rm(A, 4), zn(A, 70).  [covers 2,0/43,0 pos, 0,0/0,0 neg]
%     Score = -Infinity (regressionFit = Infinity, penalties=2.0500000000000003E-6) for clause:  medv(A) :- rm(A, 4), indus(A, 9).  [covers 1,0/43,0 pos, 0,0/0,0 neg]
%     Score = -1.875,149724 (regressionFit = 1.875,149722, penalties=2.0500000000000003E-6) for clause:  medv(A) :- rm(A, 4), indus(A, 2).  [covers 7,0/43,0 pos, 0,0/0,0 neg]
%     Score = -1.850,777739 (regressionFit = 1.850,777737, penalties=2.0500000000000003E-6) for clause:  medv(A) :- rm(A, 4), indus(A, 5).  [covers 5,0/43,0 pos, 0,0/0,0 neg]
%     Score = -1.848,451507 (regressionFit = 1.848,451505, penalties=2.0500000000000003E-6) for clause:  medv(A) :- rm(A, 4), indus(A, 1).  [covers 12,0/43,0 pos, 0,0/0,0 neg]
%     Score = -1.814,095160 (regressionFit = 1.814,095158, penalties=2.0500000000000003E-6) for clause:  medv(A) :- rm(A, 4), chas(A, 0).  [covers 38,0/43,0 pos, 0,0/0,0 neg]
%     Score = -1.814,095160 (regressionFit = 1.814,095158, penalties=2.0500000000000003E-6) for clause:  medv(A) :- rm(A, 4), chas(A, 1).  [covers 5,0/43,0 pos, 0,0/0,0 neg]
%     Score = -1.847,902669 (regressionFit = 1.847,902667, penalties=2.0500000000000003E-6) for clause:  medv(A) :- rm(A, 4), nox(A, 7).  [covers 3,0/43,0 pos, 0,0/0,0 neg]
%     Score = -1.837,793592 (regressionFit = 1.837,793590, penalties=2.0500000000000003E-6) for clause:  medv(A) :- rm(A, 4), nox(A, 3).  [covers 4,0/43,0 pos, 0,0/0,0 neg]
%     Score = -1.876,464645 (regressionFit = 1.876,464643, penalties=2.0500000000000003E-6) for clause:  medv(A) :- rm(A, 4), nox(A, 5).  [covers 7,0/43,0 pos, 0,0/0,0 neg]
%     Score = -1.850,402649 (regressionFit = 1.850,402647, penalties=2.0500000000000003E-6) for clause:  medv(A) :- rm(A, 4), nox(A, 2).  [covers 9,0/43,0 pos, 0,0/0,0 neg]
%     Score = -1.871,199154 (regressionFit = 1.871,199152, penalties=2.0500000000000003E-6) for clause:  medv(A) :- rm(A, 4), nox(A, 6).  [covers 10,0/43,0 pos, 0,0/0,0 neg]
%     Score = -Infinity (regressionFit = Infinity, penalties=2.0500000000000003E-6) for clause:  medv(A) :- rm(A, 4), age(A, 5).  [covers 2,0/43,0 pos, 0,0/0,0 neg]
%     Score = -Infinity (regressionFit = Infinity, penalties=2.0500000000000003E-6) for clause:  medv(A) :- rm(A, 4), age(A, 2).  [covers 2,0/43,0 pos, 0,0/0,0 neg]
%     Score = -1.875,861861 (regressionFit = 1.875,861859, penalties=2.0500000000000003E-6) for clause:  medv(A) :- rm(A, 4), age(A, 1).  [covers 4,0/43,0 pos, 0,0/0,0 neg]
%     Score = -1.846,741608 (regressionFit = 1.846,741606, penalties=2.0500000000000003E-6) for clause:  medv(A) :- rm(A, 4), age(A, 10).  [covers 10,0/43,0 pos, 0,0/0,0 neg]
%     Score = -1.847,647714 (regressionFit = 1.847,647712, penalties=2.0500000000000003E-6) for clause:  medv(A) :- rm(A, 4), age(A, 8).  [covers 9,0/43,0 pos, 0,0/0,0 neg]
%     Score = -1.871,952434 (regressionFit = 1.871,952432, penalties=2.0500000000000003E-6) for clause:  medv(A) :- rm(A, 4), age(A, 3).  [covers 6,0/43,0 pos, 0,0/0,0 neg]
%     Score = -Infinity (regressionFit = Infinity, penalties=2.0500000000000003E-6) for clause:  medv(A) :- rm(A, 4), dis(A, 9).  [covers 2,0/43,0 pos, 0,0/0,0 neg]
%     Score = -1.845,245899 (regressionFit = 1.845,245897, penalties=2.0300000000000005E-6) for clause:  medv(A) :- rm(A, 4), dis(A, 4).  [covers 4,0/43,0 pos, 0,0/0,0 neg]
[...]
%     Score = -8.732,818306 (regressionFit = 8.732,818305, penalties=1.03E-6) for clause:  medv(A) :- b(A, 5).  [covers 28,0/281,0 pos, 0,0/0,0 neg]
%     Score = -8.732,348091 (regressionFit = 8.732,348090, penalties=1.03E-6) for clause:  medv(A) :- b(A, 9).  [covers 27,0/281,0 pos, 0,0/0,0 neg]
%     Score = -8.707,733976 (regressionFit = 8.707,733975, penalties=1.03E-6) for clause:  medv(A) :- b(A, 2).  [covers 25,0/281,0 pos, 0,0/0,0 neg]
%     Score = -8.732,196538 (regressionFit = 8.732,196537, penalties=1.03E-6) for clause:  medv(A) :- b(A, 8).  [covers 31,0/281,0 pos, 0,0/0,0 neg]
%     Score = -8.634,828200 (regressionFit = 8.634,828199, penalties=1.03E-6) for clause:  medv(A) :- lstat(A, 10).  [covers 26,0/281,0 pos, 0,0/0,0 neg]
%     Score = -7.405,167672 (regressionFit = 7.405,167671, penalties=1.03E-6) for clause:  medv(A) :- lstat(A, 6).  [covers 22,0/281,0 pos, 0,0/0,0 neg]
% Gleaner: New best node found (score = -7.405,167672): medv(A) :- lstat(A, 6).  [covers 22,0/281,0 pos, 0,0/0,0 neg]
%     Score = -8.362,873158 (regressionFit = 8.362,873157, penalties=1.03E-6) for clause:  medv(A) :- lstat(A, 2).  [covers 42,0/281,0 pos, 0,0/0,0 neg]
%     Score = -8.123,785729 (regressionFit = 8.123,785728, penalties=1.03E-6) for clause:  medv(A) :- lstat(A, 7).  [covers 23,0/281,0 pos, 0,0/0,0 neg]
%     Score = -8.655,925778 (regressionFit = 8.655,925777, penalties=1.03E-6) for clause:  medv(A) :- lstat(A, 4).  [covers 36,0/281,0 pos, 0,0/0,0 neg]

% The best node found: medv(A) :- lstat(A, 6).  [covers 22,0/281,0 pos, 0,0/0,0 neg]

% The best node found: medv(A) :- lstat(A, 6).  [covers 22,0/281,0 pos, 0,0/0,0 neg]

% Expanding node at Level 4 with score = -31,078.
% Will extend: medv(A) :- lstat(A, 6).  [covers 22,0/281,0 pos, 0,0/0,0 neg]
%   Creating a TRUE-branch and FALSE-branch leaves because level = 4 >= 4

% Time for loop #8: 150 milliseconds.
% Internal node max length = 1
% Max tree depth in lits   = 3
% Max tree depth in nodes  = 4
% Max number of clauses    = 8

% On cycle #8, the best clause found is:
%      medv(A) :- lstat(A, 6).  [covers 22,0/281,0 pos, 0,0/0,0 neg]
% This clause covers 22 positive examples, of which 22 are newly covered.
% It also covers 0 negative examples, of which 0 are newly covered.

% ******************************************

% Have stopped ILP's outer loop because have reached the maximum number of learned clauses (8).

% ******************************************
Created a leaf under (medv(A) :- age(A, 5))
Created a leaf under (medv(A) :- age(A, 9))
Created a leaf under (medv(A) :- lstat(A, 3))
Created a leaf under (medv(A) :- rm(A, 7))
Created a leaf under (medv(A) :- nox(A, 10))

%%%%%  WILL-Produced Tree #10 @ 14:10:11 10/20/22.  %%%%%


% FOR medv(A):
%   if ( nox(A, 10) )
%   then return 9.566666666666666;  // std dev = 3,388, 42,000 (wgt'ed) examples reached here.  /* #pos=42 */
%   else if ( rm(A, 3) )
%   | then if ( lstat(A, 3) )
%   | | then return 43.94230769230769;  // std dev = 5,156, 26,000 (wgt'ed) examples reached here.  /* #pos=26 */
%   | | else if ( age(A, 9) )
%   | | | then return 43.599999999999994;  // std dev = 10,708, 4,000 (wgt'ed) examples reached here.  /* #pos=4 */
%   | | | else return 33.15294117647059;  // std dev = 5,293, 17,000 (wgt'ed) examples reached here.  /* #pos=17 */
%   | else if ( lstat(A, 3) )
%   | | then if ( age(A, 5) )
%   | | | then return 46.1;  // std dev = 7,104, 3,000 (wgt'ed) examples reached here.  /* #pos=3 */
%   | | | else return 30.799999999999997;  // std dev = 5,351, 22,000 (wgt'ed) examples reached here.  /* #pos=22 */
%   | | else if ( rm(A, 7) )
%   | | | then return 16.60731707317073;  // std dev = 3,575, 41,000 (wgt'ed) examples reached here.  /* #pos=41 */
%   | | | else if ( lstat(A, 6) )
%   | | | | then return 13.477272727272727;  // std dev = 14,781, 22,000 (wgt'ed) examples reached here.  /* #pos=22 */
%   | | | | else return 21.569498069498074;  // std dev = 84,774, 259,000 (wgt'ed) examples reached here.  /* #pos=259 */


% Clauses:

medv(A, 9.566666666666666) :- 
     nox(A, 10), 
     !. // Clause #1.

medv(A, 43.94230769230769) :- 
     rm(A, 3), 
     lstat(A, 3), 
     !. // Clause #2.

medv(A, 43.599999999999994) :- 
     rm(A, 3), 
     age(A, 9), 
     !. // Clause #3.

medv(A, 33.15294117647059) :- 
     rm(A, 3), 
     !. // Clause #4.

medv(A, 46.1) :- 
     lstat(A, 3), 
     age(A, 5), 
     !. // Clause #5.

medv(A, 30.799999999999997) :- 
     lstat(A, 3), 
     !. // Clause #6.

medv(A, 16.60731707317073) :- 
     rm(A, 7), 
     !. // Clause #7.

medv(A, 13.477272727272727) :- 
     lstat(A, 6), 
     !. // Clause #8.

medv(A, 21.569498069498074) :- !. // Clause #9.


% The flattened versions of these clauses:

flattened_medv(a, 9.566666666666666) :-  /* #pos=42 */ 
   nox(a, 10),
   !. // Flattened version of clause #1.

flattened_medv(a, 43.94230769230769) :-  /* #pos=26 */ 
   rm(a, 3),
   lstat(a, 3),
   !. // Flattened version of clause #2.

flattened_medv(a, 43.599999999999994) :-  /* #pos=4 */ 
   rm(a, 3),
   age(a, 9),
   !. // Flattened version of clause #3.

flattened_medv(a, 33.15294117647059) :-  /* #pos=17 */ 
   rm(a, 3),
   !. // Flattened version of clause #4.

flattened_medv(a, 46.1) :-  /* #pos=3 */ 
   lstat(a, 3),
   age(a, 5),
   !. // Flattened version of clause #5.

flattened_medv(a, 30.799999999999997) :-  /* #pos=22 */ 
   lstat(a, 3),
   !. // Flattened version of clause #6.

flattened_medv(a, 16.60731707317073) :-  /* #pos=41 */ 
   rm(a, 7),
   !. // Flattened version of clause #7.

flattened_medv(a, 13.477272727272727) :-  /* #pos=22 */ 
   lstat(a, 6),
   !. // Flattened version of clause #8.

flattened_medv(underscore, 21.569498069498074) :-  /* #pos=259 */ 
   !. // Flattened version of clause #9.


% The unique flattened literals:
%   rm(a, 3)
%   age(a, 5)
%   rm(a, 7)
%   lstat(a, 6)
%   age(a, 9)
%   lstat(a, 3)
%   nox(a, 10)

% Saving model in: data/boston_housing/train/models/bRDNs/medv.model.ckpt
% Saving model in: data/boston_housing/train/models/bRDNs/medv.model


%%%%%%%%%%%%%%%%%%%%%%%%%%%%%%%%%%%%%%%%%%%%%%%%%%%%%%%%%%%
%%%%%  Final call for computing score for medv.  %%%%%
%%%%%%%%%%%%%%%%%%%%%%%%%%%%%%%%%%%%%%%%%%%%%%%%%%%%%%%%%%%

stepLength_tree1(1.0).
stepLength_tree2(1.0).
stepLength_tree3(1.0).
stepLength_tree4(1.0).
stepLength_tree5(1.0).
stepLength_tree6(1.0).
stepLength_tree7(1.0).
stepLength_tree8(1.0).
stepLength_tree9(1.0).
stepLength_tree10(1.0).

logPrior(0.0).
medv(A, Total) :- // A general accessor. 
   medv(A, 1000000, Total), !.
medv(A, Total) :- waitHere("This should not fail", medv(A, Total)).

medv(A, TreesToUse, Total) :- // A tree-limited accessor (e.g., for tuning the number of trees to use).
   logPrior(LogPrior),
   getScore_medv_tree1(A, TreesToUse, Total1),
   getScore_medv_tree2(A, TreesToUse, Total2),
   getScore_medv_tree3(A, TreesToUse, Total3),
   getScore_medv_tree4(A, TreesToUse, Total4),
   getScore_medv_tree5(A, TreesToUse, Total5),
   getScore_medv_tree6(A, TreesToUse, Total6),
   getScore_medv_tree7(A, TreesToUse, Total7),
   getScore_medv_tree8(A, TreesToUse, Total8),
   getScore_medv_tree9(A, TreesToUse, Total9),
   getScore_medv_tree10(A, TreesToUse, Total10),
   Total is LogPrior + Total1 + Total2 + Total3 + Total4 + Total5 + Total6 + Total7 + Total8 + Total9 + Total10,
   !.
medv(A, TreesToUse, Total) :- waitHere("This should not fail", medv(A, TreesToUse, Total)).

getScore_medv_tree1(A, TreesToUse, 0.0) :- 1 > TreesToUse, !.
getScore_medv_tree1(A, TreesToUse, Total1) :- medv_tree1(A, Total), stepLength_tree1(StepLen), Total1 is Total * StepLen.

getScore_medv_tree2(A, TreesToUse, 0.0) :- 2 > TreesToUse, !.
getScore_medv_tree2(A, TreesToUse, Total2) :- medv_tree2(A, Total), stepLength_tree2(StepLen), Total2 is Total * StepLen.

getScore_medv_tree3(A, TreesToUse, 0.0) :- 3 > TreesToUse, !.
getScore_medv_tree3(A, TreesToUse, Total3) :- medv_tree3(A, Total), stepLength_tree3(StepLen), Total3 is Total * StepLen.

getScore_medv_tree4(A, TreesToUse, 0.0) :- 4 > TreesToUse, !.
getScore_medv_tree4(A, TreesToUse, Total4) :- medv_tree4(A, Total), stepLength_tree4(StepLen), Total4 is Total * StepLen.

getScore_medv_tree5(A, TreesToUse, 0.0) :- 5 > TreesToUse, !.
getScore_medv_tree5(A, TreesToUse, Total5) :- medv_tree5(A, Total), stepLength_tree5(StepLen), Total5 is Total * StepLen.

getScore_medv_tree6(A, TreesToUse, 0.0) :- 6 > TreesToUse, !.
getScore_medv_tree6(A, TreesToUse, Total6) :- medv_tree6(A, Total), stepLength_tree6(StepLen), Total6 is Total * StepLen.

getScore_medv_tree7(A, TreesToUse, 0.0) :- 7 > TreesToUse, !.
getScore_medv_tree7(A, TreesToUse, Total7) :- medv_tree7(A, Total), stepLength_tree7(StepLen), Total7 is Total * StepLen.

getScore_medv_tree8(A, TreesToUse, 0.0) :- 8 > TreesToUse, !.
getScore_medv_tree8(A, TreesToUse, Total8) :- medv_tree8(A, Total), stepLength_tree8(StepLen), Total8 is Total * StepLen.

getScore_medv_tree9(A, TreesToUse, 0.0) :- 9 > TreesToUse, !.
getScore_medv_tree9(A, TreesToUse, Total9) :- medv_tree9(A, Total), stepLength_tree9(StepLen), Total9 is Total * StepLen.

getScore_medv_tree10(A, TreesToUse, 0.0) :- 10 > TreesToUse, !.
getScore_medv_tree10(A, TreesToUse, Total10) :- medv_tree10(A, Total), stepLength_tree10(StepLen), Total10 is Total * StepLen.

flattenedLiteralsInThisSetOfTrees(medv, 20, [
   crim(a, 2),
   age(a, 5),
   dis(a, 8),
   lstat(a, 6),
   rm(a, 1),
   lstat(a, 9),
   indus(a, 10),
   lstat(a, 3),
   nox(a, 10),
   nox(a, 4),
   zn(a, 0),
   indus(a, 4),
   rm(a, 3),
   lstat(a, 1),
   crim(a, 10),
   rm(a, 7),
   tax(a, 264),
   age(a, 9),
   rm(a, 4),
   chas(a, 0)]).
% Time taken to learn model for 'medv': 10,949 seconds.
% Saving model in: data/boston_housing/train/models/bRDNs/medv.model
cached groundings hit: 0
Misses: 0

% Total learning time (10 trees): 11,129 seconds.

% Switching to VarIndicator = uppercase.

% Unset'ing VarIndicator.

Resetting the LazyGroundNthArgumentClauseIndex.

% Calling ILPouterLoop from createRegressionOuterLooper.

% getInputArgWithDefaultValue: args=[data/boston_housing/test/test_pos.txt, data/boston_housing/test/test_neg.txt, data/boston_housing/test/test_bk.txt, data/boston_housing/test/test_facts.txt]
%  for N=0: args[N]=data/boston_housing/test/test_pos.txt

% getInputArgWithDefaultValue: args=[data/boston_housing/test/test_pos.txt, data/boston_housing/test/test_neg.txt, data/boston_housing/test/test_bk.txt, data/boston_housing/test/test_facts.txt]
%  for N=1: args[N]=data/boston_housing/test/test_neg.txt

% getInputArgWithDefaultValue: args=[data/boston_housing/test/test_pos.txt, data/boston_housing/test/test_neg.txt, data/boston_housing/test/test_bk.txt, data/boston_housing/test/test_facts.txt]
%  for N=2: args[N]=data/boston_housing/test/test_bk.txt

% getInputArgWithDefaultValue: args=[data/boston_housing/test/test_pos.txt, data/boston_housing/test/test_neg.txt, data/boston_housing/test/test_bk.txt, data/boston_housing/test/test_facts.txt]
%  for N=3: args[N]=data/boston_housing/test/test_facts.txt

% Welcome to the WILL ILP/SRL systems.

% Reading background theory from dir: null

% Switching to VarIndicator = uppercase.

***** Warning: % Since this is the first setting of the notation for variables, will keep:
%   variableIndicator = uppercase *****

% [ LazyGroundClauseIndex ]  Building full index for mode/1 with 1 assertions.

%  Read the facts.
%  Have read 166 facts.

%  LearnOneClause initialized.

% The outer looper has been created.

% Initializing the ILP inner looper.
% Have read 13 examples from 'data/boston_housing/test' [data/boston_housing/test/test*].

% NEW target:                 medv(A)
%  targetPred:                medv/1
%  targetArgTypes:            signature = [const], types = [+id]
%  targets:                   [medv(A)]
%  targetPredicates:          [medv/1]
%  targetArgSpecs:            [[A[+id]]]
%  variablesInTargets:        [[A]]

% Started collecting constants

% Collecting the types of constants.

%   *** WARNING ***  Constant '10' is already marked as being of types = [varsrim];
%          type = 'varindus' may be added if not already known.
%  PredicateName = 'indus', from 'indus(id433, 10)',
%  which has types = [signature = [const, const], types = [+id, #varindus]]
%   Other warnings with this predicate and this new type are not reported in order to keep this printout small.  Use dontComplainAboutMultipleTypes to override.

%   *** WARNING ***  Constant '0' is already marked as being of types = [varzn];
%          type = 'varchas' may be added if not already known.
%  PredicateName = 'chas', from 'chas(id139, 0)',
%  which has types = [signature = [const, const], types = [+id, #varchas]]
%   Other warnings with this predicate and this new type are not reported in order to keep this printout small.  Use dontComplainAboutMultipleTypes to override.

%   *** WARNING ***  Constant '8' is already marked as being of types = [varindus];
%          type = 'varnox' may be added if not already known.
%  PredicateName = 'nox', from 'nox(id139, 8)',
%  which has types = [signature = [const, const], types = [+id, #varnox]]
%   Other warnings with this predicate and this new type are not reported in order to keep this printout small.  Use dontComplainAboutMultipleTypes to override.

%   *** WARNING ***  Constant '8' is already marked as being of types = [varindus, varnox];
%          type = 'varrm' may be added if not already known.
%  PredicateName = 'rm', from 'rm(id139, 8)',
%  which has types = [signature = [const, const], types = [+id, #varrm]]
%   Other warnings with this predicate and this new type are not reported in order to keep this printout small.  Use dontComplainAboutMultipleTypes to override.

%   *** WARNING ***  Constant '5' is already marked as being of types = [varsrim, varindus, varnox, varrm];
%          type = 'varage' may be added if not already known.
%  PredicateName = 'age', from 'age(id139, 5)',
%  which has types = [signature = [const, const], types = [+id, #varage]]
%   Other warnings with this predicate and this new type are not reported in order to keep this printout small.  Use dontComplainAboutMultipleTypes to override.

%   *** WARNING ***  Constant '9' is already marked as being of types = [varsrim, varindus, varnox, varage];
%          type = 'vardis' may be added if not already known.
%  PredicateName = 'dis', from 'dis(id139, 9)',
%  which has types = [signature = [const, const], types = [+id, #vardis]]
%   Other warnings with this predicate and this new type are not reported in order to keep this printout small.  Use dontComplainAboutMultipleTypes to override.

%   *** WARNING ***  Constant '4' is already marked as being of types = [varsrim, varindus, varrm, varage, vardis];
%          type = 'varrad' may be added if not already known.
%  PredicateName = 'rad', from 'rad(id139, 4)',
%  which has types = [signature = [const, const], types = [+id, #varrad]]
%   Other warnings with this predicate and this new type are not reported in order to keep this printout small.  Use dontComplainAboutMultipleTypes to override.

%   *** WARNING ***  Constant '7' is already marked as being of types = [varindus, varnox, varrm, varage, varrad];
%          type = 'varptrat' may be added if not already known.
%  PredicateName = 'ptratio', from 'ptratio(id139, 7)',
%  which has types = [signature = [const, const], types = [+id, #varptrat]]
%   Other warnings with this predicate and this new type are not reported in order to keep this printout small.  Use dontComplainAboutMultipleTypes to override.

%   *** WARNING ***  Constant '2' is already marked as being of types = [varnox, varrm, varage, varrad, varptrat];
%          type = 'varb' may be added if not already known.
%  PredicateName = 'b', from 'b(id139, 2)',
%  which has types = [signature = [const, const], types = [+id, #varb]]
%   Other warnings with this predicate and this new type are not reported in order to keep this printout small.  Use dontComplainAboutMultipleTypes to override.

%   *** WARNING ***  Constant '5' is already marked as being of types = [varsrim, varindus, varnox, varrm, varage, vardis, varrad, varptrat, varb];
%          type = 'varlstat' may be added if not already known.
%  PredicateName = 'lstat', from 'lstat(id139, 5)',
%  which has types = [signature = [const, const], types = [+id, #varlstat]]
%   Other warnings with this predicate and this new type are not reported in order to keep this printout small.  Use dontComplainAboutMultipleTypes to override.

% Looking at the training examples to see if any types of new constants can be inferred.
% Time to collect constants: 5 milliseconds

% Read 13 pos examples and 0 neg examples.
% Time to init learnOneClause: 6 milliseconds
% Old dirdata/boston_housing/train/models/

% Have 13 'raw' positive examples and kept 13.
% Have 0 'raw' negative examples and kept 0.
% No neg ex for medv

% processing backup's for medv
%  POS EX = 13
%  NEG EX = 0

% Memory usage by WILLSetup (just counts # targets?):
%  |backupPosExamples| = 1
%  |backupNegExamples| = 1
%  |predicatesAsFacts| = 0
%  |addedToFactBase|   = 0

% Getting bRDN's target predicates.
% Did not learn a model for 'medv' this run.
%   loadModel (#0): data/boston_housing/train/models/bRDNs/Trees/medvTree0.tree
%   loadModel (#1): data/boston_housing/train/models/bRDNs/Trees/medvTree1.tree
%   loadModel (#2): data/boston_housing/train/models/bRDNs/Trees/medvTree2.tree
%   loadModel (#3): data/boston_housing/train/models/bRDNs/Trees/medvTree3.tree
%   loadModel (#4): data/boston_housing/train/models/bRDNs/Trees/medvTree4.tree
%   loadModel (#5): data/boston_housing/train/models/bRDNs/Trees/medvTree5.tree
%   loadModel (#6): data/boston_housing/train/models/bRDNs/Trees/medvTree6.tree
%   loadModel (#7): data/boston_housing/train/models/bRDNs/Trees/medvTree7.tree
%   loadModel (#8): data/boston_housing/train/models/bRDNs/Trees/medvTree8.tree
%   loadModel (#9): data/boston_housing/train/models/bRDNs/Trees/medvTree9.tree
%  Done loading 10 models.

% for medv |lookupPos| = 13
% for medv |lookupNeg| = 0
% getJointExamples: |pos| = 13, |neg| = 0

% Starting inference in bRDN.

% Subsampling the negative examples.
% Trees = 10
% [ LazyGroundClauseIndex ]  Building full index for nox/2 with 12 assertions.
% [ LazyGroundClauseIndex ]  Building full index for rm/2 with 13 assertions.
% [ LazyGroundClauseIndex ]  Building full index for lstat/2 with 13 assertions.
% [ LazyGroundClauseIndex ]  Building full index for age/2 with 13 assertions.
% [ LazyGroundClauseIndex ]  Building full index for crim/2 with 13 assertions.
% [ LazyGroundClauseIndex ]  Building full index for tax/2 with 13 assertions.
% [ LazyGroundClauseIndex ]  Building full index for dis/2 with 13 assertions.
% [ LazyGroundClauseIndex ]  Building full index for indus/2 with 13 assertions.
% [ LazyGroundClauseIndex ]  Building full index for zn/2 with 14 assertions.
% [ LazyGroundClauseIndex ]  Building full index for chas/2 with 13 assertions.
 (Arithmetic) Mean Probability Assigned to Correct Output Class: 13,000/13,00 = 1,000000

 The weighted count of positive examples = 13,000 and the weighted count of negative examples = 0,000

printExamples: Writing out predictions (for Tuffy?) on 13 examples for 'medv' to:
  data/boston_housing/test/results_medv.db
 and to:
  data/boston_housing/test/query_medv.db

% Computing Area Under Curves.
%Pos=13
%Neg=0
%LL:0.0
%LL:0.0

No negative examples in ComputeAUC.  Using AUC-ROC = 1.0 and AUC-PR = 1.0
Best F1 = 0.0
% F1 = 0.0
% Threshold = 0.0

%   AUC ROC   = 1,000000
%   AUC PR    = 1,000000
%   CLL	      = 0,000000
%   Precision = 1,000000 at threshold = 0,500
%   Recall    = 1,000000
%   F1        = 1,000000

% Total inference time (10 trees): 104 milliseconds.
]]></system-out>
  <system-err><![CDATA[]]></system-err>
</testsuite>
