<?xml version="1.0" encoding="UTF-8"?>
<testsuite name="edu.wisc.cs.will.UWCSERDNTest" tests="1" skipped="0" failures="0" errors="0" timestamp="2022-10-20T17:10:40" hostname="Ubuntu" time="5.395">
  <properties/>
  <testcase name="testUWCSELearnInfer()" classname="edu.wisc.cs.will.UWCSERDNTest" time="5.395"/>
  <system-out><![CDATA[
% Starting a LEARNING run of bRDN.

% Calling SETUP.

% Switching to VarIndicator = uppercase.

% Unset'ing VarIndicator.

Resetting the LazyGroundNthArgumentClauseIndex.

% Calling ILPouterLoop from createRegressionOuterLooper.

% getInputArgWithDefaultValue: args=[data/uwcse/fold1/train/train_pos.txt, data/uwcse/fold1/train/train_neg.txt, data/uwcse/fold1/train/train_bk.txt, data/uwcse/fold1/train/train_facts.txt]
%  for N=0: args[N]=data/uwcse/fold1/train/train_pos.txt

% getInputArgWithDefaultValue: args=[data/uwcse/fold1/train/train_pos.txt, data/uwcse/fold1/train/train_neg.txt, data/uwcse/fold1/train/train_bk.txt, data/uwcse/fold1/train/train_facts.txt]
%  for N=1: args[N]=data/uwcse/fold1/train/train_neg.txt

% getInputArgWithDefaultValue: args=[data/uwcse/fold1/train/train_pos.txt, data/uwcse/fold1/train/train_neg.txt, data/uwcse/fold1/train/train_bk.txt, data/uwcse/fold1/train/train_facts.txt]
%  for N=2: args[N]=data/uwcse/fold1/train/train_bk.txt

% getInputArgWithDefaultValue: args=[data/uwcse/fold1/train/train_pos.txt, data/uwcse/fold1/train/train_neg.txt, data/uwcse/fold1/train/train_bk.txt, data/uwcse/fold1/train/train_facts.txt]
%  for N=3: args[N]=data/uwcse/fold1/train/train_facts.txt

% Welcome to the WILL ILP/SRL systems.

% Reading background theory from dir: null

% Switching to VarIndicator = uppercase.

***** Warning: % Since this is the first setting of the notation for variables, will keep:
%   variableIndicator = uppercase *****

% [ LazyGroundClauseIndex ]  Building full index for mode/1 with 1 assertions.

%  Read the facts.
%  Have read 2.095 facts.
% Have read 97 examples from 'data/uwcse/fold1/train' [data/uwcse/fold1/train/train*].
% Have read 52.344 examples from 'data/uwcse/fold1/train' [data/uwcse/fold1/train/train*].

%  LearnOneClause initialized.

% The outer looper has been created.

% Initializing the ILP inner looper.

% NEW target:                 advisedby(A, B)
%  targetPred:                advisedby/2
%  targetArgTypes:            signature = [const, const], types = [+person, +person]
%  targets:                   [advisedby(A, B)]
%  targetPredicates:          [advisedby/2]
%  targetArgSpecs:            [[A[+person], B[+person]]]
%  variablesInTargets:        [[A, B]]

% Started collecting constants

% Collecting the types of constants.

% Looking at the training examples to see if any types of new constants can be inferred.
% Time to collect constants: 136 milliseconds

% Read 97 pos examples and 52.344 neg examples.
% Time to init learnOneClause: 143 milliseconds
% Old dirnull
Setting model dir

% Have 97 'raw' positive examples and kept 97.
% Have 52.344 'raw' negative examples and kept 52.344.

% processing backup's for advisedby
%  POS EX = 97
%  NEG EX = 52.344

% Memory usage by WILLSetup (just counts # targets?):
%  |backupPosExamples| = 1
%  |backupNegExamples| = 1
%  |predicatesAsFacts| = 0
%  |addedToFactBase|   = 0
data/uwcse/fold1/train/models/
% Learning 10 trees in this iteration for advisedby

% Learn model for: advisedby
% Kept 97 of the 97 positive examples.
% Kept 225 of the 52.344 negative examples.
% Have prepared facts.
%      addToQueueOfTreeStructuredLearningTasks (level=0; score=1,797693135e+308)
%         ILP node to extend: null
%      Insert tree-structured search node (@ level = 0 and with score = 1,797693135e+308) into the LAST position (#1) in the search queue.
Variance:0.21049535125959645
Set score:0.0025
% Dataset size: 322
Computing probabilities
prob time:1 milliseconds
No hidden examples for : advisedby
Time to build dataset: 2 milliseconds
%      addToQueueOfTreeStructuredLearningTasks (level=0; score=1,797693135e+308)
%         ILP node to extend: null
%      Insert tree-structured search node (@ level = 0 and with score = 1,797693135e+308) into the LAST position (#1) in the search queue.
Variance:0.21049535125959784
Set score:0.0025

% Have these 10 positive seeds: 3 4 114 134 140 147 155 185 205 218

% LearnOneClause Parameters:
%   Targets (1):
%    advisedby(+person, +person)
%  Modes (22):
%    courselevel(+course, #level),
%    courselevel(+course, +level),
%    hasposition(+person, #position),
%    inphase(+person, #phase),
%    professor(+person),
%    projectmember(-project, +person),
%    projectmember(+project, -person),
%    publication(-title, +person),
%    publication(+title, -person),
%    samecourse(+course, +course),
%    sameperson(+person, +person),
%    sameproject(+project, +project),
%    student(+person),
%    ta(-course, +person, -quarter),
%    ta(+course, -person, +quarter),
%    ta(+course, +person, -quarter),
%    taughtby(-course, +person, -quarter),
%    taughtby(+course, -person, +quarter),
%    taughtby(+course, +person, -quarter),
%    tempadvisedby(-person, +person),
%    tempadvisedby(+person, -person),
%    yearsinprogram(+person, #integer)

% target           = advisedby(A, B)
%     Score = -Infinity (regressionFit = Infinity, penalties=2.2E-7) for clause:  advisedby(_, _).  [covers 322,0/322,0 pos, 0,0/0,0 neg]
% Most-general root: advisedby(_, _).  [covers 322,0/322,0 pos, 0,0/0,0 neg]  score = -Infinity
% [ LazyGroundNthArgumentClauseIndex ]  Argument 0:  Building full index for hasposition/2.
% [ LazyGroundClauseIndex ]  Building full index for hasposition/2 with 43 assertions.
% [ LazyGroundNthArgumentClauseIndex ]  Argument 0:  Building full index for inphase/2.
% [ LazyGroundClauseIndex ]  Building full index for inphase/2 with 119 assertions.
% [ LazyGroundClauseIndex ]  Building full index for professor/1 with 49 assertions.
% [ LazyGroundNthArgumentClauseIndex ]  Argument 1:  Building full index for projectmember/2.
% [ LazyGroundNthArgumentClauseIndex ]  Argument 1:  Building full index for publication/2.
% [ LazyGroundClauseIndex ]  Building full index for sameperson/2 with 229 assertions.
% [ LazyGroundClauseIndex ]  Building full index for student/1 with 180 assertions.
% [ LazyGroundNthArgumentClauseIndex ]  Argument 1:  Building full index for ta/3.
% [ LazyGroundNthArgumentClauseIndex ]  Argument 1:  Building full index for taughtby/3.
% [ LazyGroundClauseIndex ]  Building full index for tempadvisedby/2 with 29 assertions.
% [ LazyGroundNthArgumentClauseIndex ]  Argument 1:  Building full index for tempadvisedby/2.
% [ LazyGroundNthArgumentClauseIndex ]  Argument 0:  Building full index for tempadvisedby/2.
% [ LazyGroundNthArgumentClauseIndex ]  Argument 0:  Building full index for yearsinprogram/2.
% [ LazyGroundClauseIndex ]  Building full index for yearsinprogram/2 with 119 assertions.
%     Score = -64,555174 (regressionFit = 64,555172, penalties=1.14E-6) for clause:  advisedby(A, _) :- hasposition(A, faculty).  [covers 32,0/322,0 pos, 0,0/0,0 neg]
% Gleaner: New best node found (score = -64,555174): advisedby(A, _) :- hasposition(A, faculty).  [covers 32,0/322,0 pos, 0,0/0,0 neg]
%     Score = -67,766668 (regressionFit = 67,766667, penalties=1.14E-6) for clause:  advisedby(_, A) :- hasposition(A, faculty_adjunct).  [covers 12,0/322,0 pos, 0,0/0,0 neg]
%     Score = -28,691395 (regressionFit = 28,691394, penalties=1.14E-6) for clause:  advisedby(_, A) :- hasposition(A, faculty).  [covers 119,0/322,0 pos, 0,0/0,0 neg]
% Gleaner: New best node found (score = -28,691395): advisedby(_, A) :- hasposition(A, faculty).  [covers 119,0/322,0 pos, 0,0/0,0 neg]
%     Score = -64,220787 (regressionFit = 64,220786, penalties=1.14E-6) for clause:  advisedby(A, _) :- inphase(A, post_quals).  [covers 78,0/322,0 pos, 0,0/0,0 neg]
%     Score = -67,778750 (regressionFit = 67,778749, penalties=1.14E-6) for clause:  advisedby(A, _) :- inphase(A, pre_quals).  [covers 36,0/322,0 pos, 0,0/0,0 neg]
%     Score = -62,960458 (regressionFit = 62,960457, penalties=1.14E-6) for clause:  advisedby(A, _) :- inphase(A, post_generals).  [covers 99,0/322,0 pos, 0,0/0,0 neg]
%     Score = -64,101400 (regressionFit = 64,101399, penalties=1.14E-6) for clause:  advisedby(_, A) :- inphase(A, pre_quals).  [covers 36,0/322,0 pos, 0,0/0,0 neg]
%     Score = -63,752651 (regressionFit = 63,752650, penalties=1.14E-6) for clause:  advisedby(_, A) :- inphase(A, post_quals).  [covers 39,0/322,0 pos, 0,0/0,0 neg]
%     Score = -62,909421 (regressionFit = 62,909420, penalties=1.12E-6) for clause:  advisedby(A, _) :- professor(A).  [covers 46,0/322,0 pos, 0,0/0,0 neg]
%     Score = -32,110346 (regressionFit = 32,110345, penalties=1.12E-6) for clause:  advisedby(_, A) :- professor(A).  [covers 145,0/322,0 pos, 0,0/0,0 neg]
%     Score = -66,362361 (regressionFit = 66,362360, penalties=1.23E-6) for clause:  advisedby(A, _) :- publication(_, A).  [covers 144,0/322,0 pos, 0,0/0,0 neg]
%     Score = -52,190477 (regressionFit = 52,190476, penalties=1.23E-6) for clause:  advisedby(_, A) :- publication(_, A).  [covers 168,0/322,0 pos, 0,0/0,0 neg]
%     Score = -Infinity (regressionFit = Infinity, penalties=1.12E-6) for clause:  advisedby(A, _) :- sameperson(A, A).  [covers 322,0/322,0 pos, 0,0/0,0 neg]
%     Score = -Infinity (regressionFit = Infinity, penalties=1.12E-6) for clause:  advisedby(_, A) :- sameperson(A, A).  [covers 322,0/322,0 pos, 0,0/0,0 neg]
%     Score = -62,909421 (regressionFit = 62,909420, penalties=1.12E-6) for clause:  advisedby(A, _) :- student(A).  [covers 276,0/322,0 pos, 0,0/0,0 neg]
%     Score = -32,110346 (regressionFit = 32,110345, penalties=1.12E-6) for clause:  advisedby(_, A) :- student(A).  [covers 177,0/322,0 pos, 0,0/0,0 neg]
%     Score = -67,652199 (regressionFit = 67,652198, penalties=1.34E-6) for clause:  advisedby(A, _) :- ta(_, A, _).  [covers 140,0/322,0 pos, 0,0/0,0 neg]
%     Score = -55,550662 (regressionFit = 55,550661, penalties=1.34E-6) for clause:  advisedby(_, A) :- ta(_, A, _).  [covers 95,0/322,0 pos, 0,0/0,0 neg]
%     Score = -65,588657 (regressionFit = 65,588656, penalties=1.34E-6) for clause:  advisedby(A, _) :- taughtby(_, A, _).  [covers 48,0/322,0 pos, 0,0/0,0 neg]
%     Score = -35,838486 (regressionFit = 35,838485, penalties=1.34E-6) for clause:  advisedby(_, A) :- taughtby(_, A, _).  [covers 133,0/322,0 pos, 0,0/0,0 neg]
%     Score = -66,049343 (regressionFit = 66,049342, penalties=1.23E-6) for clause:  advisedby(A, _) :- tempadvisedby(_, A).  [covers 18,0/322,0 pos, 0,0/0,0 neg]
%     Score = -48,274584 (regressionFit = 48,274583, penalties=1.23E-6) for clause:  advisedby(_, A) :- tempadvisedby(_, A).  [covers 77,0/322,0 pos, 0,0/0,0 neg]
%     Score = -66,049343 (regressionFit = 66,049342, penalties=1.23E-6) for clause:  advisedby(A, _) :- tempadvisedby(A, _).  [covers 18,0/322,0 pos, 0,0/0,0 neg]
%     Score = -65,105086 (regressionFit = 65,105085, penalties=1.23E-6) for clause:  advisedby(_, A) :- tempadvisedby(A, _).  [covers 27,0/322,0 pos, 0,0/0,0 neg]
%     Score = -67,685338 (regressionFit = 67,685337, penalties=1.14E-6) for clause:  advisedby(A, _) :- yearsinprogram(A, year_2).  [covers 13,0/322,0 pos, 0,0/0,0 neg]
%     Score = -66,819854 (regressionFit = 66,819853, penalties=1.14E-6) for clause:  advisedby(A, _) :- yearsinprogram(A, year_1).  [covers 16,0/322,0 pos, 0,0/0,0 neg]
%     Score = -67,729970 (regressionFit = 67,729968, penalties=1.14E-6) for clause:  advisedby(A, _) :- yearsinprogram(A, year_9).  [covers 5,0/322,0 pos, 0,0/0,0 neg]
%     Score = -65,319866 (regressionFit = 65,319865, penalties=1.14E-6) for clause:  advisedby(_, A) :- yearsinprogram(A, year_3).  [covers 25,0/322,0 pos, 0,0/0,0 neg]
%     Score = -65,636668 (regressionFit = 65,636667, penalties=1.14E-6) for clause:  advisedby(_, A) :- yearsinprogram(A, year_1).  [covers 22,0/322,0 pos, 0,0/0,0 neg]
%     Score = -64,996600 (regressionFit = 64,996599, penalties=1.14E-6) for clause:  advisedby(_, A) :- yearsinprogram(A, year_5).  [covers 28,0/322,0 pos, 0,0/0,0 neg]

% The best node found: advisedby(_, A) :- hasposition(A, faculty).  [covers 119,0/322,0 pos, 0,0/0,0 neg]

% The best node found: advisedby(_, A) :- hasposition(A, faculty).  [covers 119,0/322,0 pos, 0,0/0,0 neg]

% Expanding node at Level 0 with score = 1,797693e+308.
% Will extend: advisedby(_, A) :- hasposition(A, faculty).  [covers 119,0/322,0 pos, 0,0/0,0 neg]
Comparing variance: 0.18430901772473882 to score=0.0025 #egs=119.0
Comparing variance: 0.03329369797859688 to score=0.0025 #egs=203.0
%   Creating a TRUE-branch interior node with wgtedCountTrueBranchPos = 119,0
%      addToQueueOfTreeStructuredLearningTasks (level=1; score=-0,184309)
%         ILP node to extend: advisedby(_, A) :- hasposition(A, faculty).  [covers 119,0/322,0 pos, 0,0/0,0 neg]
%      Insert tree-structured search node (@ level = 1 and with score = -0,184309) into the LAST position (#1) in the search queue.
%   Creating a FALSE-branch interior node with wgtedCountFalseBranchPos = 203,0
%      addToQueueOfTreeStructuredLearningTasks (level=1; score=-0,033294)
%         ILP node to extend: null
%      Insert tree-structured search node (@ level = 1 and with score = -0,033294) into the LAST position (#2) in the search queue.

% Time for loop #1: 88 milliseconds.
% Internal node max length = 1
% Max tree depth in lits   = 3
% Max tree depth in nodes  = 3
% Max number of clauses    = 8

% On cycle #1, the best clause found is:
%      advisedby(_, A) :- hasposition(A, faculty).  [covers 119,0/322,0 pos, 0,0/0,0 neg]
% This clause covers 119 positive examples, of which 119 are newly covered.
% It also covers 0 negative examples, of which 0 are newly covered.

% Working on expanding this node: 'advisedby(_, A) :- hasposition(A, faculty).  [covers 119,0/119,0 pos, 0,0/0,0 neg]'
%     Score = -28,691395 (regressionFit = 28,691394, penalties=1.14E-6) for clause:  advisedby(_, A) :- hasposition(A, faculty).  [covers 119,0/119,0 pos, 0,0/0,0 neg]

% Have these 10 positive seeds: 48 60 64 66 76 80 82 87 106 114
%     Score = -20,514708 (regressionFit = 20,514706, penalties=2.06E-6) for clause:  advisedby(A, B) :- hasposition(B, faculty), inphase(A, post_generals).  [covers 51,0/119,0 pos, 0,0/0,0 neg]
% Gleaner: New best node found (score = -20,514708): advisedby(A, B) :- hasposition(B, faculty), inphase(A, post_generals).  [covers 51,0/119,0 pos, 0,0/0,0 neg]
%     Score = -20,777246 (regressionFit = 20,777244, penalties=2.06E-6) for clause:  advisedby(A, B) :- hasposition(B, faculty), inphase(A, post_quals).  [covers 39,0/119,0 pos, 0,0/0,0 neg]
%     Score = -21,930336 (regressionFit = 21,930334, penalties=2.06E-6) for clause:  advisedby(A, B) :- hasposition(B, faculty), inphase(A, pre_quals).  [covers 13,0/119,0 pos, 0,0/0,0 neg]
%     Score = -Infinity (regressionFit = Infinity, penalties=2.1400000000000007E-6) for clause:  advisedby(_, A) :- hasposition(A, faculty), professor(A).  [covers 119,0/119,0 pos, 0,0/0,0 neg]
%     Score = -21,746034 (regressionFit = 21,746032, penalties=2.1500000000000006E-6) for clause:  advisedby(A, B) :- hasposition(B, faculty), publication(_, A).  [covers 63,0/119,0 pos, 0,0/0,0 neg]
%     Score = -21,825547 (regressionFit = 21,825545, penalties=2.2500000000000005E-6) for clause:  advisedby(_, A) :- hasposition(A, faculty), publication(_, A).  [covers 107,0/119,0 pos, 0,0/0,0 neg]
%     Score = -Infinity (regressionFit = Infinity, penalties=2.0400000000000004E-6) for clause:  advisedby(A, B) :- hasposition(B, faculty), sameperson(A, A).  [covers 119,0/119,0 pos, 0,0/0,0 neg]
%     Score = -Infinity (regressionFit = Infinity, penalties=2.1400000000000007E-6) for clause:  advisedby(_, A) :- hasposition(A, faculty), sameperson(A, A).  [covers 119,0/119,0 pos, 0,0/0,0 neg]
%     Score = -18,318586 (regressionFit = 18,318584, penalties=2.0400000000000004E-6) for clause:  advisedby(A, B) :- hasposition(B, faculty), student(A).  [covers 113,0/119,0 pos, 0,0/0,0 neg]
% Gleaner: New best node found (score = -18,318586): advisedby(A, B) :- hasposition(B, faculty), student(A).  [covers 113,0/119,0 pos, 0,0/0,0 neg]
%     Score = -21,909857 (regressionFit = 21,909855, penalties=2.2600000000000004E-6) for clause:  advisedby(A, B) :- hasposition(B, faculty), ta(_, A, _).  [covers 50,0/119,0 pos, 0,0/0,0 neg]
%     Score = -21,932611 (regressionFit = 21,932609, penalties=2.3600000000000007E-6) for clause:  advisedby(_, A) :- hasposition(A, faculty), taughtby(_, A, _).  [covers 115,0/119,0 pos, 0,0/0,0 neg]
%     Score = -21,899402 (regressionFit = 21,899399, penalties=2.2500000000000005E-6) for clause:  advisedby(_, A) :- hasposition(A, faculty), tempadvisedby(_, A).  [covers 74,0/119,0 pos, 0,0/0,0 neg]
%     Score = -21,448513 (regressionFit = 21,448511, penalties=2.06E-6) for clause:  advisedby(A, B) :- hasposition(B, faculty), yearsinprogram(A, year_4).  [covers 25,0/119,0 pos, 0,0/0,0 neg]
%     Score = -21,140189 (regressionFit = 21,140187, penalties=2.06E-6) for clause:  advisedby(A, B) :- hasposition(B, faculty), yearsinprogram(A, year_6).  [covers 12,0/119,0 pos, 0,0/0,0 neg]
%     Score = -21,622809 (regressionFit = 21,622807, penalties=2.06E-6) for clause:  advisedby(A, B) :- hasposition(B, faculty), yearsinprogram(A, year_7).  [covers 5,0/119,0 pos, 0,0/0,0 neg]
%     Score = -21,613931 (regressionFit = 21,613929, penalties=2.06E-6) for clause:  advisedby(A, B) :- hasposition(B, faculty), yearsinprogram(A, year_5).  [covers 27,0/119,0 pos, 0,0/0,0 neg]
%     Score = -21,382186 (regressionFit = 21,382184, penalties=2.06E-6) for clause:  advisedby(A, B) :- hasposition(B, faculty), yearsinprogram(A, year_1).  [covers 3,0/119,0 pos, 0,0/0,0 neg]

% The best node found: advisedby(A, B) :- hasposition(B, faculty), student(A).  [covers 113,0/119,0 pos, 0,0/0,0 neg]

% The best node found: advisedby(A, B) :- hasposition(B, faculty), student(A).  [covers 113,0/119,0 pos, 0,0/0,0 neg]

% Expanding node at Level 1 with score = -0,184.
% Will extend: advisedby(A, B) :- hasposition(B, faculty), student(A).  [covers 113,0/119,0 pos, 0,0/0,0 neg]
Comparing variance: 0.1621113634583774 to score=0.0025 #egs=113.0
Comparing variance: -6.938893903907228E-18 to score=0.0025 #egs=6.0
%   Creating a TRUE-branch interior node with wgtedCountTrueBranchPos = 113,0
%      addToQueueOfTreeStructuredLearningTasks (level=2; score=-0,162111)
%         ILP node to extend: advisedby(A, B) :- hasposition(B, faculty), student(A).  [covers 113,0/119,0 pos, 0,0/0,0 neg]
%      Insert tree-structured search node (@ level = 2 and with score = -0,162111) into position #1 in the search queue (new size=2).
%   Creating a FALSE-branch leaf because wgtedCountFalseBranchPos = 6,0 < 2.1 * minPosCov = 6,3

% Time for loop #2: 48 milliseconds.
% Internal node max length = 1
% Max tree depth in lits   = 3
% Max tree depth in nodes  = 3
% Max number of clauses    = 8

% On cycle #2, the best clause found is:
%      advisedby(A, B) :- hasposition(B, faculty), student(A).  [covers 113,0/119,0 pos, 0,0/0,0 neg]
% This clause covers 113 positive examples, of which 113 are newly covered.
% It also covers 0 negative examples, of which 0 are newly covered.

% Working on expanding this node: 'advisedby(A, B) :- hasposition(B, faculty), student(A).  [covers 113,0/113,0 pos, 0,0/0,0 neg]'
%     Score = -18,318586 (regressionFit = 18,318584, penalties=2.0400000000000004E-6) for clause:  advisedby(A, B) :- hasposition(B, faculty), student(A).  [covers 113,0/113,0 pos, 0,0/0,0 neg]

% Have these 10 positive seeds: 8 25 37 50 60 64 68 70 71 82
%     Score = -17,711368 (regressionFit = 17,711365, penalties=3.0600000000000008E-6) for clause:  advisedby(A, B) :- hasposition(B, faculty), student(A), inphase(A, post_quals).  [covers 39,0/113,0 pos, 0,0/0,0 neg]
% Gleaner: New best node found (score = -17,711368): advisedby(A, B) :- hasposition(B, faculty), student(A), inphase(A, post_quals).  [covers 39,0/113,0 pos, 0,0/0,0 neg]
%     Score = -18,307695 (regressionFit = 18,307692, penalties=3.0600000000000008E-6) for clause:  advisedby(A, B) :- hasposition(B, faculty), student(A), inphase(A, pre_quals).  [covers 13,0/113,0 pos, 0,0/0,0 neg]
%     Score = -17,632830 (regressionFit = 17,632827, penalties=3.0600000000000008E-6) for clause:  advisedby(A, B) :- hasposition(B, faculty), student(A), inphase(A, post_generals).  [covers 51,0/113,0 pos, 0,0/0,0 neg]
% Gleaner: New best node found (score = -17,632830): advisedby(A, B) :- hasposition(B, faculty), student(A), inphase(A, post_generals).  [covers 51,0/113,0 pos, 0,0/0,0 neg]
%     Score = -Infinity (regressionFit = Infinity, penalties=3.040000000000001E-6) for clause:  advisedby(A, B) :- hasposition(B, faculty), student(A), professor(B).  [covers 113,0/113,0 pos, 0,0/0,0 neg]
%     Score = -18,318522 (regressionFit = 18,318519, penalties=3.1500000000000003E-6) for clause:  advisedby(A, B) :- hasposition(B, faculty), student(A), projectmember(_, B).  [covers 5,0/113,0 pos, 0,0/0,0 neg]
%     Score = -17,568925 (regressionFit = 17,568922, penalties=3.1500000000000003E-6) for clause:  advisedby(A, B) :- hasposition(B, faculty), student(A), publication(_, A).  [covers 57,0/113,0 pos, 0,0/0,0 neg]
% Gleaner: New best node found (score = -17,568925): advisedby(A, B) :- hasposition(B, faculty), student(A), publication(_, A).  [covers 57,0/113,0 pos, 0,0/0,0 neg]
%     Score = -18,260253 (regressionFit = 18,260250, penalties=3.1500000000000003E-6) for clause:  advisedby(A, B) :- hasposition(B, faculty), student(A), publication(_, B).  [covers 102,0/113,0 pos, 0,0/0,0 neg]
%     Score = -Infinity (regressionFit = Infinity, penalties=3.040000000000001E-6) for clause:  advisedby(A, B) :- hasposition(B, faculty), student(A), sameperson(A, A).  [covers 113,0/113,0 pos, 0,0/0,0 neg]
%     Score = -Infinity (regressionFit = Infinity, penalties=3.040000000000001E-6) for clause:  advisedby(A, B) :- hasposition(B, faculty), student(A), sameperson(B, B).  [covers 113,0/113,0 pos, 0,0/0,0 neg]
%     Score = -18,032702 (regressionFit = 18,032698, penalties=3.260000000000001E-6) for clause:  advisedby(A, B) :- hasposition(B, faculty), student(A), ta(_, A, _).  [covers 50,0/113,0 pos, 0,0/0,0 neg]
%     Score = -18,101855 (regressionFit = 18,101852, penalties=3.260000000000001E-6) for clause:  advisedby(A, B) :- hasposition(B, faculty), student(A), taughtby(_, A, _).  [covers 5,0/113,0 pos, 0,0/0,0 neg]
%     Score = -18,309636 (regressionFit = 18,309633, penalties=3.260000000000001E-6) for clause:  advisedby(A, B) :- hasposition(B, faculty), student(A), taughtby(_, B, _).  [covers 109,0/113,0 pos, 0,0/0,0 neg]
%     Score = -18,227703 (regressionFit = 18,227700, penalties=3.1500000000000003E-6) for clause:  advisedby(A, B) :- hasposition(B, faculty), student(A), tempadvisedby(_, B).  [covers 71,0/113,0 pos, 0,0/0,0 neg]
%     Score = -17,994561 (regressionFit = 17,994558, penalties=3.0600000000000008E-6) for clause:  advisedby(A, B) :- hasposition(B, faculty), student(A), yearsinprogram(A, year_3).  [covers 15,0/113,0 pos, 0,0/0,0 neg]
%     Score = -18,094549 (regressionFit = 18,094545, penalties=3.0600000000000008E-6) for clause:  advisedby(A, B) :- hasposition(B, faculty), student(A), yearsinprogram(A, year_4).  [covers 25,0/113,0 pos, 0,0/0,0 neg]
%     Score = -18,209736 (regressionFit = 18,209733, penalties=3.0600000000000008E-6) for clause:  advisedby(A, B) :- hasposition(B, faculty), student(A), yearsinprogram(A, year_5).  [covers 27,0/113,0 pos, 0,0/0,0 neg]
%     Score = -17,762379 (regressionFit = 17,762376, penalties=3.0600000000000008E-6) for clause:  advisedby(A, B) :- hasposition(B, faculty), student(A), yearsinprogram(A, year_6).  [covers 12,0/113,0 pos, 0,0/0,0 neg]
%     Score = -18,101855 (regressionFit = 18,101852, penalties=3.0600000000000008E-6) for clause:  advisedby(A, B) :- hasposition(B, faculty), student(A), yearsinprogram(A, year_7).  [covers 5,0/113,0 pos, 0,0/0,0 neg]

% The best node found: advisedby(A, B) :- hasposition(B, faculty), student(A), publication(_, A).  [covers 57,0/113,0 pos, 0,0/0,0 neg]

% The best node found: advisedby(A, B) :- hasposition(B, faculty), student(A), publication(_, A).  [covers 57,0/113,0 pos, 0,0/0,0 neg]

% Expanding node at Level 2 with score = -0,162.
% Will extend: advisedby(A, B) :- hasposition(B, faculty), student(A), publication(_, A).  [covers 57,0/113,0 pos, 0,0/0,0 neg]
Comparing variance: 0.10772545398584199 to score=0.0025 #egs=57.0
Comparing variance: 0.20408163265306184 to score=0.0025 #egs=56.0
%   Creating a TRUE-branch leaf because length = 4 > 3
%   Creating a FALSE-branch interior node with wgtedCountFalseBranchPos = 56,0
%      addToQueueOfTreeStructuredLearningTasks (level=3; score=-0,204082)
%         ILP node to extend: advisedby(A, B) :- hasposition(B, faculty), student(A).  [covers 113,0/113,0 pos, 0,0/0,0 neg]
%      Insert tree-structured search node (@ level = 3 and with score = -0,204082) into position #1 in the search queue (new size=2).

% Time for loop #3: 62 milliseconds.
% Internal node max length = 1
% Max tree depth in lits   = 3
% Max tree depth in nodes  = 3
% Max number of clauses    = 8

% On cycle #3, the best clause found is:
%      advisedby(A, B) :- hasposition(B, faculty), student(A), publication(_, A).  [covers 57,0/113,0 pos, 0,0/0,0 neg]
% This clause covers 57 positive examples, of which 57 are newly covered.
% It also covers 0 negative examples, of which 0 are newly covered.

% Working on expanding this node: 'advisedby(A, B) :- hasposition(B, faculty), student(A).  [covers 113,0/56,0 pos, 0,0/0,0 neg]'
%     Score = -18,318586 (regressionFit = 18,318584, penalties=2.0400000000000004E-6) for clause:  advisedby(A, B) :- hasposition(B, faculty), student(A).  [covers 56,0/56,0 pos, 0,0/0,0 neg]

% Have these 10 positive seeds: 6 13 29 33 34 36 40 45 51 52
%     Score = -9,700003 (regressionFit = 9,700000, penalties=3.0600000000000008E-6) for clause:  advisedby(A, B) :- hasposition(B, faculty), student(A), inphase(A, post_quals).  [covers 20,0/56,0 pos, 0,0/0,0 neg]
% Gleaner: New best node found (score = -9,700003): advisedby(A, B) :- hasposition(B, faculty), student(A), inphase(A, post_quals).  [covers 20,0/56,0 pos, 0,0/0,0 neg]
%     Score = -10,952849 (regressionFit = 10,952846, penalties=3.0600000000000008E-6) for clause:  advisedby(A, B) :- hasposition(B, faculty), student(A), inphase(A, post_generals).  [covers 15,0/56,0 pos, 0,0/0,0 neg]
%     Score = -11,426266 (regressionFit = 11,426263, penalties=3.0600000000000008E-6) for clause:  advisedby(A, B) :- hasposition(B, faculty), student(A), inphase(A, pre_quals).  [covers 11,0/56,0 pos, 0,0/0,0 neg]
%     Score = -Infinity (regressionFit = Infinity, penalties=3.040000000000001E-6) for clause:  advisedby(A, B) :- hasposition(B, faculty), student(A), professor(B).  [covers 56,0/56,0 pos, 0,0/0,0 neg]
%     Score = -11,423080 (regressionFit = 11,423077, penalties=3.1500000000000003E-6) for clause:  advisedby(A, B) :- hasposition(B, faculty), student(A), publication(_, B).  [covers 52,0/56,0 pos, 0,0/0,0 neg]
%     Score = -Infinity (regressionFit = Infinity, penalties=3.040000000000001E-6) for clause:  advisedby(A, B) :- hasposition(B, faculty), student(A), sameperson(A, A).  [covers 56,0/56,0 pos, 0,0/0,0 neg]
%     Score = -Infinity (regressionFit = Infinity, penalties=3.040000000000001E-6) for clause:  advisedby(A, B) :- hasposition(B, faculty), student(A), sameperson(B, B).  [covers 56,0/56,0 pos, 0,0/0,0 neg]
%     Score = -10,901664 (regressionFit = 10,901660, penalties=3.260000000000001E-6) for clause:  advisedby(A, B) :- hasposition(B, faculty), student(A), ta(_, A, _).  [covers 29,0/56,0 pos, 0,0/0,0 neg]
%     Score = -11,421387 (regressionFit = 11,421384, penalties=3.260000000000001E-6) for clause:  advisedby(A, B) :- hasposition(B, faculty), student(A), taughtby(_, B, _).  [covers 53,0/56,0 pos, 0,0/0,0 neg]
%     Score = -10,855559 (regressionFit = 10,855556, penalties=3.1500000000000003E-6) for clause:  advisedby(A, B) :- hasposition(B, faculty), student(A), tempadvisedby(_, B).  [covers 36,0/56,0 pos, 0,0/0,0 neg]
%     Score = -Infinity (regressionFit = Infinity, penalties=3.1500000000000003E-6) for clause:  advisedby(A, B) :- hasposition(B, faculty), student(A), tempadvisedby(A, _).  [covers 2,0/56,0 pos, 0,0/0,0 neg]
%     Score = -9,904765 (regressionFit = 9,904762, penalties=3.0600000000000008E-6) for clause:  advisedby(A, B) :- hasposition(B, faculty), student(A), yearsinprogram(A, year_3).  [covers 14,0/56,0 pos, 0,0/0,0 neg]
%     Score = -11,101658 (regressionFit = 11,101655, penalties=3.0600000000000008E-6) for clause:  advisedby(A, B) :- hasposition(B, faculty), student(A), yearsinprogram(A, year_4).  [covers 9,0/56,0 pos, 0,0/0,0 neg]
%     Score = -11,265309 (regressionFit = 11,265306, penalties=3.0600000000000008E-6) for clause:  advisedby(A, B) :- hasposition(B, faculty), student(A), yearsinprogram(A, year_5).  [covers 7,0/56,0 pos, 0,0/0,0 neg]
%     Score = -11,076926 (regressionFit = 11,076923, penalties=3.0600000000000008E-6) for clause:  advisedby(A, B) :- hasposition(B, faculty), student(A), yearsinprogram(A, year_6).  [covers 4,0/56,0 pos, 0,0/0,0 neg]
%     Score = -11,423080 (regressionFit = 11,423077, penalties=3.0600000000000008E-6) for clause:  advisedby(A, B) :- hasposition(B, faculty), student(A), yearsinprogram(A, year_2).  [covers 4,0/56,0 pos, 0,0/0,0 neg]
%     Score = -10,968557 (regressionFit = 10,968553, penalties=3.0600000000000008E-6) for clause:  advisedby(A, B) :- hasposition(B, faculty), student(A), yearsinprogram(A, year_1).  [covers 3,0/56,0 pos, 0,0/0,0 neg]

% The best node found: advisedby(A, B) :- hasposition(B, faculty), student(A), inphase(A, post_quals).  [covers 20,0/56,0 pos, 0,0/0,0 neg]

% The best node found: advisedby(A, B) :- hasposition(B, faculty), student(A), inphase(A, post_quals).  [covers 20,0/56,0 pos, 0,0/0,0 neg]

% Expanding node at Level 3 with score = -0,204.
% Will extend: advisedby(A, B) :- hasposition(B, faculty), student(A), inphase(A, post_quals).  [covers 20,0/56,0 pos, 0,0/0,0 neg]
%   Creating a TRUE-branch and FALSE-branch leaves because level = 3 >= 3

% Time for loop #4: 39 milliseconds.
% Internal node max length = 1
% Max tree depth in lits   = 3
% Max tree depth in nodes  = 3
% Max number of clauses    = 8

% On cycle #4, the best clause found is:
%      advisedby(A, B) :- hasposition(B, faculty), student(A), inphase(A, post_quals).  [covers 20,0/56,0 pos, 0,0/0,0 neg]
% This clause covers 20 positive examples, of which 20 are newly covered.
% It also covers 0 negative examples, of which 0 are newly covered.

% Have these 10 positive seeds: 8 14 34 40 79 93 135 139 173 195

% target           = advisedby(A, B)
%     Score = -Infinity (regressionFit = Infinity, penalties=2.2E-7) for clause:  advisedby(_, _).  [covers 203,0/203,0 pos, 0,0/0,0 neg]
% Most-general root: advisedby(_, _).  [covers 203,0/203,0 pos, 0,0/0,0 neg]  score = -Infinity
%     Score = -Infinity (regressionFit = Infinity, penalties=1.14E-6) for clause:  advisedby(A, _) :- hasposition(A, faculty_emeritus).  [covers 2,0/203,0 pos, 0,0/0,0 neg]
%     Score = -6,723165 (regressionFit = 6,723164, penalties=1.14E-6) for clause:  advisedby(A, _) :- hasposition(A, faculty).  [covers 26,0/203,0 pos, 0,0/0,0 neg]
% Gleaner: New best node found (score = -6,723165): advisedby(A, _) :- hasposition(A, faculty).  [covers 26,0/203,0 pos, 0,0/0,0 neg]
%     Score = -6,671671 (regressionFit = 6,671670, penalties=1.14E-6) for clause:  advisedby(A, _) :- inphase(A, post_quals).  [covers 39,0/203,0 pos, 0,0/0,0 neg]
% Gleaner: New best node found (score = -6,671671): advisedby(A, _) :- inphase(A, post_quals).  [covers 39,0/203,0 pos, 0,0/0,0 neg]
%     Score = -6,709275 (regressionFit = 6,709274, penalties=1.14E-6) for clause:  advisedby(A, _) :- inphase(A, post_generals).  [covers 48,0/203,0 pos, 0,0/0,0 neg]
%     Score = -6,701221 (regressionFit = 6,701220, penalties=1.14E-6) for clause:  advisedby(_, A) :- inphase(A, post_quals).  [covers 39,0/203,0 pos, 0,0/0,0 neg]
%     Score = -6,706588 (regressionFit = 6,706587, penalties=1.14E-6) for clause:  advisedby(_, A) :- inphase(A, pre_quals).  [covers 36,0/203,0 pos, 0,0/0,0 neg]
%     Score = -6,691825 (regressionFit = 6,691824, penalties=1.14E-6) for clause:  advisedby(_, A) :- inphase(A, post_generals).  [covers 44,0/203,0 pos, 0,0/0,0 neg]
%     Score = -6,699388 (regressionFit = 6,699387, penalties=1.12E-6) for clause:  advisedby(A, _) :- professor(A).  [covers 40,0/203,0 pos, 0,0/0,0 neg]
%     Score = -6,728700 (regressionFit = 6,728699, penalties=1.23E-6) for clause:  advisedby(A, _) :- publication(_, A).  [covers 81,0/203,0 pos, 0,0/0,0 neg]
%     Score = -6,674326 (regressionFit = 6,674325, penalties=1.23E-6) for clause:  advisedby(_, A) :- publication(_, A).  [covers 61,0/203,0 pos, 0,0/0,0 neg]
%     Score = -Infinity (regressionFit = Infinity, penalties=1.12E-6) for clause:  advisedby(A, _) :- sameperson(A, A).  [covers 203,0/203,0 pos, 0,0/0,0 neg]
%     Score = -Infinity (regressionFit = Infinity, penalties=1.12E-6) for clause:  advisedby(_, A) :- sameperson(A, A).  [covers 203,0/203,0 pos, 0,0/0,0 neg]
%     Score = -6,699388 (regressionFit = 6,699387, penalties=1.12E-6) for clause:  advisedby(A, _) :- student(A).  [covers 163,0/203,0 pos, 0,0/0,0 neg]
%     Score = -5,115386 (regressionFit = 5,115385, penalties=1.12E-6) for clause:  advisedby(_, A) :- student(A).  [covers 177,0/203,0 pos, 0,0/0,0 neg]
% Gleaner: New best node found (score = -5,115386): advisedby(_, A) :- student(A).  [covers 177,0/203,0 pos, 0,0/0,0 neg]
%     Score = -6,734318 (regressionFit = 6,734317, penalties=1.34E-6) for clause:  advisedby(A, _) :- ta(_, A, _).  [covers 90,0/203,0 pos, 0,0/0,0 neg]
%     Score = -6,546298 (regressionFit = 6,546296, penalties=1.34E-6) for clause:  advisedby(_, A) :- ta(_, A, _).  [covers 95,0/203,0 pos, 0,0/0,0 neg]
%     Score = -6,703032 (regressionFit = 6,703030, penalties=1.34E-6) for clause:  advisedby(A, _) :- taughtby(_, A, _).  [covers 38,0/203,0 pos, 0,0/0,0 neg]
%     Score = -6,742106 (regressionFit = 6,742105, penalties=1.23E-6) for clause:  advisedby(A, _) :- tempadvisedby(_, A).  [covers 13,0/203,0 pos, 0,0/0,0 neg]
%     Score = -6,721592 (regressionFit = 6,721591, penalties=1.23E-6) for clause:  advisedby(_, A) :- tempadvisedby(A, _).  [covers 27,0/203,0 pos, 0,0/0,0 neg]
%     Score = -6,739363 (regressionFit = 6,739362, penalties=1.14E-6) for clause:  advisedby(A, _) :- yearsinprogram(A, year_3).  [covers 15,0/203,0 pos, 0,0/0,0 neg]
%     Score = -6,283055 (regressionFit = 6,283054, penalties=1.14E-6) for clause:  advisedby(A, _) :- yearsinprogram(A, year_5).  [covers 24,0/203,0 pos, 0,0/0,0 neg]
%     Score = -6,738096 (regressionFit = 6,738095, penalties=1.14E-6) for clause:  advisedby(A, _) :- yearsinprogram(A, year_6).  [covers 14,0/203,0 pos, 0,0/0,0 neg]
%     Score = -6,721592 (regressionFit = 6,721591, penalties=1.14E-6) for clause:  advisedby(A, _) :- yearsinprogram(A, year_7).  [covers 11,0/203,0 pos, 0,0/0,0 neg]
%     Score = -6,736560 (regressionFit = 6,736559, penalties=1.14E-6) for clause:  advisedby(A, _) :- yearsinprogram(A, year_4).  [covers 17,0/203,0 pos, 0,0/0,0 neg]
%     Score = -6,724720 (regressionFit = 6,724719, penalties=1.14E-6) for clause:  advisedby(_, A) :- yearsinprogram(A, year_3).  [covers 25,0/203,0 pos, 0,0/0,0 neg]
%     Score = -6,729283 (regressionFit = 6,729282, penalties=1.14E-6) for clause:  advisedby(_, A) :- yearsinprogram(A, year_1).  [covers 22,0/203,0 pos, 0,0/0,0 neg]
%     Score = -6,753770 (regressionFit = 6,753769, penalties=1.14E-6) for clause:  advisedby(_, A) :- yearsinprogram(A, year_12).  [covers 4,0/203,0 pos, 0,0/0,0 neg]
%     Score = -6,737969 (regressionFit = 6,737968, penalties=1.14E-6) for clause:  advisedby(_, A) :- yearsinprogram(A, year_4).  [covers 16,0/203,0 pos, 0,0/0,0 neg]
%     Score = -6,752526 (regressionFit = 6,752525, penalties=1.14E-6) for clause:  advisedby(_, A) :- yearsinprogram(A, year_7).  [covers 5,0/203,0 pos, 0,0/0,0 neg]

% The best node found: advisedby(_, A) :- student(A).  [covers 177,0/203,0 pos, 0,0/0,0 neg]

% The best node found: advisedby(_, A) :- student(A).  [covers 177,0/203,0 pos, 0,0/0,0 neg]

% Expanding node at Level 1 with score = -0,033.
% Will extend: advisedby(_, A) :- student(A).  [covers 177,0/203,0 pos, 0,0/0,0 neg]
Comparing variance: -1.9068237259098733E-16 to score=0.0025 #egs=177.0
Comparing variance: 0.19674556213017763 to score=0.0025 #egs=26.0
%   Creating a TRUE-branch leaf because good enough fit since score < 0.0025
%   Creating a FALSE-branch interior node with wgtedCountFalseBranchPos = 26,0
%      addToQueueOfTreeStructuredLearningTasks (level=2; score=-0,196746)
%         ILP node to extend: null
%      Insert tree-structured search node (@ level = 2 and with score = -0,196746) into the LAST position (#1) in the search queue.

% Time for loop #5: 46 milliseconds.
% Internal node max length = 1
% Max tree depth in lits   = 3
% Max tree depth in nodes  = 3
% Max number of clauses    = 8

% On cycle #5, the best clause found is:
%      advisedby(_, A) :- student(A).  [covers 177,0/203,0 pos, 0,0/0,0 neg]
% This clause covers 177 positive examples, of which 177 are newly covered.
% It also covers 0 negative examples, of which 0 are newly covered.

% Have these 8 positive seeds: 0 1 2 5 12 13 15 20

% target           = advisedby(A, B)
%     Score = -Infinity (regressionFit = Infinity, penalties=2.2E-7) for clause:  advisedby(_, _).  [covers 26,0/26,0 pos, 0,0/0,0 neg]
% Most-general root: advisedby(_, _).  [covers 26,0/26,0 pos, 0,0/0,0 neg]  score = -Infinity
%     Score = -Infinity (regressionFit = Infinity, penalties=1.14E-6) for clause:  advisedby(A, _) :- hasposition(A, faculty).  [covers 2,0/26,0 pos, 0,0/0,0 neg]
%     Score = -5,023811 (regressionFit = 5,023810, penalties=1.14E-6) for clause:  advisedby(_, A) :- hasposition(A, faculty_adjunct).  [covers 12,0/26,0 pos, 0,0/0,0 neg]
% Gleaner: New best node found (score = -5,023811): advisedby(_, A) :- hasposition(A, faculty_adjunct).  [covers 12,0/26,0 pos, 0,0/0,0 neg]
%     Score = -4,579711 (regressionFit = 4,579710, penalties=1.14E-6) for clause:  advisedby(_, A) :- hasposition(A, faculty_affiliate).  [covers 3,0/26,0 pos, 0,0/0,0 neg]
% Gleaner: New best node found (score = -4,579711): advisedby(_, A) :- hasposition(A, faculty_affiliate).  [covers 3,0/26,0 pos, 0,0/0,0 neg]
%     Score = -4,022728 (regressionFit = 4,022727, penalties=1.14E-6) for clause:  advisedby(A, _) :- inphase(A, post_quals).  [covers 4,0/26,0 pos, 0,0/0,0 neg]
% Gleaner: New best node found (score = -4,022728): advisedby(A, _) :- inphase(A, post_quals).  [covers 4,0/26,0 pos, 0,0/0,0 neg]
%     Score = -4,872182 (regressionFit = 4,872180, penalties=1.14E-6) for clause:  advisedby(A, _) :- inphase(A, post_generals).  [covers 7,0/26,0 pos, 0,0/0,0 neg]
%     Score = -5,033334 (regressionFit = 5,033333, penalties=1.14E-6) for clause:  advisedby(A, _) :- inphase(A, pre_quals).  [covers 6,0/26,0 pos, 0,0/0,0 neg]
%     Score = -4,772728 (regressionFit = 4,772727, penalties=1.12E-6) for clause:  advisedby(A, _) :- professor(A).  [covers 4,0/26,0 pos, 0,0/0,0 neg]
%     Score = -Infinity (regressionFit = Infinity, penalties=1.12E-6) for clause:  advisedby(_, A) :- professor(A).  [covers 26,0/26,0 pos, 0,0/0,0 neg]
%     Score = -4,500001 (regressionFit = 4,500000, penalties=1.23E-6) for clause:  advisedby(A, _) :- publication(_, A).  [covers 8,0/26,0 pos, 0,0/0,0 neg]
%     Score = -4,500001 (regressionFit = 4,500000, penalties=1.23E-6) for clause:  advisedby(_, A) :- publication(_, A).  [covers 8,0/26,0 pos, 0,0/0,0 neg]
%     Score = -Infinity (regressionFit = Infinity, penalties=1.12E-6) for clause:  advisedby(A, _) :- sameperson(A, A).  [covers 26,0/26,0 pos, 0,0/0,0 neg]
%     Score = -Infinity (regressionFit = Infinity, penalties=1.12E-6) for clause:  advisedby(_, A) :- sameperson(A, A).  [covers 26,0/26,0 pos, 0,0/0,0 neg]
%     Score = -4,772728 (regressionFit = 4,772727, penalties=1.12E-6) for clause:  advisedby(A, _) :- student(A).  [covers 22,0/26,0 pos, 0,0/0,0 neg]
%     Score = -4,769232 (regressionFit = 4,769231, penalties=1.34E-6) for clause:  advisedby(A, _) :- ta(_, A, _).  [covers 13,0/26,0 pos, 0,0/0,0 neg]
%     Score = -Infinity (regressionFit = Infinity, penalties=1.34E-6) for clause:  advisedby(A, _) :- taughtby(_, A, _).  [covers 2,0/26,0 pos, 0,0/0,0 neg]
%     Score = -4,945456 (regressionFit = 4,945455, penalties=1.34E-6) for clause:  advisedby(_, A) :- taughtby(_, A, _).  [covers 15,0/26,0 pos, 0,0/0,0 neg]
%     Score = -Infinity (regressionFit = Infinity, penalties=1.23E-6) for clause:  advisedby(A, _) :- tempadvisedby(_, A).  [covers 2,0/26,0 pos, 0,0/0,0 neg]
%     Score = -4,579711 (regressionFit = 4,579710, penalties=1.23E-6) for clause:  advisedby(_, A) :- tempadvisedby(_, A).  [covers 3,0/26,0 pos, 0,0/0,0 neg]
%     Score = -4,772729 (regressionFit = 4,772727, penalties=1.23E-6) for clause:  advisedby(A, _) :- tempadvisedby(A, _).  [covers 4,0/26,0 pos, 0,0/0,0 neg]
%     Score = -Infinity (regressionFit = Infinity, penalties=1.14E-6) for clause:  advisedby(A, _) :- yearsinprogram(A, year_2).  [covers 2,0/26,0 pos, 0,0/0,0 neg]
%     Score = -2,590910 (regressionFit = 2,590909, penalties=1.14E-6) for clause:  advisedby(A, _) :- yearsinprogram(A, year_5).  [covers 4,0/26,0 pos, 0,0/0,0 neg]
% Gleaner: New best node found (score = -2,590910): advisedby(A, _) :- yearsinprogram(A, year_5).  [covers 4,0/26,0 pos, 0,0/0,0 neg]
%     Score = -Infinity (regressionFit = Infinity, penalties=1.14E-6) for clause:  advisedby(A, _) :- yearsinprogram(A, year_7).  [covers 1,0/26,0 pos, 0,0/0,0 neg]
%     Score = -4,869566 (regressionFit = 4,869565, penalties=1.14E-6) for clause:  advisedby(A, _) :- yearsinprogram(A, year_1).  [covers 3,0/26,0 pos, 0,0/0,0 neg]

% The best node found: advisedby(A, _) :- yearsinprogram(A, year_5).  [covers 4,0/26,0 pos, 0,0/0,0 neg]

% The best node found: advisedby(A, _) :- yearsinprogram(A, year_5).  [covers 4,0/26,0 pos, 0,0/0,0 neg]

% Expanding node at Level 2 with score = -0,197.
% Will extend: advisedby(A, _) :- yearsinprogram(A, year_5).  [covers 4,0/26,0 pos, 0,0/0,0 neg]
Comparing variance: 0.0 to score=0.0025 #egs=4.0
Comparing variance: 0.11776859504132217 to score=0.0025 #egs=22.0
%   Creating a TRUE-branch leaf because wgtedCountTrueBranchPos = 4,0 < 2.1 * minPosCov = 6,3
%   Creating a FALSE-branch interior node with wgtedCountFalseBranchPos = 22,0
%      addToQueueOfTreeStructuredLearningTasks (level=3; score=-0,117769)
%         ILP node to extend: null
%      Insert tree-structured search node (@ level = 3 and with score = -0,117769) into the LAST position (#1) in the search queue.

% Time for loop #6: 42 milliseconds.
% Internal node max length = 1
% Max tree depth in lits   = 3
% Max tree depth in nodes  = 3
% Max number of clauses    = 8

% On cycle #6, the best clause found is:
%      advisedby(A, _) :- yearsinprogram(A, year_5).  [covers 4,0/26,0 pos, 0,0/0,0 neg]
% This clause covers 4 positive examples, of which 4 are newly covered.
% It also covers 0 negative examples, of which 0 are newly covered.

% Have these 9 positive seeds: 0 5 10 11 12 13 15 17 18

% target           = advisedby(A, B)
%     Score = -Infinity (regressionFit = Infinity, penalties=2.2E-7) for clause:  advisedby(_, _).  [covers 22,0/22,0 pos, 0,0/0,0 neg]
% Most-general root: advisedby(_, _).  [covers 22,0/22,0 pos, 0,0/0,0 neg]  score = -Infinity
%     Score = -Infinity (regressionFit = Infinity, penalties=1.14E-6) for clause:  advisedby(A, _) :- hasposition(A, faculty_adjunct).  [covers 2,0/22,0 pos, 0,0/0,0 neg]
%     Score = -2,581198 (regressionFit = 2,581197, penalties=1.14E-6) for clause:  advisedby(_, A) :- hasposition(A, faculty_adjunct).  [covers 9,0/22,0 pos, 0,0/0,0 neg]
% Gleaner: New best node found (score = -2,581198): advisedby(_, A) :- hasposition(A, faculty_adjunct).  [covers 9,0/22,0 pos, 0,0/0,0 neg]
%     Score = -2,564707 (regressionFit = 2,564706, penalties=1.14E-6) for clause:  advisedby(_, A) :- hasposition(A, faculty_emeritus).  [covers 5,0/22,0 pos, 0,0/0,0 neg]
% Gleaner: New best node found (score = -2,564707): advisedby(_, A) :- hasposition(A, faculty_emeritus).  [covers 5,0/22,0 pos, 0,0/0,0 neg]
%     Score = -Infinity (regressionFit = Infinity, penalties=1.14E-6) for clause:  advisedby(A, _) :- inphase(A, post_quals).  [covers 2,0/22,0 pos, 0,0/0,0 neg]
%     Score = -2,470589 (regressionFit = 2,470588, penalties=1.14E-6) for clause:  advisedby(A, _) :- inphase(A, pre_quals).  [covers 5,0/22,0 pos, 0,0/0,0 neg]
% Gleaner: New best node found (score = -2,470589): advisedby(A, _) :- inphase(A, pre_quals).  [covers 5,0/22,0 pos, 0,0/0,0 neg]
%     Score = -2,270834 (regressionFit = 2,270833, penalties=1.14E-6) for clause:  advisedby(A, _) :- inphase(A, post_generals).  [covers 6,0/22,0 pos, 0,0/0,0 neg]
% Gleaner: New best node found (score = -2,270834): advisedby(A, _) :- inphase(A, post_generals).  [covers 6,0/22,0 pos, 0,0/0,0 neg]
%     Score = -2,500001 (regressionFit = 2,500000, penalties=1.12E-6) for clause:  advisedby(A, _) :- professor(A).  [covers 4,0/22,0 pos, 0,0/0,0 neg]
%     Score = -Infinity (regressionFit = Infinity, penalties=1.12E-6) for clause:  advisedby(_, A) :- professor(A).  [covers 22,0/22,0 pos, 0,0/0,0 neg]
%     Score = -2,564707 (regressionFit = 2,564706, penalties=1.23E-6) for clause:  advisedby(A, _) :- publication(_, A).  [covers 5,0/22,0 pos, 0,0/0,0 neg]
%     Score = -2,270835 (regressionFit = 2,270833, penalties=1.23E-6) for clause:  advisedby(_, A) :- publication(_, A).  [covers 6,0/22,0 pos, 0,0/0,0 neg]
%     Score = -Infinity (regressionFit = Infinity, penalties=1.12E-6) for clause:  advisedby(A, _) :- sameperson(A, A).  [covers 22,0/22,0 pos, 0,0/0,0 neg]
%     Score = -Infinity (regressionFit = Infinity, penalties=1.0200000000000002E-6) for clause:  advisedby(A, B) :- sameperson(A, B).  [covers 1,0/22,0 pos, 0,0/0,0 neg]
%     Score = -Infinity (regressionFit = Infinity, penalties=1.0200000000000002E-6) for clause:  advisedby(A, B) :- sameperson(B, A).  [covers 1,0/22,0 pos, 0,0/0,0 neg]
%     Score = -Infinity (regressionFit = Infinity, penalties=1.12E-6) for clause:  advisedby(_, A) :- sameperson(A, A).  [covers 22,0/22,0 pos, 0,0/0,0 neg]
%     Score = -2,500001 (regressionFit = 2,500000, penalties=1.12E-6) for clause:  advisedby(A, _) :- student(A).  [covers 18,0/22,0 pos, 0,0/0,0 neg]
%     Score = -2,516668 (regressionFit = 2,516667, penalties=1.34E-6) for clause:  advisedby(A, _) :- ta(_, A, _).  [covers 12,0/22,0 pos, 0,0/0,0 neg]
%     Score = -2,589287 (regressionFit = 2,589286, penalties=1.34E-6) for clause:  advisedby(_, A) :- taughtby(_, A, _).  [covers 14,0/22,0 pos, 0,0/0,0 neg]
%     Score = -2,500001 (regressionFit = 2,500000, penalties=1.23E-6) for clause:  advisedby(A, _) :- tempadvisedby(A, _).  [covers 4,0/22,0 pos, 0,0/0,0 neg]
%     Score = -Infinity (regressionFit = Infinity, penalties=1.14E-6) for clause:  advisedby(A, _) :- yearsinprogram(A, year_2).  [covers 2,0/22,0 pos, 0,0/0,0 neg]
%     Score = -2,526317 (regressionFit = 2,526316, penalties=1.14E-6) for clause:  advisedby(A, _) :- yearsinprogram(A, year_1).  [covers 3,0/22,0 pos, 0,0/0,0 neg]
%     Score = -2,500001 (regressionFit = 2,500000, penalties=1.14E-6) for clause:  advisedby(A, _) :- yearsinprogram(A, year_4).  [covers 4,0/22,0 pos, 0,0/0,0 neg]

% The best node found: advisedby(A, _) :- inphase(A, post_generals).  [covers 6,0/22,0 pos, 0,0/0,0 neg]

% The best node found: advisedby(A, _) :- inphase(A, post_generals).  [covers 6,0/22,0 pos, 0,0/0,0 neg]

% Expanding node at Level 3 with score = -0,118.
% Will extend: advisedby(A, _) :- inphase(A, post_generals).  [covers 6,0/22,0 pos, 0,0/0,0 neg]
%   Creating a TRUE-branch and FALSE-branch leaves because level = 3 >= 3

% Time for loop #7: 15 milliseconds.
% Internal node max length = 1
% Max tree depth in lits   = 3
% Max tree depth in nodes  = 3
% Max number of clauses    = 8

% On cycle #7, the best clause found is:
%      advisedby(A, _) :- inphase(A, post_generals).  [covers 6,0/22,0 pos, 0,0/0,0 neg]
% This clause covers 6 positive examples, of which 6 are newly covered.
% It also covers 0 negative examples, of which 0 are newly covered.

% ******************************************

%  Have stopped ILP's outer loop because the tree-structured queue is empty.

% ******************************************

%%%%%  WILL-Produced Tree #1 @ 14:10:41 10/20/22.  %%%%%


% FOR advisedby(A, B):
%   if ( hasposition(B, faculty) )
%   then if ( student(A) )
%   | then if ( publication(C, A) )
%   | | then return 0.7353419175556528;  // std dev = 2,478, 57,000 (wgt'ed) examples reached here.  /* #neg=7 #pos=50 */
%   | | else if ( inphase(A, post_quals) )
%   | | | then return 0.8081489350995122;  // std dev = 0,975, 20,000 (wgt'ed) examples reached here.  /* #neg=1 #pos=19 */
%   | | | else return 0.4414822684328449;  // std dev = 2,958, 36,000 (wgt'ed) examples reached here.  /* #neg=15 #pos=21 */
%   | else return -0.1418510649004878;  // std dev = 0,000, 6,000 (wgt'ed) examples reached here.  /* #neg=6 */
%   else if ( student(B) )
%   | then return -0.14185106490048827;  // std dev = 0,000, 177,000 (wgt'ed) examples reached here.  /* #neg=177 */
%   | else if ( yearsinprogram(A, year_5) )
%   | | then return 0.8581489350995122;  // std dev = 0,000, 4,000 (wgt'ed) examples reached here.  /* #pos=4 */
%   | | else if ( inphase(A, post_generals) )
%   | | | then return 0.19148226843284552;  // std dev = 1,155, 6,000 (wgt'ed) examples reached here.  /* #neg=4 #pos=2 */
%   | | | else return -0.0793510649004878;  // std dev = 0,968, 16,000 (wgt'ed) examples reached here.  /* #neg=15 #pos=1 */


% Clauses:

advisedby(A, B, 0.7353419175556528) :- 
     hasposition(B, faculty), 
     student(A), 
     publication(C, A), 
     !. // Clause #1.

advisedby(A, B, 0.8081489350995122) :- 
     hasposition(B, faculty), 
     student(A), 
     inphase(A, post_quals), 
     !. // Clause #2.

advisedby(A, B, 0.4414822684328449) :- 
     hasposition(B, faculty), 
     student(A), 
     !. // Clause #3.

advisedby(A, B, -0.1418510649004878) :- 
     hasposition(B, faculty), 
     !. // Clause #4.

advisedby(A, B, -0.14185106490048827) :- 
     student(B), 
     !. // Clause #5.

advisedby(A, B, 0.8581489350995122) :- 
     yearsinprogram(A, year_5), 
     !. // Clause #6.

advisedby(A, B, 0.19148226843284552) :- 
     inphase(A, post_generals), 
     !. // Clause #7.

advisedby(A, B, -0.0793510649004878) :- !. // Clause #8.


% The flattened versions of these clauses:

flattened_advisedby(a, b, 0.7353419175556528) :-  /* #neg=7 #pos=50 */ 
   hasposition(b, faculty),
   student(a),
   publication(underscore, a),
   !. // Flattened version of clause #1.

flattened_advisedby(a, b, 0.8081489350995122) :-  /* #neg=1 #pos=19 */ 
   hasposition(b, faculty),
   student(a),
   inphase(a, post_quals),
   !. // Flattened version of clause #2.

flattened_advisedby(a, b, 0.4414822684328449) :-  /* #neg=15 #pos=21 */ 
   hasposition(b, faculty),
   student(a),
   !. // Flattened version of clause #3.

flattened_advisedby(underscore, a, -0.1418510649004878) :-  /* #neg=6 */ 
   hasposition(a, faculty),
   !. // Flattened version of clause #4.

flattened_advisedby(underscore, a, -0.14185106490048827) :-  /* #neg=177 */ 
   student(a),
   !. // Flattened version of clause #5.

flattened_advisedby(a, underscore, 0.8581489350995122) :-  /* #pos=4 */ 
   yearsinprogram(a, year_5),
   !. // Flattened version of clause #6.

flattened_advisedby(a, underscore, 0.19148226843284552) :-  /* #neg=4 #pos=2 */ 
   inphase(a, post_generals),
   !. // Flattened version of clause #7.

flattened_advisedby(underscore, underscore, -0.0793510649004878) :-  /* #neg=15 #pos=1 */ 
   !. // Flattened version of clause #8.


% The unique flattened literals:
%   publication(underscore, a)
%   inphase(a, post_quals)
%   hasposition(a, faculty)
%   yearsinprogram(a, year_5)
%   inphase(a, post_generals)
%   hasposition(b, faculty)
%   student(a)

% Saving model in: data/uwcse/fold1/train/models/bRDNs/advisedby.model.ckpt
% Time taken to learn 1 trees is 350 milliseconds.

%      addToQueueOfTreeStructuredLearningTasks (level=0; score=1,797693135e+308)
%         ILP node to extend: null
%      Insert tree-structured search node (@ level = 0 and with score = 1,797693135e+308) into the LAST position (#1) in the search queue.
Variance:0.11776859504132217
Set score:0.0025
% Kept 97 of the 97 positive examples.
% Kept 155 of the 52.344 negative examples.
% Dataset size: 252
Computing probabilities
prob time:6 milliseconds
No hidden examples for : advisedby
Time to build dataset: 18 milliseconds
%      addToQueueOfTreeStructuredLearningTasks (level=0; score=1,797693135e+308)
%         ILP node to extend: null
%      Insert tree-structured search node (@ level = 0 and with score = 1,797693135e+308) into the LAST position (#1) in the search queue.
Variance:0.1915302626161734
Set score:0.0025

% Have these 10 positive seeds: 1 3 60 95 135 158 173 174 206 224

% target           = advisedby(A, B)
%     Score = -Infinity (regressionFit = Infinity, penalties=2.2E-7) for clause:  advisedby(_, _).  [covers 252,0/252,0 pos, 0,0/0,0 neg]
% Most-general root: advisedby(_, _).  [covers 252,0/252,0 pos, 0,0/0,0 neg]  score = -Infinity
%     Score = -24,380570 (regressionFit = 24,380569, penalties=1.14E-6) for clause:  advisedby(_, A) :- hasposition(A, faculty).  [covers 116,0/252,0 pos, 0,0/0,0 neg]
% Gleaner: New best node found (score = -24,380570): advisedby(_, A) :- hasposition(A, faculty).  [covers 116,0/252,0 pos, 0,0/0,0 neg]
%     Score = -48,251038 (regressionFit = 48,251037, penalties=1.14E-6) for clause:  advisedby(_, A) :- hasposition(A, faculty_adjunct).  [covers 9,0/252,0 pos, 0,0/0,0 neg]
%     Score = -43,245084 (regressionFit = 43,245083, penalties=1.14E-6) for clause:  advisedby(A, _) :- inphase(A, post_generals).  [covers 77,0/252,0 pos, 0,0/0,0 neg]
%     Score = -46,223537 (regressionFit = 46,223536, penalties=1.14E-6) for clause:  advisedby(A, _) :- inphase(A, post_quals).  [covers 67,0/252,0 pos, 0,0/0,0 neg]
%     Score = -48,153948 (regressionFit = 48,153947, penalties=1.14E-6) for clause:  advisedby(A, _) :- inphase(A, pre_quals).  [covers 25,0/252,0 pos, 0,0/0,0 neg]
%     Score = -45,407137 (regressionFit = 45,407136, penalties=1.14E-6) for clause:  advisedby(_, A) :- inphase(A, pre_quals).  [covers 24,0/252,0 pos, 0,0/0,0 neg]
%     Score = -44,871170 (regressionFit = 44,871169, penalties=1.14E-6) for clause:  advisedby(_, A) :- inphase(A, post_quals).  [covers 28,0/252,0 pos, 0,0/0,0 neg]
%     Score = -23,578668 (regressionFit = 23,578667, penalties=1.12E-6) for clause:  advisedby(_, A) :- professor(A).  [covers 132,0/252,0 pos, 0,0/0,0 neg]
% Gleaner: New best node found (score = -23,578668): advisedby(_, A) :- professor(A).  [covers 132,0/252,0 pos, 0,0/0,0 neg]
%     Score = -47,708942 (regressionFit = 47,708941, penalties=1.23E-6) for clause:  advisedby(A, _) :- publication(_, A).  [covers 121,0/252,0 pos, 0,0/0,0 neg]
%     Score = -38,383019 (regressionFit = 38,383018, penalties=1.23E-6) for clause:  advisedby(_, A) :- publication(_, A).  [covers 150,0/252,0 pos, 0,0/0,0 neg]
%     Score = -Infinity (regressionFit = Infinity, penalties=1.12E-6) for clause:  advisedby(A, _) :- sameperson(A, A).  [covers 252,0/252,0 pos, 0,0/0,0 neg]
%     Score = -Infinity (regressionFit = Infinity, penalties=1.12E-6) for clause:  advisedby(_, A) :- sameperson(A, A).  [covers 252,0/252,0 pos, 0,0/0,0 neg]
%     Score = -42,966899 (regressionFit = 42,966898, penalties=1.12E-6) for clause:  advisedby(A, _) :- student(A).  [covers 211,0/252,0 pos, 0,0/0,0 neg]
%     Score = -23,578668 (regressionFit = 23,578667, penalties=1.12E-6) for clause:  advisedby(_, A) :- student(A).  [covers 120,0/252,0 pos, 0,0/0,0 neg]
%     Score = -47,896682 (regressionFit = 47,896680, penalties=1.34E-6) for clause:  advisedby(A, _) :- ta(_, A, _).  [covers 87,0/252,0 pos, 0,0/0,0 neg]
%     Score = -36,976198 (regressionFit = 36,976196, penalties=1.34E-6) for clause:  advisedby(_, A) :- ta(_, A, _).  [covers 74,0/252,0 pos, 0,0/0,0 neg]
%     Score = -27,012107 (regressionFit = 27,012105, penalties=1.34E-6) for clause:  advisedby(_, A) :- taughtby(_, A, _).  [covers 123,0/252,0 pos, 0,0/0,0 neg]
%     Score = -34,986268 (regressionFit = 34,986267, penalties=1.23E-6) for clause:  advisedby(_, A) :- tempadvisedby(_, A).  [covers 70,0/252,0 pos, 0,0/0,0 neg]
%     Score = -46,450530 (regressionFit = 46,450528, penalties=1.23E-6) for clause:  advisedby(A, _) :- tempadvisedby(A, _).  [covers 14,0/252,0 pos, 0,0/0,0 neg]
%     Score = -46,301176 (regressionFit = 46,301175, penalties=1.23E-6) for clause:  advisedby(_, A) :- tempadvisedby(A, _).  [covers 17,0/252,0 pos, 0,0/0,0 neg]
%     Score = -Infinity (regressionFit = Infinity, penalties=1.14E-6) for clause:  advisedby(A, _) :- yearsinprogram(A, year_10).  [covers 2,0/252,0 pos, 0,0/0,0 neg]
%     Score = -47,783413 (regressionFit = 47,783412, penalties=1.14E-6) for clause:  advisedby(A, _) :- yearsinprogram(A, year_2).  [covers 8,0/252,0 pos, 0,0/0,0 neg]
%     Score = -44,616643 (regressionFit = 44,616642, penalties=1.14E-6) for clause:  advisedby(A, _) :- yearsinprogram(A, year_5).  [covers 38,0/252,0 pos, 0,0/0,0 neg]
%     Score = -46,969836 (regressionFit = 46,969835, penalties=1.14E-6) for clause:  advisedby(A, _) :- yearsinprogram(A, year_4).  [covers 37,0/252,0 pos, 0,0/0,0 neg]
%     Score = -47,494561 (regressionFit = 47,494560, penalties=1.14E-6) for clause:  advisedby(A, _) :- yearsinprogram(A, year_1).  [covers 11,0/252,0 pos, 0,0/0,0 neg]
%     Score = -46,907845 (regressionFit = 46,907843, penalties=1.14E-6) for clause:  advisedby(_, A) :- yearsinprogram(A, year_1).  [covers 12,0/252,0 pos, 0,0/0,0 neg]
%     Score = -46,176731 (regressionFit = 46,176730, penalties=1.14E-6) for clause:  advisedby(_, A) :- yearsinprogram(A, year_5).  [covers 18,0/252,0 pos, 0,0/0,0 neg]
%     Score = -47,143493 (regressionFit = 47,143492, penalties=1.14E-6) for clause:  advisedby(_, A) :- yearsinprogram(A, year_4).  [covers 10,0/252,0 pos, 0,0/0,0 neg]

% The best node found: advisedby(_, A) :- professor(A).  [covers 132,0/252,0 pos, 0,0/0,0 neg]

% The best node found: advisedby(_, A) :- professor(A).  [covers 132,0/252,0 pos, 0,0/0,0 neg]

% Expanding node at Level 0 with score = 1,797693e+308.
% Will extend: advisedby(_, A) :- professor(A).  [covers 132,0/252,0 pos, 0,0/0,0 neg]
Comparing variance: 0.17862626362334494 to score=0.0025 #egs=132.0
Comparing variance: 5.3660779523549233E-17 to score=0.0025 #egs=120.0
%   Creating a TRUE-branch interior node with wgtedCountTrueBranchPos = 132,0
%      addToQueueOfTreeStructuredLearningTasks (level=1; score=-0,178626)
%         ILP node to extend: advisedby(_, A) :- professor(A).  [covers 132,0/252,0 pos, 0,0/0,0 neg]
%      Insert tree-structured search node (@ level = 1 and with score = -0,178626) into the LAST position (#1) in the search queue.
%   Creating a FALSE-branch leaf because good enough fit since score < 0.0025

% Time for loop #1: 60 milliseconds.
% Internal node max length = 1
% Max tree depth in lits   = 3
% Max tree depth in nodes  = 3
% Max number of clauses    = 8

% On cycle #1, the best clause found is:
%      advisedby(_, A) :- professor(A).  [covers 132,0/252,0 pos, 0,0/0,0 neg]
% This clause covers 132 positive examples, of which 132 are newly covered.
% It also covers 0 negative examples, of which 0 are newly covered.

% Working on expanding this node: 'advisedby(_, A) :- professor(A).  [covers 132,0/132,0 pos, 0,0/0,0 neg]'
%     Score = -23,578668 (regressionFit = 23,578667, penalties=1.12E-6) for clause:  advisedby(_, A) :- professor(A).  [covers 132,0/132,0 pos, 0,0/0,0 neg]

% Have these 7 positive seeds: 12 47 58 74 109 115 118
%     Score = -20,196420 (regressionFit = 20,196418, penalties=2.0400000000000004E-6) for clause:  advisedby(A, B) :- professor(B), hasposition(A, faculty).  [covers 8,0/132,0 pos, 0,0/0,0 neg]
% Gleaner: New best node found (score = -20,196420): advisedby(A, B) :- professor(B), hasposition(A, faculty).  [covers 8,0/132,0 pos, 0,0/0,0 neg]
%     Score = -22,411307 (regressionFit = 22,411304, penalties=2.1400000000000007E-6) for clause:  advisedby(_, A) :- professor(A), hasposition(A, faculty).  [covers 116,0/132,0 pos, 0,0/0,0 neg]
%     Score = -22,906140 (regressionFit = 22,906138, penalties=2.0400000000000004E-6) for clause:  advisedby(A, B) :- professor(B), inphase(A, post_quals).  [covers 44,0/132,0 pos, 0,0/0,0 neg]
%     Score = -23,347616 (regressionFit = 23,347614, penalties=2.0400000000000004E-6) for clause:  advisedby(A, B) :- professor(B), inphase(A, pre_quals).  [covers 13,0/132,0 pos, 0,0/0,0 neg]
%     Score = -20,196420 (regressionFit = 20,196418, penalties=1.9200000000000003E-6) for clause:  advisedby(A, B) :- professor(B), professor(A).  [covers 8,0/132,0 pos, 0,0/0,0 neg]
% Gleaner: New best node found (score = -20,196420): advisedby(A, B) :- professor(B), professor(A).  [covers 8,0/132,0 pos, 0,0/0,0 neg]
%     Score = -23,538878 (regressionFit = 23,538876, penalties=2.1300000000000004E-6) for clause:  advisedby(A, B) :- professor(B), publication(_, A).  [covers 71,0/132,0 pos, 0,0/0,0 neg]
%     Score = -21,022222 (regressionFit = 21,022219, penalties=2.2300000000000002E-6) for clause:  advisedby(_, A) :- professor(A), publication(_, A).  [covers 106,0/132,0 pos, 0,0/0,0 neg]
%     Score = -Infinity (regressionFit = Infinity, penalties=2.0200000000000006E-6) for clause:  advisedby(A, B) :- professor(B), sameperson(A, A).  [covers 132,0/132,0 pos, 0,0/0,0 neg]
%     Score = -Infinity (regressionFit = Infinity, penalties=2.1200000000000005E-6) for clause:  advisedby(_, A) :- professor(A), sameperson(A, A).  [covers 132,0/132,0 pos, 0,0/0,0 neg]
%     Score = -20,196420 (regressionFit = 20,196418, penalties=2.0200000000000006E-6) for clause:  advisedby(A, B) :- professor(B), student(A).  [covers 124,0/132,0 pos, 0,0/0,0 neg]
%     Score = -23,460597 (regressionFit = 23,460595, penalties=2.24E-6) for clause:  advisedby(A, B) :- professor(B), ta(_, A, _).  [covers 56,0/132,0 pos, 0,0/0,0 neg]
%     Score = -21,553082 (regressionFit = 21,553080, penalties=2.24E-6) for clause:  advisedby(A, B) :- professor(B), taughtby(_, A, _).  [covers 15,0/132,0 pos, 0,0/0,0 neg]
%     Score = -23,094562 (regressionFit = 23,094560, penalties=2.3400000000000005E-6) for clause:  advisedby(_, A) :- professor(A), taughtby(_, A, _).  [covers 119,0/132,0 pos, 0,0/0,0 neg]
%     Score = -22,812056 (regressionFit = 22,812054, penalties=2.2300000000000002E-6) for clause:  advisedby(_, A) :- professor(A), tempadvisedby(_, A).  [covers 70,0/132,0 pos, 0,0/0,0 neg]
%     Score = -23,313853 (regressionFit = 23,313851, penalties=2.0400000000000004E-6) for clause:  advisedby(A, B) :- professor(B), yearsinprogram(A, year_3).  [covers 16,0/132,0 pos, 0,0/0,0 neg]
%     Score = -23,572701 (regressionFit = 23,572699, penalties=2.0400000000000004E-6) for clause:  advisedby(A, B) :- professor(B), yearsinprogram(A, year_4).  [covers 29,0/132,0 pos, 0,0/0,0 neg]

% The best node found: advisedby(A, B) :- professor(B), professor(A).  [covers 8,0/132,0 pos, 0,0/0,0 neg]

% The best node found: advisedby(A, B) :- professor(B), professor(A).  [covers 8,0/132,0 pos, 0,0/0,0 neg]

% Expanding node at Level 1 with score = -0,179.
% Will extend: advisedby(A, B) :- professor(B), professor(A).  [covers 8,0/132,0 pos, 0,0/0,0 neg]
Comparing variance: 1.2315856139939046E-5 to score=0.0025 #egs=8.0
Comparing variance: 0.1628735415445967 to score=0.0025 #egs=124.0
%   Creating a TRUE-branch leaf because good enough fit since score < 0.0025
%   Creating a FALSE-branch interior node with wgtedCountFalseBranchPos = 124,0
%      addToQueueOfTreeStructuredLearningTasks (level=2; score=-0,162874)
%         ILP node to extend: advisedby(_, A) :- professor(A).  [covers 132,0/132,0 pos, 0,0/0,0 neg]
%      Insert tree-structured search node (@ level = 2 and with score = -0,162874) into the LAST position (#1) in the search queue.

% Time for loop #2: 48 milliseconds.
% Internal node max length = 1
% Max tree depth in lits   = 3
% Max tree depth in nodes  = 3
% Max number of clauses    = 8

% On cycle #2, the best clause found is:
%      advisedby(A, B) :- professor(B), professor(A).  [covers 8,0/132,0 pos, 0,0/0,0 neg]
% This clause covers 8 positive examples, of which 8 are newly covered.
% It also covers 0 negative examples, of which 0 are newly covered.

% Working on expanding this node: 'advisedby(_, A) :- professor(A).  [covers 132,0/124,0 pos, 0,0/0,0 neg]'
%     Score = -23,578668 (regressionFit = 23,578667, penalties=1.12E-6) for clause:  advisedby(_, A) :- professor(A).  [covers 124,0/124,0 pos, 0,0/0,0 neg]

% Have these 10 positive seeds: 4 11 41 46 69 90 93 97 106 120
%     Score = -19,825633 (regressionFit = 19,825631, penalties=2.1400000000000007E-6) for clause:  advisedby(_, A) :- professor(A), hasposition(A, faculty).  [covers 112,0/124,0 pos, 0,0/0,0 neg]
% Gleaner: New best node found (score = -19,825633): advisedby(_, A) :- professor(A), hasposition(A, faculty).  [covers 112,0/124,0 pos, 0,0/0,0 neg]
%     Score = -20,089104 (regressionFit = 20,089102, penalties=2.0400000000000004E-6) for clause:  advisedby(A, B) :- professor(B), inphase(A, pre_quals).  [covers 13,0/124,0 pos, 0,0/0,0 neg]
%     Score = -19,770294 (regressionFit = 19,770292, penalties=2.0400000000000004E-6) for clause:  advisedby(A, B) :- professor(B), inphase(A, post_generals).  [covers 57,0/124,0 pos, 0,0/0,0 neg]
% Gleaner: New best node found (score = -19,770294): advisedby(A, B) :- professor(B), inphase(A, post_generals).  [covers 57,0/124,0 pos, 0,0/0,0 neg]
%     Score = -19,948452 (regressionFit = 19,948450, penalties=2.0400000000000004E-6) for clause:  advisedby(A, B) :- professor(B), inphase(A, post_quals).  [covers 44,0/124,0 pos, 0,0/0,0 neg]
%     Score = -20,195564 (regressionFit = 20,195562, penalties=2.2300000000000002E-6) for clause:  advisedby(_, A) :- professor(A), projectmember(_, A).  [covers 5,0/124,0 pos, 0,0/0,0 neg]
%     Score = -20,028084 (regressionFit = 20,028082, penalties=2.1300000000000004E-6) for clause:  advisedby(A, B) :- professor(B), publication(_, A).  [covers 65,0/124,0 pos, 0,0/0,0 neg]
%     Score = -19,074571 (regressionFit = 19,074569, penalties=2.2300000000000002E-6) for clause:  advisedby(_, A) :- professor(A), publication(_, A).  [covers 104,0/124,0 pos, 0,0/0,0 neg]
% Gleaner: New best node found (score = -19,074571): advisedby(_, A) :- professor(A), publication(_, A).  [covers 104,0/124,0 pos, 0,0/0,0 neg]
%     Score = -Infinity (regressionFit = Infinity, penalties=2.0200000000000006E-6) for clause:  advisedby(A, B) :- professor(B), sameperson(A, A).  [covers 124,0/124,0 pos, 0,0/0,0 neg]
%     Score = -Infinity (regressionFit = Infinity, penalties=2.1200000000000005E-6) for clause:  advisedby(_, A) :- professor(A), sameperson(A, A).  [covers 124,0/124,0 pos, 0,0/0,0 neg]
%     Score = -Infinity (regressionFit = Infinity, penalties=2.0200000000000006E-6) for clause:  advisedby(A, B) :- professor(B), student(A).  [covers 124,0/124,0 pos, 0,0/0,0 neg]
%     Score = -19,614224 (regressionFit = 19,614222, penalties=2.24E-6) for clause:  advisedby(A, B) :- professor(B), ta(_, A, _).  [covers 56,0/124,0 pos, 0,0/0,0 neg]
%     Score = -20,168002 (regressionFit = 20,168000, penalties=2.24E-6) for clause:  advisedby(A, B) :- professor(B), taughtby(_, A, _).  [covers 7,0/124,0 pos, 0,0/0,0 neg]
%     Score = -19,950814 (regressionFit = 19,950812, penalties=2.3400000000000005E-6) for clause:  advisedby(_, A) :- professor(A), taughtby(_, A, _).  [covers 113,0/124,0 pos, 0,0/0,0 neg]
%     Score = -19,793740 (regressionFit = 19,793737, penalties=2.2300000000000002E-6) for clause:  advisedby(_, A) :- professor(A), tempadvisedby(_, A).  [covers 68,0/124,0 pos, 0,0/0,0 neg]
%     Score = -18,381031 (regressionFit = 18,381029, penalties=2.1300000000000004E-6) for clause:  advisedby(A, B) :- professor(B), tempadvisedby(A, _).  [covers 3,0/124,0 pos, 0,0/0,0 neg]
% Gleaner: New best node found (score = -18,381031): advisedby(A, B) :- professor(B), tempadvisedby(A, _).  [covers 3,0/124,0 pos, 0,0/0,0 neg]
%     Score = -19,671782 (regressionFit = 19,671780, penalties=2.0400000000000004E-6) for clause:  advisedby(A, B) :- professor(B), yearsinprogram(A, year_1).  [covers 3,0/124,0 pos, 0,0/0,0 neg]
%     Score = -Infinity (regressionFit = Infinity, penalties=2.0400000000000004E-6) for clause:  advisedby(A, B) :- professor(B), yearsinprogram(A, year_10).  [covers 2,0/124,0 pos, 0,0/0,0 neg]
%     Score = -20,166673 (regressionFit = 20,166671, penalties=2.0400000000000004E-6) for clause:  advisedby(A, B) :- professor(B), yearsinprogram(A, year_4).  [covers 29,0/124,0 pos, 0,0/0,0 neg]
%     Score = -19,885084 (regressionFit = 19,885082, penalties=2.0400000000000004E-6) for clause:  advisedby(A, B) :- professor(B), yearsinprogram(A, year_2).  [covers 5,0/124,0 pos, 0,0/0,0 neg]
%     Score = -20,176609 (regressionFit = 20,176607, penalties=2.0400000000000004E-6) for clause:  advisedby(A, B) :- professor(B), yearsinprogram(A, year_6).  [covers 16,0/124,0 pos, 0,0/0,0 neg]
%     Score = -20,078917 (regressionFit = 20,078915, penalties=2.0400000000000004E-6) for clause:  advisedby(A, B) :- professor(B), yearsinprogram(A, year_3).  [covers 16,0/124,0 pos, 0,0/0,0 neg]
%     Score = -20,158270 (regressionFit = 20,158268, penalties=2.0400000000000004E-6) for clause:  advisedby(A, B) :- professor(B), yearsinprogram(A, year_7).  [covers 7,0/124,0 pos, 0,0/0,0 neg]

% The best node found: advisedby(A, B) :- professor(B), tempadvisedby(A, _).  [covers 3,0/124,0 pos, 0,0/0,0 neg]

% The best node found: advisedby(A, B) :- professor(B), tempadvisedby(A, _).  [covers 3,0/124,0 pos, 0,0/0,0 neg]

% Expanding node at Level 2 with score = -0,163.
% Will extend: advisedby(A, B) :- professor(B), tempadvisedby(A, _).  [covers 3,0/124,0 pos, 0,0/0,0 neg]
Comparing variance: 9.699163378843004E-4 to score=0.0025 #egs=3.0
Comparing variance: 0.15188528312973185 to score=0.0025 #egs=121.0
%   Creating a TRUE-branch leaf because wgtedCountTrueBranchPos = 3,0 < 2.1 * minPosCov = 6,3
%   Creating a FALSE-branch interior node with wgtedCountFalseBranchPos = 121,0
%      addToQueueOfTreeStructuredLearningTasks (level=3; score=-0,151885)
%         ILP node to extend: advisedby(_, A) :- professor(A).  [covers 124,0/124,0 pos, 0,0/0,0 neg]
%      Insert tree-structured search node (@ level = 3 and with score = -0,151885) into the LAST position (#1) in the search queue.

% Time for loop #3: 53 milliseconds.
% Internal node max length = 1
% Max tree depth in lits   = 3
% Max tree depth in nodes  = 3
% Max number of clauses    = 8

% On cycle #3, the best clause found is:
%      advisedby(A, B) :- professor(B), tempadvisedby(A, _).  [covers 3,0/124,0 pos, 0,0/0,0 neg]
% This clause covers 3 positive examples, of which 3 are newly covered.
% It also covers 0 negative examples, of which 0 are newly covered.

% Working on expanding this node: 'advisedby(_, A) :- professor(A).  [covers 124,0/121,0 pos, 0,0/0,0 neg]'
%     Score = -23,578668 (regressionFit = 23,578667, penalties=1.12E-6) for clause:  advisedby(_, A) :- professor(A).  [covers 121,0/121,0 pos, 0,0/0,0 neg]

% Have these 8 positive seeds: 13 14 22 27 44 48 60 76
%     Score = -17,916827 (regressionFit = 17,916825, penalties=2.1400000000000007E-6) for clause:  advisedby(_, A) :- professor(A), hasposition(A, faculty).  [covers 109,0/121,0 pos, 0,0/0,0 neg]
% Gleaner: New best node found (score = -17,916827): advisedby(_, A) :- professor(A), hasposition(A, faculty).  [covers 109,0/121,0 pos, 0,0/0,0 neg]
%     Score = -18,347971 (regressionFit = 18,347969, penalties=2.1400000000000007E-6) for clause:  advisedby(_, A) :- professor(A), hasposition(A, faculty_affiliate).  [covers 3,0/121,0 pos, 0,0/0,0 neg]
%     Score = -18,164744 (regressionFit = 18,164742, penalties=2.0400000000000004E-6) for clause:  advisedby(A, B) :- professor(B), inphase(A, post_generals).  [covers 57,0/121,0 pos, 0,0/0,0 neg]
%     Score = -18,125571 (regressionFit = 18,125568, penalties=2.0400000000000004E-6) for clause:  advisedby(A, B) :- professor(B), inphase(A, post_quals).  [covers 43,0/121,0 pos, 0,0/0,0 neg]
%     Score = -18,341981 (regressionFit = 18,341979, penalties=2.1300000000000004E-6) for clause:  advisedby(A, B) :- professor(B), publication(_, A).  [covers 65,0/121,0 pos, 0,0/0,0 neg]
%     Score = -17,044287 (regressionFit = 17,044285, penalties=2.2300000000000002E-6) for clause:  advisedby(_, A) :- professor(A), publication(_, A).  [covers 101,0/121,0 pos, 0,0/0,0 neg]
% Gleaner: New best node found (score = -17,044287): advisedby(_, A) :- professor(A), publication(_, A).  [covers 101,0/121,0 pos, 0,0/0,0 neg]
%     Score = -Infinity (regressionFit = Infinity, penalties=2.0200000000000006E-6) for clause:  advisedby(A, B) :- professor(B), sameperson(A, A).  [covers 121,0/121,0 pos, 0,0/0,0 neg]
%     Score = -Infinity (regressionFit = Infinity, penalties=2.1200000000000005E-6) for clause:  advisedby(_, A) :- professor(A), sameperson(A, A).  [covers 121,0/121,0 pos, 0,0/0,0 neg]
%     Score = -Infinity (regressionFit = Infinity, penalties=2.0200000000000006E-6) for clause:  advisedby(A, B) :- professor(B), student(A).  [covers 121,0/121,0 pos, 0,0/0,0 neg]
%     Score = -17,694258 (regressionFit = 17,694255, penalties=2.24E-6) for clause:  advisedby(A, B) :- professor(B), ta(_, A, _).  [covers 55,0/121,0 pos, 0,0/0,0 neg]
%     Score = -18,061876 (regressionFit = 18,061874, penalties=2.3400000000000005E-6) for clause:  advisedby(_, A) :- professor(A), taughtby(_, A, _).  [covers 110,0/121,0 pos, 0,0/0,0 neg]
%     Score = -17,892326 (regressionFit = 17,892324, penalties=2.2300000000000002E-6) for clause:  advisedby(_, A) :- professor(A), tempadvisedby(_, A).  [covers 66,0/121,0 pos, 0,0/0,0 neg]
%     Score = -17,594632 (regressionFit = 17,594630, penalties=2.0400000000000004E-6) for clause:  advisedby(A, B) :- professor(B), yearsinprogram(A, year_5).  [covers 28,0/121,0 pos, 0,0/0,0 neg]
%     Score = -18,357592 (regressionFit = 18,357590, penalties=2.0400000000000004E-6) for clause:  advisedby(A, B) :- professor(B), yearsinprogram(A, year_7).  [covers 7,0/121,0 pos, 0,0/0,0 neg]
%     Score = -18,129970 (regressionFit = 18,129968, penalties=2.0400000000000004E-6) for clause:  advisedby(A, B) :- professor(B), yearsinprogram(A, year_3).  [covers 15,0/121,0 pos, 0,0/0,0 neg]
%     Score = -18,293730 (regressionFit = 18,293728, penalties=2.0400000000000004E-6) for clause:  advisedby(A, B) :- professor(B), yearsinprogram(A, year_4).  [covers 29,0/121,0 pos, 0,0/0,0 neg]

% The best node found: advisedby(_, A) :- professor(A), publication(_, A).  [covers 101,0/121,0 pos, 0,0/0,0 neg]

% The best node found: advisedby(_, A) :- professor(A), publication(_, A).  [covers 101,0/121,0 pos, 0,0/0,0 neg]

% Expanding node at Level 3 with score = -0,152.
% Will extend: advisedby(_, A) :- professor(A), publication(_, A).  [covers 101,0/121,0 pos, 0,0/0,0 neg]
%   Creating a TRUE-branch and FALSE-branch leaves because level = 3 >= 3

% Time for loop #4: 51 milliseconds.
% Internal node max length = 1
% Max tree depth in lits   = 3
% Max tree depth in nodes  = 3
% Max number of clauses    = 8

% On cycle #4, the best clause found is:
%      advisedby(_, A) :- professor(A), publication(_, A).  [covers 101,0/121,0 pos, 0,0/0,0 neg]
% This clause covers 101 positive examples, of which 101 are newly covered.
% It also covers 0 negative examples, of which 0 are newly covered.

% ******************************************

%  Have stopped ILP's outer loop because the tree-structured queue is empty.

% ******************************************

%%%%%  WILL-Produced Tree #2 @ 14:10:41 10/20/22.  %%%%%


% FOR advisedby(A, B):
%   if ( professor(B) )
%   then if ( professor(A) )
%   | then return -0.12895403393785088;  // std dev = 0,010, 8,000 (wgt'ed) examples reached here.  /* #neg=8 */
%   | else if ( tempadvisedby(A, C) )
%   | | then return -0.2265030811563333;  // std dev = 0,054, 3,000 (wgt'ed) examples reached here.  /* #neg=3 */
%   | | else if ( publication(D, B) )
%   | | | then return 0.6076816819447419;  // std dev = 3,505, 101,000 (wgt'ed) examples reached here.  /* #neg=15 #pos=86 */
%   | | | else return 0.32501937953000964;  // std dev = 2,182, 20,000 (wgt'ed) examples reached here.  /* #neg=9 #pos=11 */
%   else return -0.12544463852839105;  // std dev = 8,02e-08, 120,000 (wgt'ed) examples reached here.  /* #neg=120 */


% Clauses:

advisedby(A, B, -0.12895403393785088) :- 
     professor(B), 
     professor(A), 
     !. // Clause #1.

advisedby(A, B, -0.2265030811563333) :- 
     professor(B), 
     tempadvisedby(A, C), 
     !. // Clause #2.

advisedby(A, B, 0.6076816819447419) :- 
     professor(B), 
     publication(C, B), 
     !. // Clause #3.

advisedby(A, B, 0.32501937953000964) :- 
     professor(B), 
     !. // Clause #4.

advisedby(A, B, -0.12544463852839105) :- !. // Clause #5.


% The flattened versions of these clauses:

flattened_advisedby(a, b, -0.12895403393785088) :-  /* #neg=8 */ 
   professor(b),
   professor(a),
   !. // Flattened version of clause #1.

flattened_advisedby(a, b, -0.2265030811563333) :-  /* #neg=3 */ 
   professor(b),
   tempadvisedby(a, underscore),
   !. // Flattened version of clause #2.

flattened_advisedby(underscore, a, 0.6076816819447419) :-  /* #neg=15 #pos=86 */ 
   professor(a),
   publication(underscore, a),
   !. // Flattened version of clause #3.

flattened_advisedby(underscore, a, 0.32501937953000964) :-  /* #neg=9 #pos=11 */ 
   professor(a),
   !. // Flattened version of clause #4.

flattened_advisedby(underscore, underscore, -0.12544463852839105) :-  /* #neg=120 */ 
   !. // Flattened version of clause #5.


% The unique flattened literals:
%   professor(b)
%   tempadvisedby(a, underscore)
%   publication(underscore, a)
%   professor(a)

% Saving model in: data/uwcse/fold1/train/models/bRDNs/advisedby.model.ckpt
% Time taken to learn 2 trees is 588 milliseconds.

%      addToQueueOfTreeStructuredLearningTasks (level=0; score=1,797693135e+308)
%         ILP node to extend: null
%      Insert tree-structured search node (@ level = 0 and with score = 1,797693135e+308) into the LAST position (#1) in the search queue.
Variance:0.15188528312973182
Set score:0.0025
% Kept 97 of the 97 positive examples.
% Kept 196 of the 52.344 negative examples.
% Dataset size: 293
Computing probabilities
prob time:15 milliseconds
No hidden examples for : advisedby
Time to build dataset: 30 milliseconds
%      addToQueueOfTreeStructuredLearningTasks (level=0; score=1,797693135e+308)
%         ILP node to extend: null
%      Insert tree-structured search node (@ level = 0 and with score = 1,797693135e+308) into the LAST position (#1) in the search queue.
Variance:0.13426075011558727
Set score:0.0025

% Have these 10 positive seeds: 32 55 77 83 86 120 135 162 168 180

% target           = advisedby(A, B)
%     Score = -Infinity (regressionFit = Infinity, penalties=2.2E-7) for clause:  advisedby(_, _).  [covers 293,0/293,0 pos, 0,0/0,0 neg]
% Most-general root: advisedby(_, _).  [covers 293,0/293,0 pos, 0,0/0,0 neg]  score = -Infinity
%     Score = -38,531654 (regressionFit = 38,531653, penalties=1.14E-6) for clause:  advisedby(_, A) :- hasposition(A, faculty_adjunct).  [covers 5,0/293,0 pos, 0,0/0,0 neg]
% Gleaner: New best node found (score = -38,531654): advisedby(_, A) :- hasposition(A, faculty_adjunct).  [covers 5,0/293,0 pos, 0,0/0,0 neg]
[...]
% Gleaner: New best node found (score = -1,451564): advisedby(A, _) :- inphase(A, post_quals).  [covers 26,0/125,0 pos, 0,0/0,0 neg]
%     Score = -1,515291 (regressionFit = 1,515290, penalties=1.14E-6) for clause:  advisedby(A, _) :- inphase(A, pre_quals).  [covers 23,0/125,0 pos, 0,0/0,0 neg]
%     Score = -1,516368 (regressionFit = 1,516367, penalties=1.12E-6) for clause:  advisedby(A, _) :- professor(A).  [covers 23,0/125,0 pos, 0,0/0,0 neg]
%     Score = -1,494422 (regressionFit = 1,494420, penalties=1.12E-6) for clause:  advisedby(_, A) :- professor(A).  [covers 21,0/125,0 pos, 0,0/0,0 neg]
%     Score = -Infinity (regressionFit = Infinity, penalties=1.23E-6) for clause:  advisedby(A, _) :- projectmember(_, A).  [covers 2,0/125,0 pos, 0,0/0,0 neg]
%     Score = -1,504707 (regressionFit = 1,504705, penalties=1.23E-6) for clause:  advisedby(A, _) :- publication(_, A).  [covers 36,0/125,0 pos, 0,0/0,0 neg]
%     Score = -Infinity (regressionFit = Infinity, penalties=1.12E-6) for clause:  advisedby(A, _) :- sameperson(A, A).  [covers 125,0/125,0 pos, 0,0/0,0 neg]
%     Score = -Infinity (regressionFit = Infinity, penalties=1.12E-6) for clause:  advisedby(_, A) :- sameperson(A, A).  [covers 125,0/125,0 pos, 0,0/0,0 neg]
%     Score = -1,516368 (regressionFit = 1,516367, penalties=1.12E-6) for clause:  advisedby(A, _) :- student(A).  [covers 102,0/125,0 pos, 0,0/0,0 neg]
%     Score = -1,494422 (regressionFit = 1,494420, penalties=1.12E-6) for clause:  advisedby(_, A) :- student(A).  [covers 104,0/125,0 pos, 0,0/0,0 neg]
%     Score = -1,454509 (regressionFit = 1,454508, penalties=1.34E-6) for clause:  advisedby(A, _) :- ta(_, A, _).  [covers 55,0/125,0 pos, 0,0/0,0 neg]
%     Score = -1,511841 (regressionFit = 1,511840, penalties=1.34E-6) for clause:  advisedby(_, A) :- ta(_, A, _).  [covers 66,0/125,0 pos, 0,0/0,0 neg]
%     Score = -1,516430 (regressionFit = 1,516429, penalties=1.34E-6) for clause:  advisedby(A, _) :- taughtby(_, A, _).  [covers 25,0/125,0 pos, 0,0/0,0 neg]
%     Score = -1,516565 (regressionFit = 1,516564, penalties=1.23E-6) for clause:  advisedby(A, _) :- tempadvisedby(_, A).  [covers 8,0/125,0 pos, 0,0/0,0 neg]
%     Score = -1,515511 (regressionFit = 1,515510, penalties=1.23E-6) for clause:  advisedby(A, _) :- tempadvisedby(A, _).  [covers 19,0/125,0 pos, 0,0/0,0 neg]
%     Score = -1,516470 (regressionFit = 1,516468, penalties=1.14E-6) for clause:  advisedby(A, _) :- yearsinprogram(A, year_5).  [covers 12,0/125,0 pos, 0,0/0,0 neg]
%     Score = -1,515876 (regressionFit = 1,515875, penalties=1.14E-6) for clause:  advisedby(A, _) :- yearsinprogram(A, year_1).  [covers 11,0/125,0 pos, 0,0/0,0 neg]
%     Score = -1,515598 (regressionFit = 1,515597, penalties=1.14E-6) for clause:  advisedby(A, _) :- yearsinprogram(A, year_3).  [covers 12,0/125,0 pos, 0,0/0,0 neg]
%     Score = -1,516448 (regressionFit = 1,516447, penalties=1.14E-6) for clause:  advisedby(A, _) :- yearsinprogram(A, year_4).  [covers 12,0/125,0 pos, 0,0/0,0 neg]

% The best node found: advisedby(A, _) :- inphase(A, post_quals).  [covers 26,0/125,0 pos, 0,0/0,0 neg]

% The best node found: advisedby(A, _) :- inphase(A, post_quals).  [covers 26,0/125,0 pos, 0,0/0,0 neg]

% Expanding node at Level 2 with score = -0,012.
% Will extend: advisedby(A, _) :- inphase(A, post_quals).  [covers 26,0/125,0 pos, 0,0/0,0 neg]
Comparing variance: 0.03188524959044948 to score=0.0025 #egs=26.0
Comparing variance: 0.00628834451828367 to score=0.0025 #egs=99.0
%   Creating a TRUE-branch interior node with wgtedCountTrueBranchPos = 26,0
%      addToQueueOfTreeStructuredLearningTasks (level=3; score=-0,031885)
%         ILP node to extend: advisedby(A, _) :- inphase(A, post_quals).  [covers 26,0/125,0 pos, 0,0/0,0 neg]
%      Insert tree-structured search node (@ level = 3 and with score = -0,031885) into position #1 in the search queue (new size=2).
%   Creating a FALSE-branch interior node with wgtedCountFalseBranchPos = 99,0
%      addToQueueOfTreeStructuredLearningTasks (level=3; score=-0,006288)
%         ILP node to extend: null
%      Insert tree-structured search node (@ level = 3 and with score = -0,006288) into the LAST position (#3) in the search queue.

% Time for loop #8: 31 milliseconds.
% Internal node max length = 1
% Max tree depth in lits   = 3
% Max tree depth in nodes  = 3
% Max number of clauses    = 8

% On cycle #8, the best clause found is:
%      advisedby(A, _) :- inphase(A, post_quals).  [covers 26,0/125,0 pos, 0,0/0,0 neg]
% This clause covers 26 positive examples, of which 26 are newly covered.
% It also covers 0 negative examples, of which 0 are newly covered.

% ******************************************

% Have stopped ILP's outer loop because have reached the maximum number of iterations (8).

% ******************************************
Created a leaf under (advisedby(A, B) :- inphase(A, post_quals))
Created a leaf under (advisedby(A, B) :- publication(Anon17755, B))
Created a leaf under (advisedby(A, B) :- inphase(A, post_quals))

%%%%%  WILL-Produced Tree #10 @ 14:10:44 10/20/22.  %%%%%


% FOR advisedby(A, B):
%   if ( hasposition(B, faculty) )
%   then if ( inphase(A, pre_quals) )
%   | then if ( tempadvisedby(C, B) )
%   | | then return 0.41226672438710865;  // std dev = 0,167, 5,000 (wgt'ed) examples reached here.  /* #pos=5 */
%   | | else return 0.19427441252071898;  // std dev = 0,819, 6,000 (wgt'ed) examples reached here.  /* #neg=1 #pos=5 */
%   | else if ( inphase(A, post_quals) )
%   | | then if ( publication(D, B) )
%   | | | then return 0.19704492538393154;  // std dev = 0,963, 32,000 (wgt'ed) examples reached here.  /* #neg=1 #pos=31 */
%   | | | else return -0.03456614786570903;  // std dev = 0,950, 6,000 (wgt'ed) examples reached here.  /* #neg=2 #pos=4 */
%   | | else if ( inphase(A, post_generals) )
%   | | | then return 0.12944348937141362;  // std dev = 1,933, 49,000 (wgt'ed) examples reached here.  /* #neg=4 #pos=45 */
%   | | | else return -0.2948465762808307;  // std dev = 0,615, 16,000 (wgt'ed) examples reached here.  /* #neg=16 */
%   else if ( publication(E, B) )
%   | then return -0.04060523695845768;  // std dev = 0,099, 68,000 (wgt'ed) examples reached here.  /* #neg=64 #pos=4 */
%   | else if ( inphase(A, post_quals) )
%   | | then return -0.025707607404228543;  // std dev = 0,179, 26,000 (wgt'ed) examples reached here.  /* #neg=23 #pos=3 */
%   | | else return -0.08205039613365966;  // std dev = 0,079, 99,000 (wgt'ed) examples reached here.  /* #neg=99 */


% Clauses:

advisedby(A, B, 0.41226672438710865) :- 
     hasposition(B, faculty), 
     inphase(A, pre_quals), 
     tempadvisedby(C, B), 
     !. // Clause #1.

advisedby(A, B, 0.19427441252071898) :- 
     hasposition(B, faculty), 
     inphase(A, pre_quals), 
     !. // Clause #2.

advisedby(A, B, 0.19704492538393154) :- 
     hasposition(B, faculty), 
     inphase(A, post_quals), 
     publication(C, B), 
     !. // Clause #3.

advisedby(A, B, -0.03456614786570903) :- 
     hasposition(B, faculty), 
     inphase(A, post_quals), 
     !. // Clause #4.

advisedby(A, B, 0.12944348937141362) :- 
     hasposition(B, faculty), 
     inphase(A, post_generals), 
     !. // Clause #5.

advisedby(A, B, -0.2948465762808307) :- 
     hasposition(B, faculty), 
     !. // Clause #6.

advisedby(A, B, -0.04060523695845768) :- 
     publication(C, B), 
     !. // Clause #7.

advisedby(A, B, -0.025707607404228543) :- 
     inphase(A, post_quals), 
     !. // Clause #8.

advisedby(A, B, -0.08205039613365966) :- !. // Clause #9.


% The flattened versions of these clauses:

flattened_advisedby(a, b, 0.41226672438710865) :-  /* #pos=5 */ 
   hasposition(b, faculty),
   inphase(a, pre_quals),
   tempadvisedby(underscore, b),
   !. // Flattened version of clause #1.

flattened_advisedby(a, b, 0.19427441252071898) :-  /* #neg=1 #pos=5 */ 
   hasposition(b, faculty),
   inphase(a, pre_quals),
   !. // Flattened version of clause #2.

flattened_advisedby(a, b, 0.19704492538393154) :-  /* #neg=1 #pos=31 */ 
   hasposition(b, faculty),
   inphase(a, post_quals),
   publication(underscore, b),
   !. // Flattened version of clause #3.

flattened_advisedby(a, b, -0.03456614786570903) :-  /* #neg=2 #pos=4 */ 
   hasposition(b, faculty),
   inphase(a, post_quals),
   !. // Flattened version of clause #4.

flattened_advisedby(a, b, 0.12944348937141362) :-  /* #neg=4 #pos=45 */ 
   hasposition(b, faculty),
   inphase(a, post_generals),
   !. // Flattened version of clause #5.

flattened_advisedby(underscore, a, -0.2948465762808307) :-  /* #neg=16 */ 
   hasposition(a, faculty),
   !. // Flattened version of clause #6.

flattened_advisedby(underscore, a, -0.04060523695845768) :-  /* #neg=64 #pos=4 */ 
   publication(underscore, a),
   !. // Flattened version of clause #7.

flattened_advisedby(a, underscore, -0.025707607404228543) :-  /* #neg=23 #pos=3 */ 
   inphase(a, post_quals),
   !. // Flattened version of clause #8.

flattened_advisedby(underscore, underscore, -0.08205039613365966) :-  /* #neg=99 */ 
   !. // Flattened version of clause #9.


% The unique flattened literals:
%   publication(underscore, b)
%   publication(underscore, a)
%   inphase(a, pre_quals)
%   inphase(a, post_quals)
%   tempadvisedby(underscore, b)
%   hasposition(a, faculty)
%   inphase(a, post_generals)
%   hasposition(b, faculty)

% Saving model in: data/uwcse/fold1/train/models/bRDNs/advisedby.model.ckpt
% Saving model in: data/uwcse/fold1/train/models/bRDNs/advisedby.model


%%%%%%%%%%%%%%%%%%%%%%%%%%%%%%%%%%%%%%%%%%%%%%%%%%%%%%%%%%%
%%%%%  Final call for computing score for advisedby.  %%%%%
%%%%%%%%%%%%%%%%%%%%%%%%%%%%%%%%%%%%%%%%%%%%%%%%%%%%%%%%%%%

stepLength_tree1(1.0).
stepLength_tree2(1.0).
stepLength_tree3(1.0).
stepLength_tree4(1.0).
stepLength_tree5(1.0).
stepLength_tree6(1.0).
stepLength_tree7(1.0).
stepLength_tree8(1.0).
stepLength_tree9(1.0).
stepLength_tree10(1.0).

logPrior(-1.8).
advisedby(A, B, Total) :- // A general accessor. 
   advisedby(A, B, 1000000, Total), !.
advisedby(A, B, Total) :- waitHere("This should not fail", advisedby(A, B, Total)).

advisedby(A, B, TreesToUse, Total) :- // A tree-limited accessor (e.g., for tuning the number of trees to use).
   logPrior(LogPrior),
   getScore_advisedby_tree1(A, B, TreesToUse, Total1),
   getScore_advisedby_tree2(A, B, TreesToUse, Total2),
   getScore_advisedby_tree3(A, B, TreesToUse, Total3),
   getScore_advisedby_tree4(A, B, TreesToUse, Total4),
   getScore_advisedby_tree5(A, B, TreesToUse, Total5),
   getScore_advisedby_tree6(A, B, TreesToUse, Total6),
   getScore_advisedby_tree7(A, B, TreesToUse, Total7),
   getScore_advisedby_tree8(A, B, TreesToUse, Total8),
   getScore_advisedby_tree9(A, B, TreesToUse, Total9),
   getScore_advisedby_tree10(A, B, TreesToUse, Total10),
   Total is LogPrior + Total1 + Total2 + Total3 + Total4 + Total5 + Total6 + Total7 + Total8 + Total9 + Total10,
   !.
advisedby(A, B, TreesToUse, Total) :- waitHere("This should not fail", advisedby(A, B, TreesToUse, Total)).

getScore_advisedby_tree1(A, B, TreesToUse, 0.0) :- 1 > TreesToUse, !.
getScore_advisedby_tree1(A, B, TreesToUse, Total1) :- advisedby_tree1(A, B, Total), stepLength_tree1(StepLen), Total1 is Total * StepLen.

getScore_advisedby_tree2(A, B, TreesToUse, 0.0) :- 2 > TreesToUse, !.
getScore_advisedby_tree2(A, B, TreesToUse, Total2) :- advisedby_tree2(A, B, Total), stepLength_tree2(StepLen), Total2 is Total * StepLen.

getScore_advisedby_tree3(A, B, TreesToUse, 0.0) :- 3 > TreesToUse, !.
getScore_advisedby_tree3(A, B, TreesToUse, Total3) :- advisedby_tree3(A, B, Total), stepLength_tree3(StepLen), Total3 is Total * StepLen.

getScore_advisedby_tree4(A, B, TreesToUse, 0.0) :- 4 > TreesToUse, !.
getScore_advisedby_tree4(A, B, TreesToUse, Total4) :- advisedby_tree4(A, B, Total), stepLength_tree4(StepLen), Total4 is Total * StepLen.

getScore_advisedby_tree5(A, B, TreesToUse, 0.0) :- 5 > TreesToUse, !.
getScore_advisedby_tree5(A, B, TreesToUse, Total5) :- advisedby_tree5(A, B, Total), stepLength_tree5(StepLen), Total5 is Total * StepLen.

getScore_advisedby_tree6(A, B, TreesToUse, 0.0) :- 6 > TreesToUse, !.
getScore_advisedby_tree6(A, B, TreesToUse, Total6) :- advisedby_tree6(A, B, Total), stepLength_tree6(StepLen), Total6 is Total * StepLen.

getScore_advisedby_tree7(A, B, TreesToUse, 0.0) :- 7 > TreesToUse, !.
getScore_advisedby_tree7(A, B, TreesToUse, Total7) :- advisedby_tree7(A, B, Total), stepLength_tree7(StepLen), Total7 is Total * StepLen.

getScore_advisedby_tree8(A, B, TreesToUse, 0.0) :- 8 > TreesToUse, !.
getScore_advisedby_tree8(A, B, TreesToUse, Total8) :- advisedby_tree8(A, B, Total), stepLength_tree8(StepLen), Total8 is Total * StepLen.

getScore_advisedby_tree9(A, B, TreesToUse, 0.0) :- 9 > TreesToUse, !.
getScore_advisedby_tree9(A, B, TreesToUse, Total9) :- advisedby_tree9(A, B, Total), stepLength_tree9(StepLen), Total9 is Total * StepLen.

getScore_advisedby_tree10(A, B, TreesToUse, 0.0) :- 10 > TreesToUse, !.
getScore_advisedby_tree10(A, B, TreesToUse, Total10) :- advisedby_tree10(A, B, Total), stepLength_tree10(StepLen), Total10 is Total * StepLen.

flattenedLiteralsInThisSetOfTrees(advisedby, 24, [
   professor(b),
   tempadvisedby(a, underscore),
   hasposition(b, faculty_emeritus),
   courselevel(uniqueVar30, level_500),
   yearsinprogram(a, year_6),
   yearsinprogram(a, year_4),
   yearsinprogram(a, year_3),
   tempadvisedby(underscore, b),
   tempadvisedby(underscore, a),
   yearsinprogram(a, year_5),
   inphase(a, post_generals),
   hasposition(a, faculty_emeritus),
   hasposition(b, faculty),
   student(a),
   publication(underscore, a),
   taughtby(uniqueVar30, a, underscore),
   publication(underscore, b),
   taughtby(underscore, a, underscore),
   inphase(a, pre_quals),
   inphase(a, post_quals),
   yearsinprogram(a, year_1),
   ta(underscore, a, underscore),
   hasposition(a, faculty),
   professor(a)]).
% Time taken to learn model for 'advisedby': 3,521 seconds.
% Saving model in: data/uwcse/fold1/train/models/bRDNs/advisedby.model
cached groundings hit: 0
Misses: 0

% Total learning time (10 trees): 4,396 seconds.

% Starting an INFERENCE run of bRDN.

% Switching to VarIndicator = uppercase.

% Unset'ing VarIndicator.

Resetting the LazyGroundNthArgumentClauseIndex.

% Calling ILPouterLoop from createRegressionOuterLooper.

% getInputArgWithDefaultValue: args=[data/uwcse/fold1/test/test_pos.txt, data/uwcse/fold1/test/test_neg.txt, data/uwcse/fold1/test/test_bk.txt, data/uwcse/fold1/test/test_facts.txt]
%  for N=0: args[N]=data/uwcse/fold1/test/test_pos.txt

% getInputArgWithDefaultValue: args=[data/uwcse/fold1/test/test_pos.txt, data/uwcse/fold1/test/test_neg.txt, data/uwcse/fold1/test/test_bk.txt, data/uwcse/fold1/test/test_facts.txt]
%  for N=1: args[N]=data/uwcse/fold1/test/test_neg.txt

% getInputArgWithDefaultValue: args=[data/uwcse/fold1/test/test_pos.txt, data/uwcse/fold1/test/test_neg.txt, data/uwcse/fold1/test/test_bk.txt, data/uwcse/fold1/test/test_facts.txt]
%  for N=2: args[N]=data/uwcse/fold1/test/test_bk.txt

% getInputArgWithDefaultValue: args=[data/uwcse/fold1/test/test_pos.txt, data/uwcse/fold1/test/test_neg.txt, data/uwcse/fold1/test/test_bk.txt, data/uwcse/fold1/test/test_facts.txt]
%  for N=3: args[N]=data/uwcse/fold1/test/test_facts.txt

% Welcome to the WILL ILP/SRL systems.

% Reading background theory from dir: null

% Switching to VarIndicator = uppercase.

***** Warning: % Since this is the first setting of the notation for variables, will keep:
%   variableIndicator = uppercase *****

% [ LazyGroundClauseIndex ]  Building full index for mode/1 with 1 assertions.

%  Read the facts.
%  Have read 465 facts.
% Have read 16 examples from 'data/uwcse/fold1/test' [data/uwcse/fold1/test/test*].
% Have read 2.385 examples from 'data/uwcse/fold1/test' [data/uwcse/fold1/test/test*].

%  LearnOneClause initialized.

% The outer looper has been created.

% Initializing the ILP inner looper.

% NEW target:                 advisedby(A, B)
%  targetPred:                advisedby/2
%  targetArgTypes:            signature = [const, const], types = [+person, +person]
%  targets:                   [advisedby(A, B)]
%  targetPredicates:          [advisedby/2]
%  targetArgSpecs:            [[A[+person], B[+person]]]
%  variablesInTargets:        [[A, B]]

% Started collecting constants

% Collecting the types of constants.

% Looking at the training examples to see if any types of new constants can be inferred.
% Time to collect constants: 9 milliseconds

% Read 16 pos examples and 2.385 neg examples.
% Time to init learnOneClause: 9 milliseconds
% Old dirdata/uwcse/fold1/train/models/

% Have 16 'raw' positive examples and kept 16.
% Have 2.385 'raw' negative examples and kept 2.385.

% processing backup's for advisedby
%  POS EX = 16
%  NEG EX = 2.385

% Memory usage by WILLSetup (just counts # targets?):
%  |backupPosExamples| = 1
%  |backupNegExamples| = 1
%  |predicatesAsFacts| = 0
%  |addedToFactBase|   = 0

% Getting bRDN's target predicates.
% Did not learn a model for 'advisedby' this run.
%   loadModel (#0): data/uwcse/fold1/train/models/bRDNs/Trees/advisedbyTree0.tree
%   loadModel (#1): data/uwcse/fold1/train/models/bRDNs/Trees/advisedbyTree1.tree
%   loadModel (#2): data/uwcse/fold1/train/models/bRDNs/Trees/advisedbyTree2.tree
%   loadModel (#3): data/uwcse/fold1/train/models/bRDNs/Trees/advisedbyTree3.tree
%   loadModel (#4): data/uwcse/fold1/train/models/bRDNs/Trees/advisedbyTree4.tree
%   loadModel (#5): data/uwcse/fold1/train/models/bRDNs/Trees/advisedbyTree5.tree
%   loadModel (#6): data/uwcse/fold1/train/models/bRDNs/Trees/advisedbyTree6.tree
%   loadModel (#7): data/uwcse/fold1/train/models/bRDNs/Trees/advisedbyTree7.tree
%   loadModel (#8): data/uwcse/fold1/train/models/bRDNs/Trees/advisedbyTree8.tree
%   loadModel (#9): data/uwcse/fold1/train/models/bRDNs/Trees/advisedbyTree9.tree
%  Done loading 10 models.

% for advisedby |lookupPos| = 16
% for advisedby |lookupNeg| = 2.385
% getJointExamples: |pos| = 16, |neg| = 2.385

% Starting inference in bRDN.
% Trees = 10

% Starting getMarginalProbabilities.
% [ LazyGroundClauseIndex ]  Building full index for hasposition/2 with 9 assertions.
% [ LazyGroundClauseIndex ]  Building full index for student/1 with 36 assertions.
% [ LazyGroundNthArgumentClauseIndex ]  Argument 1:  Building full index for publication/2.
% [ LazyGroundClauseIndex ]  Building full index for inphase/2 with 21 assertions.
% [ LazyGroundClauseIndex ]  Building full index for professor/1 with 13 assertions.
% [ LazyGroundNthArgumentClauseIndex ]  Argument 0:  Building full index for tempadvisedby/2.
% [ LazyGroundClauseIndex ]  Building full index for yearsinprogram/2 with 21 assertions.
% [ LazyGroundNthArgumentClauseIndex ]  Argument 1:  Building full index for ta/3.
% [ LazyGroundNthArgumentClauseIndex ]  Argument 1:  Building full index for tempadvisedby/2.
% [ LazyGroundNthArgumentClauseIndex ]  Argument 1:  Building full index for taughtby/3.
% [ LazyGroundClauseIndex ]  Building full index for courselevel/2 with 28 assertions.
 (Arithmetic) Mean Probability Assigned to Correct Output Class: 2.099,017/2.401,00 = 0,874226

 The weighted count of positive examples = 16,000 and the weighted count of negative examples = 2.385,000

printExamples: Writing out predictions (for Tuffy?) on 2.401 examples for 'advisedby' to:
  data/uwcse/fold1/test/results_advisedby.db
 and to:
  data/uwcse/fold1/test/query_advisedby.db

% Computing Area Under Curves.
%Pos=16
%Neg=2385
%LL:-6.159155850802127
%LL:-406.8776927832768
Best F1 = 1.0
% F1 = 1.0
% Threshold = 0.42256284773249847

%   AUC ROC   = 0,969405
%   AUC PR    = 0,146474
%   CLL	      = -0,169462
%   Precision = 0,104000 at threshold = 0,500
%   Recall    = 0,812500
%   F1        = 0,184397

% Total inference time (10 trees): 996 milliseconds.
]]></system-out>
  <system-err><![CDATA[]]></system-err>
</testsuite>
